{"timestamp":"2026-06-28T05:44:02.984243Z","level":"info","event":"::group::Pre Execute","logger":"task","filename":"task_runner.py","lineno":1926}
{"timestamp":"2026-06-28T05:44:16.556242Z","level":"warning","event":"section/key [openlineage/namespace] not found in config","logger":"airflow.sdk._shared.configuration.parser","ti_id":"019f0cc1-7b6d-75a5-a085-3288e1953db8","run_id":"scheduled__2026-06-28T00:00:00+00:00","task_id":"seed_movie_release_dates_seed","map_index":-1,"try_number":1,"dag_id":"netflix_dbt_build","filename":"parser.py","lineno":1361}
{"timestamp":"2026-06-28T05:44:16.809903Z","level":"warning","event":"airflow.exceptions.AirflowSkipException is deprecated and will be removed in a future version. Use airflow.sdk.exceptions.AirflowSkipException instead.","category":"DeprecatedImportWarning","filename":"/home/airflow/.local/lib/python3.12/site-packages/cosmos/operators/local.py","lineno":19,"ti_id":"019f0cc1-7b6d-75a5-a085-3288e1953db8","run_id":"scheduled__2026-06-28T00:00:00+00:00","task_id":"seed_movie_release_dates_seed","map_index":-1,"try_number":1,"dag_id":"netflix_dbt_build","logger":"py.warnings"}
{"timestamp":"2026-06-28T05:44:20.531465Z","level":"info","event":"DAG bundles loaded: dags-folder, example_dags","ti_id":"019f0cc1-7b6d-75a5-a085-3288e1953db8","run_id":"scheduled__2026-06-28T00:00:00+00:00","task_id":"seed_movie_release_dates_seed","map_index":-1,"try_number":1,"dag_id":"netflix_dbt_build","logger":"airflow.dag_processing.bundles.manager.DagBundlesManager","filename":"manager.py","lineno":209}
{"timestamp":"2026-06-28T05:44:20.576318Z","level":"info","event":"Filling up the DagBag from /opt/airflow/dags/netflix_dbt_build.py","ti_id":"019f0cc1-7b6d-75a5-a085-3288e1953db8","run_id":"scheduled__2026-06-28T00:00:00+00:00","task_id":"seed_movie_release_dates_seed","map_index":-1,"try_number":1,"dag_id":"netflix_dbt_build","logger":"airflow.dag_processing.dagbag.BundleDagBag","filename":"dagbag.py","lineno":469}
{"timestamp":"2026-06-28T05:44:21.157079Z","level":"info","event":"::group::Cosmos DAG parsing logs","logger":"cosmos.converter","ti_id":"019f0cc1-7b6d-75a5-a085-3288e1953db8","run_id":"scheduled__2026-06-28T00:00:00+00:00","task_id":"seed_movie_release_dates_seed","map_index":-1,"try_number":1,"dag_id":"netflix_dbt_build","filename":"converter.py","lineno":293}
{"timestamp":"2026-06-28T05:44:21.168226Z","level":"info","event":"Trying to parse the dbt project using dbt ls cache cosmos_cache__netflix_dbt_build...","logger":"cosmos.dbt.graph","ti_id":"019f0cc1-7b6d-75a5-a085-3288e1953db8","run_id":"scheduled__2026-06-28T00:00:00+00:00","task_id":"seed_movie_release_dates_seed","map_index":-1,"try_number":1,"dag_id":"netflix_dbt_build","filename":"graph.py","lineno":781}
{"timestamp":"2026-06-28T05:44:25.582956Z","level":"info","event":"Cosmos performance: time to calculate cache identifier cosmos_cache__netflix_dbt_build for current version: 4.292056942000045","logger":"cosmos.cache","ti_id":"019f0cc1-7b6d-75a5-a085-3288e1953db8","run_id":"scheduled__2026-06-28T00:00:00+00:00","task_id":"seed_movie_release_dates_seed","map_index":-1,"try_number":1,"dag_id":"netflix_dbt_build","filename":"cache.py","lineno":333}
{"timestamp":"2026-06-28T05:44:25.584753Z","level":"info","event":"Cosmos performance [a4a7e12592be|197]: The cache size for cosmos_cache__netflix_dbt_build is 24254","logger":"cosmos.dbt.graph","ti_id":"019f0cc1-7b6d-75a5-a085-3288e1953db8","run_id":"scheduled__2026-06-28T00:00:00+00:00","task_id":"seed_movie_release_dates_seed","map_index":-1,"try_number":1,"dag_id":"netflix_dbt_build","filename":"graph.py","lineno":798}
{"timestamp":"2026-06-28T05:44:25.590382Z","level":"info","event":"Cosmos performance: Cache hit for cosmos_cache__netflix_dbt_build - eb77c64bfed2631164d8b9a9a4890ed2,d41d8cd98f00b204e9800998ecf8427e","logger":"cosmos.dbt.graph","ti_id":"019f0cc1-7b6d-75a5-a085-3288e1953db8","run_id":"scheduled__2026-06-28T00:00:00+00:00","task_id":"seed_movie_release_dates_seed","map_index":-1,"try_number":1,"dag_id":"netflix_dbt_build","filename":"graph.py","lineno":806}
{"timestamp":"2026-06-28T05:44:25.606758Z","level":"info","event":"Total nodes: 29","logger":"cosmos.dbt.graph","ti_id":"019f0cc1-7b6d-75a5-a085-3288e1953db8","run_id":"scheduled__2026-06-28T00:00:00+00:00","task_id":"seed_movie_release_dates_seed","map_index":-1,"try_number":1,"dag_id":"netflix_dbt_build","filename":"graph.py","lineno":711}
{"timestamp":"2026-06-28T05:44:25.607267Z","level":"info","event":"Total filtered nodes: 29","logger":"cosmos.dbt.graph","ti_id":"019f0cc1-7b6d-75a5-a085-3288e1953db8","run_id":"scheduled__2026-06-28T00:00:00+00:00","task_id":"seed_movie_release_dates_seed","map_index":-1,"try_number":1,"dag_id":"netflix_dbt_build","filename":"graph.py","lineno":712}
{"timestamp":"2026-06-28T05:44:29.232959Z","level":"info","event":"Cosmos performance (netflix_dbt_build) -  [a4a7e12592be|197]: It took 8.07s to parse the dbt project for DAG using LoadMode.DBT_LS_CACHE","logger":"cosmos.converter","ti_id":"019f0cc1-7b6d-75a5-a085-3288e1953db8","run_id":"scheduled__2026-06-28T00:00:00+00:00","task_id":"seed_movie_release_dates_seed","map_index":-1,"try_number":1,"dag_id":"netflix_dbt_build","filename":"converter.py","lineno":340}
{"timestamp":"2026-06-28T05:44:30.980786Z","level":"info","event":"Cosmos performance (netflix_dbt_build) - [a4a7e12592be|197]: It took 1.75s to build the Airflow DAG.","logger":"cosmos.converter","ti_id":"019f0cc1-7b6d-75a5-a085-3288e1953db8","run_id":"scheduled__2026-06-28T00:00:00+00:00","task_id":"seed_movie_release_dates_seed","map_index":-1,"try_number":1,"dag_id":"netflix_dbt_build","filename":"converter.py","lineno":387}
{"timestamp":"2026-06-28T05:44:30.981078Z","level":"info","event":"::endgroup::Cosmos DAG parsing logs","logger":"cosmos.converter","ti_id":"019f0cc1-7b6d-75a5-a085-3288e1953db8","run_id":"scheduled__2026-06-28T00:00:00+00:00","task_id":"seed_movie_release_dates_seed","map_index":-1,"try_number":1,"dag_id":"netflix_dbt_build","filename":"converter.py","lineno":390}
{"timestamp":"2026-06-28T05:44:31.006608Z","level":"warning","event":"The `airflow.models.baseoperator.chain` attribute is deprecated. Please use `'airflow.sdk.bases.operator.chain'`.","category":"UserWarning","filename":"/opt/airflow/dags/netflix_dbt_build.py","lineno":3,"ti_id":"019f0cc1-7b6d-75a5-a085-3288e1953db8","run_id":"scheduled__2026-06-28T00:00:00+00:00","task_id":"seed_movie_release_dates_seed","map_index":-1,"try_number":1,"dag_id":"netflix_dbt_build","logger":"py.warnings"}
{"timestamp":"2026-06-28T05:44:31.006925Z","level":"warning","event":"Import 'DAG' directly from the airflow module is deprecated and will be removed in the future. Please import it from 'airflow.sdk'.","category":"UserWarning","filename":"/home/airflow/.local/lib/python3.12/site-packages/cosmos/airflow/dag.py","lineno":9,"ti_id":"019f0cc1-7b6d-75a5-a085-3288e1953db8","run_id":"scheduled__2026-06-28T00:00:00+00:00","task_id":"seed_movie_release_dates_seed","map_index":-1,"try_number":1,"dag_id":"netflix_dbt_build","logger":"py.warnings"}
{"timestamp":"2026-06-28T05:44:31.007138Z","level":"warning","event":"Using Variable.get from `airflow.models` is deprecated.Please use `get` on Variable from sdk(`airflow.sdk.Variable`) instead","category":"UserWarning","filename":"/home/airflow/.local/lib/python3.12/site-packages/airflow/models/variable.py","lineno":159,"ti_id":"019f0cc1-7b6d-75a5-a085-3288e1953db8","run_id":"scheduled__2026-06-28T00:00:00+00:00","task_id":"seed_movie_release_dates_seed","map_index":-1,"try_number":1,"dag_id":"netflix_dbt_build","logger":"py.warnings"}
{"timestamp":"2026-06-28T05:44:31.465689Z","level":"info","event":"Task instance is in running state","logger":"task.stdout"}
{"timestamp":"2026-06-28T05:44:31.466696Z","level":"info","event":" Previous state of the Task instance: TaskInstanceState.QUEUED","logger":"task.stdout"}
{"timestamp":"2026-06-28T05:44:31.467600Z","level":"info","event":"Current task name:seed_movie_release_dates_seed","logger":"task.stdout"}
{"timestamp":"2026-06-28T05:44:31.469115Z","level":"info","event":"Dag name:netflix_dbt_build","logger":"task.stdout"}
{"timestamp":"2026-06-28T05:44:31.459491Z","level":"info","event":"::endgroup::","ti_id":"019f0cc1-7b6d-75a5-a085-3288e1953db8","run_id":"scheduled__2026-06-28T00:00:00+00:00","task_id":"seed_movie_release_dates_seed","map_index":-1,"try_number":1,"dag_id":"netflix_dbt_build","logger":"task","filename":"task_runner.py","lineno":1727}
{"timestamp":"2026-06-28T05:44:55.470523Z","level":"info","event":"dbtRunner is available. Using dbtRunner for invoking dbt.","logger":"cosmos.operators.local","ti_id":"019f0cc1-7b6d-75a5-a085-3288e1953db8","run_id":"scheduled__2026-06-28T00:00:00+00:00","task_id":"seed_movie_release_dates_seed","map_index":-1,"try_number":1,"dag_id":"netflix_dbt_build","filename":"local.py","lineno":269}
{"timestamp":"2026-06-28T05:44:55.486412Z","level":"info","event":"Cloning project to writable temp directory /tmp/tmpklxa4001 from /opt/airflow/dbt/netflix","logger":"cosmos.operators.local","ti_id":"019f0cc1-7b6d-75a5-a085-3288e1953db8","run_id":"scheduled__2026-06-28T00:00:00+00:00","task_id":"seed_movie_release_dates_seed","map_index":-1,"try_number":1,"dag_id":"netflix_dbt_build","filename":"local.py","lineno":494}
{"timestamp":"2026-06-28T05:44:55.562665Z","level":"info","event":"Partial parse is enabled and the latest partial parse file is /opt/airflow/dbt/netflix/target/partial_parse.msgpack","logger":"cosmos.operators.local","ti_id":"019f0cc1-7b6d-75a5-a085-3288e1953db8","run_id":"scheduled__2026-06-28T00:00:00+00:00","task_id":"seed_movie_release_dates_seed","map_index":-1,"try_number":1,"dag_id":"netflix_dbt_build","filename":"local.py","lineno":514}
{"timestamp":"2026-06-28T05:44:55.896754Z","level":"info","event":"Profile caching is enable.","logger":"cosmos.config","ti_id":"019f0cc1-7b6d-75a5-a085-3288e1953db8","run_id":"scheduled__2026-06-28T00:00:00+00:00","task_id":"seed_movie_release_dates_seed","map_index":-1,"try_number":1,"dag_id":"netflix_dbt_build","filename":"config.py","lineno":382}
{"timestamp":"2026-06-28T05:44:56.311711Z","level":"info","event":"Using real values for profile netflix","logger":"cosmos.profiles.base","ti_id":"019f0cc1-7b6d-75a5-a085-3288e1953db8","run_id":"scheduled__2026-06-28T00:00:00+00:00","task_id":"seed_movie_release_dates_seed","map_index":-1,"try_number":1,"dag_id":"netflix_dbt_build","filename":"base.py","lineno":259}
{"timestamp":"2026-06-28T05:44:56.339659Z","level":"info","event":"Profile not found in cache storing and using profile: /tmp/cosmos/profile/f1d9fdbb1a43b4d6303bffc9280335c75387554b4de9226700e70e3cddda25fc/profiles.yml.","logger":"cosmos.config","ti_id":"019f0cc1-7b6d-75a5-a085-3288e1953db8","run_id":"scheduled__2026-06-28T00:00:00+00:00","task_id":"seed_movie_release_dates_seed","map_index":-1,"try_number":1,"dag_id":"netflix_dbt_build","filename":"config.py","lineno":369}
{"timestamp":"2026-06-28T05:44:56.382663Z","level":"info","event":"Trying to run dbtRunner with:\n ['deps', '--project-dir', '/tmp/tmpklxa4001', '--profiles-dir', '/tmp/cosmos/profile/f1d9fdbb1a43b4d6303bffc9280335c75387554b4de9226700e70e3cddda25fc', '--profile', 'netflix', '--target', 'dev', '--no-static-parser']\n in /tmp/tmpklxa4001","logger":"cosmos.dbt.runner","ti_id":"019f0cc1-7b6d-75a5-a085-3288e1953db8","run_id":"scheduled__2026-06-28T00:00:00+00:00","task_id":"seed_movie_release_dates_seed","map_index":-1,"try_number":1,"dag_id":"netflix_dbt_build","filename":"runner.py","lineno":98}
{"timestamp":"2026-06-28T05:44:58.129919Z","level":"info","event":"\u001b[0m05:44:58  Running with dbt=1.11.11","logger":"task.stdout"}
{"timestamp":"2026-06-28T05:45:03.579652Z","level":"info","event":"\u001b[0m05:45:03  Installing dbt-labs/dbt_utils","logger":"task.stdout"}
{"timestamp":"2026-06-28T05:45:05.770086Z","level":"info","event":"\u001b[0m05:45:05  Installed from version 1.4.0","logger":"task.stdout"}
{"timestamp":"2026-06-28T05:45:05.778078Z","level":"info","event":"\u001b[0m05:45:05  Up to date!","logger":"task.stdout"}
{"timestamp":"2026-06-28T05:45:07.300156Z","level":"info","event":"Trying to run dbtRunner with:\n ['seed', '--select', 'fqn:netflix.seed_movie_release_dates', '--project-dir', '/tmp/tmpklxa4001', '--profiles-dir', '/tmp/cosmos/profile/f1d9fdbb1a43b4d6303bffc9280335c75387554b4de9226700e70e3cddda25fc', '--profile', 'netflix', '--target', 'dev', '--no-static-parser']\n in /tmp/tmpklxa4001","logger":"cosmos.dbt.runner","ti_id":"019f0cc1-7b6d-75a5-a085-3288e1953db8","run_id":"scheduled__2026-06-28T00:00:00+00:00","task_id":"seed_movie_release_dates_seed","map_index":-1,"try_number":1,"dag_id":"netflix_dbt_build","filename":"runner.py","lineno":98}
{"timestamp":"2026-06-28T05:45:07.422131Z","level":"info","event":"\u001b[0m05:45:07  Running with dbt=1.11.11","logger":"task.stdout"}
{"timestamp":"2026-06-28T05:45:08.488132Z","level":"warning","event":"urllib3 (2.5.0) or chardet (6.0.0.post1)/charset_normalizer (3.4.7) doesn't match a supported version!","category":"RequestsDependencyWarning","filename":"/home/airflow/.local/lib/python3.12/site-packages/snowflake/connector/vendored/requests/__init__.py","lineno":113,"ti_id":"019f0cc1-7b6d-75a5-a085-3288e1953db8","run_id":"scheduled__2026-06-28T00:00:00+00:00","task_id":"seed_movie_release_dates_seed","map_index":-1,"try_number":1,"dag_id":"netflix_dbt_build","logger":"py.warnings"}
{"timestamp":"2026-06-28T05:45:13.834117Z","level":"info","event":"\u001b[0m05:45:13  Registered adapter: snowflake=1.8.4","logger":"task.stdout"}
{"timestamp":"2026-06-28T05:45:22.603892Z","level":"info","event":"\u001b[0m05:45:22  Unable to do partial parsing because config vars, config profile, or config target have changed","logger":"task.stdout"}
{"timestamp":"2026-06-28T05:45:22.614398Z","level":"info","event":"\u001b[0m05:45:22  Unable to do partial parsing because profile has changed","logger":"task.stdout"}
{"timestamp":"2026-06-28T05:45:57.505021Z","level":"info","event":"\u001b[0m05:45:57  [\u001b[33mWARNING\u001b[0m][MissingArgumentsPropertyInGenericTestDeprecation]: Deprecated","logger":"task.stdout"}
{"timestamp":"2026-06-28T05:45:57.517829Z","level":"info","event":"functionality","logger":"task.stdout"}
{"timestamp":"2026-06-28T05:45:57.522406Z","level":"info","event":"Found top-level arguments to test `relationships` defined on 'fct_ratings' in","logger":"task.stdout"}
{"timestamp":"2026-06-28T05:45:57.529052Z","level":"info","event":"package 'netflix' (models/schema.yml). Arguments to generic tests should be","logger":"task.stdout"}
{"timestamp":"2026-06-28T05:45:57.530874Z","level":"info","event":"nested under the `arguments` property.","logger":"task.stdout"}
{"timestamp":"2026-06-28T05:46:03.454044Z","level":"info","event":"\u001b[0m05:46:03  Found 13 models, 1 snapshot, 13 data tests, 1 seed, 1 source, 620 macros","logger":"task.stdout"}
{"timestamp":"2026-06-28T05:46:03.493848Z","level":"info","event":"\u001b[0m05:46:03","logger":"task.stdout"}
{"timestamp":"2026-06-28T05:46:03.498159Z","level":"info","event":"\u001b[0m05:46:03  Concurrency: 4 threads (target='dev')","logger":"task.stdout"}
{"timestamp":"2026-06-28T05:46:03.498957Z","level":"info","event":"\u001b[0m05:46:03","logger":"task.stdout"}
{"timestamp":"2026-06-28T05:46:03.672131Z","level":"info","event":"Snowflake Connector for Python Version: 3.18.0, Python Version: 3.12.13, Platform: Linux-6.18.33.1-microsoft-standard-WSL2-x86_64-with-glibc2.36","logger":"snowflake.connector.connection","filename":"connection.py","lineno":521}
{"timestamp":"2026-06-28T05:46:03.678724Z","level":"info","event":"Connecting to GLOBAL Snowflake domain","logger":"snowflake.connector.connection","filename":"connection.py","lineno":1464}
{"timestamp":"2026-06-28T05:46:23.749942Z","level":"info","event":"Snowflake Connector for Python Version: 3.18.0, Python Version: 3.12.13, Platform: Linux-6.18.33.1-microsoft-standard-WSL2-x86_64-with-glibc2.36","logger":"snowflake.connector.connection","filename":"connection.py","lineno":521}
{"timestamp":"2026-06-28T05:46:23.754800Z","level":"info","event":"Connecting to GLOBAL Snowflake domain","logger":"snowflake.connector.connection","filename":"connection.py","lineno":1464}
{"timestamp":"2026-06-28T05:46:23.778273Z","level":"info","event":"Snowflake Connector for Python Version: 3.18.0, Python Version: 3.12.13, Platform: Linux-6.18.33.1-microsoft-standard-WSL2-x86_64-with-glibc2.36","logger":"snowflake.connector.connection","filename":"connection.py","lineno":521}
{"timestamp":"2026-06-28T05:46:23.778818Z","level":"info","event":"Connecting to GLOBAL Snowflake domain","logger":"snowflake.connector.connection","filename":"connection.py","lineno":1464}
{"timestamp":"2026-06-28T05:46:26.032586Z","level":"info","event":"\u001b[0m05:46:26  1 of 1 START seed file DEV.seed_movie_release_dates ............................ [RUN]","logger":"task.stdout"}
{"timestamp":"2026-06-28T05:46:26.478220Z","level":"info","event":"Snowflake Connector for Python Version: 3.18.0, Python Version: 3.12.13, Platform: Linux-6.18.33.1-microsoft-standard-WSL2-x86_64-with-glibc2.36","logger":"snowflake.connector.connection","filename":"connection.py","lineno":521}
{"timestamp":"2026-06-28T05:46:26.500228Z","level":"info","event":"Connecting to GLOBAL Snowflake domain","logger":"snowflake.connector.connection","filename":"connection.py","lineno":1464}
{"timestamp":"2026-06-28T05:46:30.650508Z","level":"info","event":"\u001b[0m05:46:30  1 of 1 OK loaded seed file DEV.seed_movie_release_dates ........................ [\u001b[32mINSERT 5\u001b[0m in 4.55s]","logger":"task.stdout"}
{"timestamp":"2026-06-28T05:46:30.672623Z","level":"info","event":"\u001b[0m05:46:30","logger":"task.stdout"}
{"timestamp":"2026-06-28T05:46:30.677281Z","level":"info","event":"\u001b[0m05:46:30  Finished running 1 seed in 0 hours 0 minutes and 27.17 seconds (27.17s).","logger":"task.stdout"}
{"timestamp":"2026-06-28T05:46:31.303556Z","level":"info","event":"\u001b[0m05:46:31","logger":"task.stdout"}
{"timestamp":"2026-06-28T05:46:31.324166Z","level":"info","event":"\u001b[0m05:46:31  \u001b[32mCompleted successfully\u001b[0m","logger":"task.stdout"}
{"timestamp":"2026-06-28T05:46:31.325191Z","level":"info","event":"\u001b[0m05:46:31","logger":"task.stdout"}
{"timestamp":"2026-06-28T05:46:31.325852Z","level":"info","event":"\u001b[0m05:46:31  Done. PASS=1 WARN=0 ERROR=0 SKIP=0 NO-OP=0 TOTAL=1","logger":"task.stdout"}
{"timestamp":"2026-06-28T05:46:31.326860Z","level":"info","event":"\u001b[0m05:46:31  [\u001b[33mWARNING\u001b[0m][DeprecationsSummary]: Deprecated functionality","logger":"task.stdout"}
{"timestamp":"2026-06-28T05:46:31.327502Z","level":"info","event":"Summary of encountered deprecations:","logger":"task.stdout"}
{"timestamp":"2026-06-28T05:46:31.328123Z","level":"info","event":"- MissingArgumentsPropertyInGenericTestDeprecation: 1 occurrence","logger":"task.stdout"}
{"timestamp":"2026-06-28T05:46:31.333500Z","level":"info","event":"To see all deprecation instances instead of just the first occurrence of each,","logger":"task.stdout"}
{"timestamp":"2026-06-28T05:46:31.334894Z","level":"info","event":"run command again with the `--show-all-deprecations` flag. You may also need to","logger":"task.stdout"}
{"timestamp":"2026-06-28T05:46:31.336495Z","level":"info","event":"run with `--no-partial-parse` as some deprecations are only encountered during","logger":"task.stdout"}
{"timestamp":"2026-06-28T05:46:31.337604Z","level":"info","event":"parsing.","logger":"task.stdout"}
{"timestamp":"2026-06-28T05:46:32.980742Z","level":"info","event":"Inlets: []","logger":"cosmos.operators.local","ti_id":"019f0cc1-7b6d-75a5-a085-3288e1953db8","run_id":"scheduled__2026-06-28T00:00:00+00:00","task_id":"seed_movie_release_dates_seed","map_index":-1,"try_number":1,"dag_id":"netflix_dbt_build","filename":"local.py","lineno":571}
{"timestamp":"2026-06-28T05:46:32.982531Z","level":"info","event":"Outlets: []","logger":"cosmos.operators.local","ti_id":"019f0cc1-7b6d-75a5-a085-3288e1953db8","run_id":"scheduled__2026-06-28T00:00:00+00:00","task_id":"seed_movie_release_dates_seed","map_index":-1,"try_number":1,"dag_id":"netflix_dbt_build","filename":"local.py","lineno":572}
{"timestamp":"2026-06-28T05:46:32.985749Z","level":"info","event":"Assigning outlets with DatasetAlias in Airflow 3","logger":"cosmos.operators.local","ti_id":"019f0cc1-7b6d-75a5-a085-3288e1953db8","run_id":"scheduled__2026-06-28T00:00:00+00:00","task_id":"seed_movie_release_dates_seed","map_index":-1,"try_number":1,"dag_id":"netflix_dbt_build","filename":"local.py","lineno":823}
{"timestamp":"2026-06-28T05:46:33.069494Z","level":"info","event":"::group::Post Execute","ti_id":"019f0cc1-7b6d-75a5-a085-3288e1953db8","run_id":"scheduled__2026-06-28T00:00:00+00:00","task_id":"seed_movie_release_dates_seed","map_index":-1,"try_number":1,"dag_id":"netflix_dbt_build","logger":"task","filename":"task_runner.py","lineno":1288}
{"timestamp":"2026-06-28T05:46:35.338897Z","level":"info","event":"Task instance in success state","logger":"task.stdout"}
{"timestamp":"2026-06-28T05:46:35.343063Z","level":"info","event":" Previous state of the Task instance: TaskInstanceState.RUNNING","logger":"task.stdout"}
{"timestamp":"2026-06-28T05:46:35.369176Z","level":"info","event":"Task operator:<Task(DbtSeedLocalOperator): seed_movie_release_dates_seed>","logger":"task.stdout"}
{"timestamp":"2026-06-28T05:46:35.366486Z","level":"info","event":"::endgroup::","ti_id":"019f0cc1-7b6d-75a5-a085-3288e1953db8","run_id":"scheduled__2026-06-28T00:00:00+00:00","task_id":"seed_movie_release_dates_seed","map_index":-1,"try_number":1,"dag_id":"netflix_dbt_build","logger":"task","filename":"task_runner.py","lineno":1896}
