{"timestamp":"2026-06-27T03:16:14.306016Z","level":"info","event":"::group::Pre Execute","logger":"task","filename":"task_runner.py","lineno":1926}
{"timestamp":"2026-06-27T03:16:15.670444Z","level":"warning","event":"section/key [openlineage/namespace] not found in config","logger":"airflow.sdk._shared.configuration.parser","dag_id":"netflix_dbt_pipeline","ti_id":"019f0713-e7de-7afe-937c-565d5fc1a675","run_id":"manual__2026-06-27T03:12:59.853585+00:00","map_index":-1,"task_id":"netflix_models.src_genome_scores_run","try_number":2,"filename":"parser.py","lineno":1361}
{"timestamp":"2026-06-27T03:16:15.691179Z","level":"warning","event":"airflow.exceptions.AirflowSkipException is deprecated and will be removed in a future version. Use airflow.sdk.exceptions.AirflowSkipException instead.","category":"DeprecatedImportWarning","filename":"/home/airflow/.local/lib/python3.12/site-packages/cosmos/operators/local.py","lineno":19,"dag_id":"netflix_dbt_pipeline","ti_id":"019f0713-e7de-7afe-937c-565d5fc1a675","run_id":"manual__2026-06-27T03:12:59.853585+00:00","map_index":-1,"task_id":"netflix_models.src_genome_scores_run","try_number":2,"logger":"py.warnings"}
{"timestamp":"2026-06-27T03:16:16.136003Z","level":"info","event":"DAG bundles loaded: dags-folder, example_dags","dag_id":"netflix_dbt_pipeline","ti_id":"019f0713-e7de-7afe-937c-565d5fc1a675","run_id":"manual__2026-06-27T03:12:59.853585+00:00","map_index":-1,"task_id":"netflix_models.src_genome_scores_run","try_number":2,"logger":"airflow.dag_processing.bundles.manager.DagBundlesManager","filename":"manager.py","lineno":209}
{"timestamp":"2026-06-27T03:16:16.141792Z","level":"info","event":"Filling up the DagBag from /opt/airflow/dags/netflix_dbt_dag.py","dag_id":"netflix_dbt_pipeline","ti_id":"019f0713-e7de-7afe-937c-565d5fc1a675","run_id":"manual__2026-06-27T03:12:59.853585+00:00","map_index":-1,"task_id":"netflix_models.src_genome_scores_run","try_number":2,"logger":"airflow.dag_processing.dagbag.BundleDagBag","filename":"dagbag.py","lineno":469}
{"timestamp":"2026-06-27T03:16:16.664153Z","level":"info","event":"::group::Cosmos DAG parsing logs","logger":"cosmos.converter","dag_id":"netflix_dbt_pipeline","ti_id":"019f0713-e7de-7afe-937c-565d5fc1a675","run_id":"manual__2026-06-27T03:12:59.853585+00:00","map_index":-1,"task_id":"netflix_models.src_genome_scores_run","try_number":2,"filename":"converter.py","lineno":293}
{"timestamp":"2026-06-27T03:16:16.675431Z","level":"info","event":"Trying to parse the dbt project using dbt ls cache cosmos_cache__netflix_dbt_pipeline__netflix_models...","logger":"cosmos.dbt.graph","dag_id":"netflix_dbt_pipeline","ti_id":"019f0713-e7de-7afe-937c-565d5fc1a675","run_id":"manual__2026-06-27T03:12:59.853585+00:00","map_index":-1,"task_id":"netflix_models.src_genome_scores_run","try_number":2,"filename":"graph.py","lineno":781}
{"timestamp":"2026-06-27T03:16:18.319029Z","level":"info","event":"Cosmos performance: time to calculate cache identifier cosmos_cache__netflix_dbt_pipeline__netflix_models for current version: 1.6172961839984055","logger":"cosmos.cache","dag_id":"netflix_dbt_pipeline","ti_id":"019f0713-e7de-7afe-937c-565d5fc1a675","run_id":"manual__2026-06-27T03:12:59.853585+00:00","map_index":-1,"task_id":"netflix_models.src_genome_scores_run","try_number":2,"filename":"cache.py","lineno":333}
{"timestamp":"2026-06-27T03:16:18.319312Z","level":"info","event":"Cosmos performance [012d72c8b52a|332]: The cache size for cosmos_cache__netflix_dbt_pipeline__netflix_models is 24254","logger":"cosmos.dbt.graph","dag_id":"netflix_dbt_pipeline","ti_id":"019f0713-e7de-7afe-937c-565d5fc1a675","run_id":"manual__2026-06-27T03:12:59.853585+00:00","map_index":-1,"task_id":"netflix_models.src_genome_scores_run","try_number":2,"filename":"graph.py","lineno":798}
{"timestamp":"2026-06-27T03:16:18.320986Z","level":"info","event":"Cosmos performance: Cache hit for cosmos_cache__netflix_dbt_pipeline__netflix_models - eb77c64bfed2631164d8b9a9a4890ed2,d41d8cd98f00b204e9800998ecf8427e","logger":"cosmos.dbt.graph","dag_id":"netflix_dbt_pipeline","ti_id":"019f0713-e7de-7afe-937c-565d5fc1a675","run_id":"manual__2026-06-27T03:12:59.853585+00:00","map_index":-1,"task_id":"netflix_models.src_genome_scores_run","try_number":2,"filename":"graph.py","lineno":806}
{"timestamp":"2026-06-27T03:16:18.332963Z","level":"info","event":"Total nodes: 29","logger":"cosmos.dbt.graph","dag_id":"netflix_dbt_pipeline","ti_id":"019f0713-e7de-7afe-937c-565d5fc1a675","run_id":"manual__2026-06-27T03:12:59.853585+00:00","map_index":-1,"task_id":"netflix_models.src_genome_scores_run","try_number":2,"filename":"graph.py","lineno":711}
{"timestamp":"2026-06-27T03:16:18.333646Z","level":"info","event":"Total filtered nodes: 29","logger":"cosmos.dbt.graph","dag_id":"netflix_dbt_pipeline","ti_id":"019f0713-e7de-7afe-937c-565d5fc1a675","run_id":"manual__2026-06-27T03:12:59.853585+00:00","map_index":-1,"task_id":"netflix_models.src_genome_scores_run","try_number":2,"filename":"graph.py","lineno":712}
{"timestamp":"2026-06-27T03:16:18.339837Z","level":"info","event":"Cosmos performance (netflix_dbt_pipeline__netflix_models) -  [012d72c8b52a|332]: It took 1.67s to parse the dbt project for DAG using LoadMode.DBT_LS_CACHE","logger":"cosmos.converter","dag_id":"netflix_dbt_pipeline","ti_id":"019f0713-e7de-7afe-937c-565d5fc1a675","run_id":"manual__2026-06-27T03:12:59.853585+00:00","map_index":-1,"task_id":"netflix_models.src_genome_scores_run","try_number":2,"filename":"converter.py","lineno":340}
{"timestamp":"2026-06-27T03:16:18.551391Z","level":"info","event":"Cosmos performance (netflix_dbt_pipeline__netflix_models) - [012d72c8b52a|332]: It took 0.212s to build the Airflow DAG.","logger":"cosmos.converter","dag_id":"netflix_dbt_pipeline","ti_id":"019f0713-e7de-7afe-937c-565d5fc1a675","run_id":"manual__2026-06-27T03:12:59.853585+00:00","map_index":-1,"task_id":"netflix_models.src_genome_scores_run","try_number":2,"filename":"converter.py","lineno":387}
{"timestamp":"2026-06-27T03:16:18.555167Z","level":"info","event":"::endgroup::Cosmos DAG parsing logs","logger":"cosmos.converter","dag_id":"netflix_dbt_pipeline","ti_id":"019f0713-e7de-7afe-937c-565d5fc1a675","run_id":"manual__2026-06-27T03:12:59.853585+00:00","map_index":-1,"task_id":"netflix_models.src_genome_scores_run","try_number":2,"filename":"converter.py","lineno":390}
{"timestamp":"2026-06-27T03:16:18.555669Z","level":"warning","event":"Using Variable.get from `airflow.models` is deprecated.Please use `get` on Variable from sdk(`airflow.sdk.Variable`) instead","category":"UserWarning","filename":"/home/airflow/.local/lib/python3.12/site-packages/airflow/models/variable.py","lineno":159,"dag_id":"netflix_dbt_pipeline","ti_id":"019f0713-e7de-7afe-937c-565d5fc1a675","run_id":"manual__2026-06-27T03:12:59.853585+00:00","map_index":-1,"task_id":"netflix_models.src_genome_scores_run","try_number":2,"logger":"py.warnings"}
{"timestamp":"2026-06-27T03:16:18.593767Z","level":"info","event":"Task instance is in running state","logger":"task.stdout"}
{"timestamp":"2026-06-27T03:16:18.594339Z","level":"info","event":" Previous state of the Task instance: TaskInstanceState.QUEUED","logger":"task.stdout"}
{"timestamp":"2026-06-27T03:16:18.594663Z","level":"info","event":"Current task name:netflix_models.src_genome_scores_run","logger":"task.stdout"}
{"timestamp":"2026-06-27T03:16:18.594936Z","level":"info","event":"Dag name:netflix_dbt_pipeline","logger":"task.stdout"}
{"timestamp":"2026-06-27T03:16:18.594423Z","level":"info","event":"::endgroup::","dag_id":"netflix_dbt_pipeline","ti_id":"019f0713-e7de-7afe-937c-565d5fc1a675","run_id":"manual__2026-06-27T03:12:59.853585+00:00","map_index":-1,"task_id":"netflix_models.src_genome_scores_run","try_number":2,"logger":"task","filename":"task_runner.py","lineno":1727}
{"timestamp":"2026-06-27T03:16:22.485292Z","level":"info","event":"dbtRunner is available. Using dbtRunner for invoking dbt.","logger":"cosmos.operators.local","dag_id":"netflix_dbt_pipeline","ti_id":"019f0713-e7de-7afe-937c-565d5fc1a675","run_id":"manual__2026-06-27T03:12:59.853585+00:00","map_index":-1,"task_id":"netflix_models.src_genome_scores_run","try_number":2,"filename":"local.py","lineno":269}
{"timestamp":"2026-06-27T03:16:22.486611Z","level":"info","event":"Cloning project to writable temp directory /tmp/tmpf7dytkhv from /opt/airflow/dbt/netflix","logger":"cosmos.operators.local","dag_id":"netflix_dbt_pipeline","ti_id":"019f0713-e7de-7afe-937c-565d5fc1a675","run_id":"manual__2026-06-27T03:12:59.853585+00:00","map_index":-1,"task_id":"netflix_models.src_genome_scores_run","try_number":2,"filename":"local.py","lineno":494}
{"timestamp":"2026-06-27T03:16:22.550523Z","level":"info","event":"Partial parse is enabled and the latest partial parse file is /tmp/cosmos/netflix_dbt_pipeline__netflix_models/target/partial_parse.msgpack","logger":"cosmos.operators.local","dag_id":"netflix_dbt_pipeline","ti_id":"019f0713-e7de-7afe-937c-565d5fc1a675","run_id":"manual__2026-06-27T03:12:59.853585+00:00","map_index":-1,"task_id":"netflix_models.src_genome_scores_run","try_number":2,"filename":"local.py","lineno":514}
{"timestamp":"2026-06-27T03:16:22.629785Z","level":"info","event":"Profile caching is enable.","logger":"cosmos.config","dag_id":"netflix_dbt_pipeline","ti_id":"019f0713-e7de-7afe-937c-565d5fc1a675","run_id":"manual__2026-06-27T03:12:59.853585+00:00","map_index":-1,"task_id":"netflix_models.src_genome_scores_run","try_number":2,"filename":"config.py","lineno":382}
{"timestamp":"2026-06-27T03:16:22.668636Z","level":"info","event":"Profile found in cache using profile: /tmp/cosmos/profile/393fe3eb83c64251326783135b147a21d556e0f7a18f27fac62e71257758b615/profiles.yml.","logger":"cosmos.config","dag_id":"netflix_dbt_pipeline","ti_id":"019f0713-e7de-7afe-937c-565d5fc1a675","run_id":"manual__2026-06-27T03:12:59.853585+00:00","map_index":-1,"task_id":"netflix_models.src_genome_scores_run","try_number":2,"filename":"config.py","lineno":362}
{"timestamp":"2026-06-27T03:16:22.693628Z","level":"info","event":"Trying to run dbtRunner with:\n ['deps', '--project-dir', '/tmp/tmpf7dytkhv', '--profiles-dir', '/tmp/cosmos/profile/393fe3eb83c64251326783135b147a21d556e0f7a18f27fac62e71257758b615', '--profile', 'netflix', '--target', 'dev', '--no-static-parser']\n in /tmp/tmpf7dytkhv","logger":"cosmos.dbt.runner","dag_id":"netflix_dbt_pipeline","ti_id":"019f0713-e7de-7afe-937c-565d5fc1a675","run_id":"manual__2026-06-27T03:12:59.853585+00:00","map_index":-1,"task_id":"netflix_models.src_genome_scores_run","try_number":2,"filename":"runner.py","lineno":98}
{"timestamp":"2026-06-27T03:16:22.902043Z","level":"info","event":"\u001b[0m03:16:22  Running with dbt=1.11.11","logger":"task.stdout"}
{"timestamp":"2026-06-27T03:16:24.186666Z","level":"info","event":"\u001b[0m03:16:24  Installing dbt-labs/dbt_utils","logger":"task.stdout"}
{"timestamp":"2026-06-27T03:16:25.097301Z","level":"info","event":"\u001b[0m03:16:25  Installed from version 1.4.0","logger":"task.stdout"}
{"timestamp":"2026-06-27T03:16:25.098123Z","level":"info","event":"\u001b[0m03:16:25  Up to date!","logger":"task.stdout"}
{"timestamp":"2026-06-27T03:16:26.317333Z","level":"info","event":"Trying to run dbtRunner with:\n ['run', '--select', 'fqn:netflix.staging.src_genome_scores', '--project-dir', '/tmp/tmpf7dytkhv', '--profiles-dir', '/tmp/cosmos/profile/393fe3eb83c64251326783135b147a21d556e0f7a18f27fac62e71257758b615', '--profile', 'netflix', '--target', 'dev', '--no-static-parser']\n in /tmp/tmpf7dytkhv","logger":"cosmos.dbt.runner","dag_id":"netflix_dbt_pipeline","ti_id":"019f0713-e7de-7afe-937c-565d5fc1a675","run_id":"manual__2026-06-27T03:12:59.853585+00:00","map_index":-1,"task_id":"netflix_models.src_genome_scores_run","try_number":2,"filename":"runner.py","lineno":98}
{"timestamp":"2026-06-27T03:16:26.345315Z","level":"info","event":"\u001b[0m03:16:26  Running with dbt=1.11.11","logger":"task.stdout"}
{"timestamp":"2026-06-27T03:16:26.665311Z","level":"warning","event":"urllib3 (2.5.0) or chardet (6.0.0.post1)/charset_normalizer (3.4.7) doesn't match a supported version!","category":"RequestsDependencyWarning","filename":"/home/airflow/.local/lib/python3.12/site-packages/snowflake/connector/vendored/requests/__init__.py","lineno":113,"dag_id":"netflix_dbt_pipeline","ti_id":"019f0713-e7de-7afe-937c-565d5fc1a675","run_id":"manual__2026-06-27T03:12:59.853585+00:00","map_index":-1,"task_id":"netflix_models.src_genome_scores_run","try_number":2,"logger":"py.warnings"}
{"timestamp":"2026-06-27T03:16:29.801863Z","level":"info","event":"\u001b[0m03:16:29  Registered adapter: snowflake=1.8.4","logger":"task.stdout"}
{"timestamp":"2026-06-27T03:16:38.585180Z","level":"info","event":"\u001b[0m03:16:38  Unable to do partial parsing because config vars, config profile, or config target have changed","logger":"task.stdout"}
{"timestamp":"2026-06-27T03:16:38.591167Z","level":"info","event":"\u001b[0m03:16:38  Unable to do partial parsing because profile has changed","logger":"task.stdout"}
{"timestamp":"2026-06-27T03:16:54.420928Z","level":"info","event":"\u001b[0m03:16:54  [\u001b[33mWARNING\u001b[0m][MissingArgumentsPropertyInGenericTestDeprecation]: Deprecated","logger":"task.stdout"}
{"timestamp":"2026-06-27T03:16:54.421766Z","level":"info","event":"functionality","logger":"task.stdout"}
{"timestamp":"2026-06-27T03:16:54.422339Z","level":"info","event":"Found top-level arguments to test `relationships` defined on 'fct_ratings' in","logger":"task.stdout"}
{"timestamp":"2026-06-27T03:16:54.422890Z","level":"info","event":"package 'netflix' (models/schema.yml). Arguments to generic tests should be","logger":"task.stdout"}
{"timestamp":"2026-06-27T03:16:54.423223Z","level":"info","event":"nested under the `arguments` property.","logger":"task.stdout"}
{"timestamp":"2026-06-27T03:16:57.468609Z","level":"info","event":"\u001b[0m03:16:57  Found 13 models, 1 snapshot, 13 data tests, 1 seed, 1 source, 620 macros","logger":"task.stdout"}
{"timestamp":"2026-06-27T03:16:57.473706Z","level":"info","event":"\u001b[0m03:16:57","logger":"task.stdout"}
{"timestamp":"2026-06-27T03:16:57.475312Z","level":"info","event":"\u001b[0m03:16:57  Concurrency: 4 threads (target='dev')","logger":"task.stdout"}
{"timestamp":"2026-06-27T03:16:57.476951Z","level":"info","event":"\u001b[0m03:16:57","logger":"task.stdout"}
{"timestamp":"2026-06-27T03:16:57.557926Z","level":"info","event":"Snowflake Connector for Python Version: 3.18.0, Python Version: 3.12.13, Platform: Linux-6.18.33.1-microsoft-standard-WSL2-x86_64-with-glibc2.36","logger":"snowflake.connector.connection","filename":"connection.py","lineno":521}
{"timestamp":"2026-06-27T03:16:57.558623Z","level":"info","event":"Connecting to GLOBAL Snowflake domain","logger":"snowflake.connector.connection","filename":"connection.py","lineno":1464}
{"timestamp":"2026-06-27T03:17:05.242656Z","level":"info","event":"\u001b[0m03:17:05","logger":"task.stdout"}
{"timestamp":"2026-06-27T03:17:05.243921Z","level":"info","event":"\u001b[0m03:17:05  Finished running  in 0 hours 0 minutes and 7.76 seconds (7.76s).","logger":"task.stdout"}
{"timestamp":"2026-06-27T03:17:05.245078Z","level":"info","event":"\u001b[0m03:17:05  Encountered an error:","logger":"task.stdout"}
{"timestamp":"2026-06-27T03:17:05.245813Z","level":"info","event":"Runtime Error","logger":"task.stdout"}
{"timestamp":"2026-06-27T03:17:05.246322Z","level":"info","event":"  Database error while listing schemas in database \"PROJECT_DB\"","logger":"task.stdout"}
{"timestamp":"2026-06-27T03:17:05.246753Z","level":"info","event":"  Database Error","logger":"task.stdout"}
{"timestamp":"2026-06-27T03:17:05.247212Z","level":"info","event":"    250001 (08001): None: Failed to connect to DB: KSEVHVG-LZ08773.snowflakecomputing.com:443. Incorrect username or password was specified.","logger":"task.stdout"}
{"timestamp":"2026-06-27T03:17:05.247660Z","level":"info","event":"\u001b[0m03:17:05  [\u001b[33mWARNING\u001b[0m][DeprecationsSummary]: Deprecated functionality","logger":"task.stdout"}
{"timestamp":"2026-06-27T03:17:05.251817Z","level":"info","event":"Summary of encountered deprecations:","logger":"task.stdout"}
{"timestamp":"2026-06-27T03:17:05.252936Z","level":"info","event":"- MissingArgumentsPropertyInGenericTestDeprecation: 1 occurrence","logger":"task.stdout"}
{"timestamp":"2026-06-27T03:17:05.254232Z","level":"info","event":"To see all deprecation instances instead of just the first occurrence of each,","logger":"task.stdout"}
{"timestamp":"2026-06-27T03:17:05.255991Z","level":"info","event":"run command again with the `--show-all-deprecations` flag. You may also need to","logger":"task.stdout"}
{"timestamp":"2026-06-27T03:17:05.257123Z","level":"info","event":"run with `--no-partial-parse` as some deprecations are only encountered during","logger":"task.stdout"}
{"timestamp":"2026-06-27T03:17:05.259650Z","level":"info","event":"parsing.","logger":"task.stdout"}
{"timestamp":"2026-06-27T03:17:06.594784Z","level":"info","event":"Inlets: []","logger":"cosmos.operators.local","dag_id":"netflix_dbt_pipeline","ti_id":"019f0713-e7de-7afe-937c-565d5fc1a675","run_id":"manual__2026-06-27T03:12:59.853585+00:00","map_index":-1,"task_id":"netflix_models.src_genome_scores_run","try_number":2,"filename":"local.py","lineno":571}
{"timestamp":"2026-06-27T03:17:06.595273Z","level":"info","event":"Outlets: []","logger":"cosmos.operators.local","dag_id":"netflix_dbt_pipeline","ti_id":"019f0713-e7de-7afe-937c-565d5fc1a675","run_id":"manual__2026-06-27T03:12:59.853585+00:00","map_index":-1,"task_id":"netflix_models.src_genome_scores_run","try_number":2,"filename":"local.py","lineno":572}
{"timestamp":"2026-06-27T03:17:06.595455Z","level":"info","event":"Assigning outlets with DatasetAlias in Airflow 3","logger":"cosmos.operators.local","dag_id":"netflix_dbt_pipeline","ti_id":"019f0713-e7de-7afe-937c-565d5fc1a675","run_id":"manual__2026-06-27T03:12:59.853585+00:00","map_index":-1,"task_id":"netflix_models.src_genome_scores_run","try_number":2,"filename":"local.py","lineno":823}
{"timestamp":"2026-06-27T03:17:06.611890Z","level":"error","event":"Task failed with exception","dag_id":"netflix_dbt_pipeline","ti_id":"019f0713-e7de-7afe-937c-565d5fc1a675","run_id":"manual__2026-06-27T03:12:59.853585+00:00","map_index":-1,"task_id":"netflix_models.src_genome_scores_run","try_number":2,"logger":"task","filename":"task_runner.py","lineno":1381,"error_detail":[{"exc_type":"CosmosDbtRunError","exc_value":"dbt invocation did not complete with unhandled error: Runtime Error\n  Database error while listing schemas in database \"PROJECT_DB\"\n  Database Error\n    250001 (08001): None: Failed to connect to DB: KSEVHVG-LZ08773.snowflakecomputing.com:443. Incorrect username or password was specified.","exc_notes":[],"syntax_error":null,"is_cause":false,"frames":[{"filename":"/home/airflow/.local/lib/python3.12/site-packages/airflow/sdk/execution_time/task_runner.py","lineno":1287,"name":"run"},{"filename":"/home/airflow/.local/lib/python3.12/site-packages/airflow/sdk/execution_time/task_runner.py","lineno":1745,"name":"_execute_task"},{"filename":"/home/airflow/.local/lib/python3.12/site-packages/cosmos/operators/base.py","lineno":346,"name":"execute"},{"filename":"/home/airflow/.local/lib/python3.12/site-packages/cosmos/operators/local.py","lineno":887,"name":"build_and_run_cmd"},{"filename":"/home/airflow/.local/lib/python3.12/site-packages/cosmos/operators/local.py","lineno":706,"name":"run_command"},{"filename":"/home/airflow/.local/lib/python3.12/site-packages/cosmos/operators/local.py","lineno":283,"name":"handle_exception_dbt_runner"},{"filename":"/home/airflow/.local/lib/python3.12/site-packages/cosmos/dbt/runner.py","lineno":155,"name":"handle_exception_if_needed"}],"is_group":false,"exceptions":[]}]}
{"timestamp":"2026-06-27T03:17:06.612595Z","level":"info","event":"::group::Post Execute","dag_id":"netflix_dbt_pipeline","ti_id":"019f0713-e7de-7afe-937c-565d5fc1a675","run_id":"manual__2026-06-27T03:12:59.853585+00:00","map_index":-1,"task_id":"netflix_models.src_genome_scores_run","try_number":2,"logger":"task","filename":"task_runner.py","lineno":1382}
{"timestamp":"2026-06-27T03:17:07.791471Z","level":"info","event":"Task instance in failure state","logger":"task.stdout"}
{"timestamp":"2026-06-27T03:17:07.792149Z","level":"info","event":"Task start","logger":"task.stdout"}
{"timestamp":"2026-06-27T03:17:07.792596Z","level":"info","event":"Task:<Task(DbtRunLocalOperator): netflix_models.src_genome_scores_run>","logger":"task.stdout"}
{"timestamp":"2026-06-27T03:17:07.793012Z","level":"info","event":"Failure caused by dbt invocation did not complete with unhandled error: Runtime Error","logger":"task.stdout"}
{"timestamp":"2026-06-27T03:17:07.793483Z","level":"info","event":"  Database error while listing schemas in database \"PROJECT_DB\"","logger":"task.stdout"}
{"timestamp":"2026-06-27T03:17:07.794043Z","level":"info","event":"  Database Error","logger":"task.stdout"}
{"timestamp":"2026-06-27T03:17:07.795498Z","level":"info","event":"    250001 (08001): None: Failed to connect to DB: KSEVHVG-LZ08773.snowflakecomputing.com:443. Incorrect username or password was specified.","logger":"task.stdout"}
{"timestamp":"2026-06-27T03:17:07.788450Z","level":"info","event":"::endgroup::","dag_id":"netflix_dbt_pipeline","ti_id":"019f0713-e7de-7afe-937c-565d5fc1a675","run_id":"manual__2026-06-27T03:12:59.853585+00:00","map_index":-1,"task_id":"netflix_models.src_genome_scores_run","try_number":2,"logger":"task","filename":"task_runner.py","lineno":1896}
{"timestamp":"2026-06-27T03:17:07.958198Z","level":"error","event":"/usr/python/lib/python3.12/multiprocessing/resource_tracker.py:279: UserWarning: resource_tracker: There appear to be 2 leaked semaphore objects to clean up at shutdown","logger":"task.stderr"}
{"timestamp":"2026-06-27T03:17:07.958964Z","level":"error","event":"  warnings.warn('resource_tracker: There appear to be %d '","logger":"task.stderr"}
