{"timestamp":"2026-06-28T05:43:58.410053Z","level":"info","event":"::group::Pre Execute","logger":"task","filename":"task_runner.py","lineno":1926}
{"timestamp":"2026-06-28T05:44:15.659137Z","level":"warning","event":"section/key [openlineage/namespace] not found in config","logger":"airflow.sdk._shared.configuration.parser","ti_id":"019f0cc1-7b6b-7017-aa3e-7f178b776d0e","try_number":1,"task_id":"src_ratings_run","dag_id":"netflix_dbt_build","map_index":-1,"run_id":"scheduled__2026-06-28T00:00:00+00:00","filename":"parser.py","lineno":1361}
{"timestamp":"2026-06-28T05:44:15.922676Z","level":"warning","event":"airflow.exceptions.AirflowSkipException is deprecated and will be removed in a future version. Use airflow.sdk.exceptions.AirflowSkipException instead.","category":"DeprecatedImportWarning","filename":"/home/airflow/.local/lib/python3.12/site-packages/cosmos/operators/local.py","lineno":19,"ti_id":"019f0cc1-7b6b-7017-aa3e-7f178b776d0e","try_number":1,"task_id":"src_ratings_run","dag_id":"netflix_dbt_build","map_index":-1,"run_id":"scheduled__2026-06-28T00:00:00+00:00","logger":"py.warnings"}
{"timestamp":"2026-06-28T05:44:19.042350Z","level":"info","event":"DAG bundles loaded: dags-folder, example_dags","ti_id":"019f0cc1-7b6b-7017-aa3e-7f178b776d0e","try_number":1,"task_id":"src_ratings_run","dag_id":"netflix_dbt_build","map_index":-1,"run_id":"scheduled__2026-06-28T00:00:00+00:00","logger":"airflow.dag_processing.bundles.manager.DagBundlesManager","filename":"manager.py","lineno":209}
{"timestamp":"2026-06-28T05:44:19.059646Z","level":"info","event":"Filling up the DagBag from /opt/airflow/dags/netflix_dbt_build.py","ti_id":"019f0cc1-7b6b-7017-aa3e-7f178b776d0e","try_number":1,"task_id":"src_ratings_run","dag_id":"netflix_dbt_build","map_index":-1,"run_id":"scheduled__2026-06-28T00:00:00+00:00","logger":"airflow.dag_processing.dagbag.BundleDagBag","filename":"dagbag.py","lineno":469}
{"timestamp":"2026-06-28T05:44:19.462939Z","level":"info","event":"::group::Cosmos DAG parsing logs","logger":"cosmos.converter","ti_id":"019f0cc1-7b6b-7017-aa3e-7f178b776d0e","try_number":1,"task_id":"src_ratings_run","dag_id":"netflix_dbt_build","map_index":-1,"run_id":"scheduled__2026-06-28T00:00:00+00:00","filename":"converter.py","lineno":293}
{"timestamp":"2026-06-28T05:44:19.480797Z","level":"info","event":"Trying to parse the dbt project using dbt ls cache cosmos_cache__netflix_dbt_build...","logger":"cosmos.dbt.graph","ti_id":"019f0cc1-7b6b-7017-aa3e-7f178b776d0e","try_number":1,"task_id":"src_ratings_run","dag_id":"netflix_dbt_build","map_index":-1,"run_id":"scheduled__2026-06-28T00:00:00+00:00","filename":"graph.py","lineno":781}
{"timestamp":"2026-06-28T05:44:23.863031Z","level":"info","event":"Cosmos performance: time to calculate cache identifier cosmos_cache__netflix_dbt_build for current version: 3.920081034000077","logger":"cosmos.cache","ti_id":"019f0cc1-7b6b-7017-aa3e-7f178b776d0e","try_number":1,"task_id":"src_ratings_run","dag_id":"netflix_dbt_build","map_index":-1,"run_id":"scheduled__2026-06-28T00:00:00+00:00","filename":"cache.py","lineno":333}
{"timestamp":"2026-06-28T05:44:23.863546Z","level":"info","event":"Cosmos performance [a4a7e12592be|177]: The cache size for cosmos_cache__netflix_dbt_build is 24254","logger":"cosmos.dbt.graph","ti_id":"019f0cc1-7b6b-7017-aa3e-7f178b776d0e","try_number":1,"task_id":"src_ratings_run","dag_id":"netflix_dbt_build","map_index":-1,"run_id":"scheduled__2026-06-28T00:00:00+00:00","filename":"graph.py","lineno":798}
{"timestamp":"2026-06-28T05:44:23.900789Z","level":"info","event":"Cosmos performance: Cache hit for cosmos_cache__netflix_dbt_build - eb77c64bfed2631164d8b9a9a4890ed2,d41d8cd98f00b204e9800998ecf8427e","logger":"cosmos.dbt.graph","ti_id":"019f0cc1-7b6b-7017-aa3e-7f178b776d0e","try_number":1,"task_id":"src_ratings_run","dag_id":"netflix_dbt_build","map_index":-1,"run_id":"scheduled__2026-06-28T00:00:00+00:00","filename":"graph.py","lineno":806}
{"timestamp":"2026-06-28T05:44:23.982841Z","level":"info","event":"Total nodes: 29","logger":"cosmos.dbt.graph","ti_id":"019f0cc1-7b6b-7017-aa3e-7f178b776d0e","try_number":1,"task_id":"src_ratings_run","dag_id":"netflix_dbt_build","map_index":-1,"run_id":"scheduled__2026-06-28T00:00:00+00:00","filename":"graph.py","lineno":711}
{"timestamp":"2026-06-28T05:44:23.984672Z","level":"info","event":"Total filtered nodes: 29","logger":"cosmos.dbt.graph","ti_id":"019f0cc1-7b6b-7017-aa3e-7f178b776d0e","try_number":1,"task_id":"src_ratings_run","dag_id":"netflix_dbt_build","map_index":-1,"run_id":"scheduled__2026-06-28T00:00:00+00:00","filename":"graph.py","lineno":712}
{"timestamp":"2026-06-28T05:44:27.720512Z","level":"info","event":"Cosmos performance (netflix_dbt_build) -  [a4a7e12592be|177]: It took 8.24s to parse the dbt project for DAG using LoadMode.DBT_LS_CACHE","logger":"cosmos.converter","ti_id":"019f0cc1-7b6b-7017-aa3e-7f178b776d0e","try_number":1,"task_id":"src_ratings_run","dag_id":"netflix_dbt_build","map_index":-1,"run_id":"scheduled__2026-06-28T00:00:00+00:00","filename":"converter.py","lineno":340}
{"timestamp":"2026-06-28T05:44:28.645339Z","level":"info","event":"Cosmos performance (netflix_dbt_build) - [a4a7e12592be|177]: It took 0.917s to build the Airflow DAG.","logger":"cosmos.converter","ti_id":"019f0cc1-7b6b-7017-aa3e-7f178b776d0e","try_number":1,"task_id":"src_ratings_run","dag_id":"netflix_dbt_build","map_index":-1,"run_id":"scheduled__2026-06-28T00:00:00+00:00","filename":"converter.py","lineno":387}
{"timestamp":"2026-06-28T05:44:28.646797Z","level":"info","event":"::endgroup::Cosmos DAG parsing logs","logger":"cosmos.converter","ti_id":"019f0cc1-7b6b-7017-aa3e-7f178b776d0e","try_number":1,"task_id":"src_ratings_run","dag_id":"netflix_dbt_build","map_index":-1,"run_id":"scheduled__2026-06-28T00:00:00+00:00","filename":"converter.py","lineno":390}
{"timestamp":"2026-06-28T05:44:28.653127Z","level":"warning","event":"The `airflow.models.baseoperator.chain` attribute is deprecated. Please use `'airflow.sdk.bases.operator.chain'`.","category":"UserWarning","filename":"/opt/airflow/dags/netflix_dbt_build.py","lineno":3,"ti_id":"019f0cc1-7b6b-7017-aa3e-7f178b776d0e","try_number":1,"task_id":"src_ratings_run","dag_id":"netflix_dbt_build","map_index":-1,"run_id":"scheduled__2026-06-28T00:00:00+00:00","logger":"py.warnings"}
{"timestamp":"2026-06-28T05:44:28.658240Z","level":"warning","event":"Import 'DAG' directly from the airflow module is deprecated and will be removed in the future. Please import it from 'airflow.sdk'.","category":"UserWarning","filename":"/home/airflow/.local/lib/python3.12/site-packages/cosmos/airflow/dag.py","lineno":9,"ti_id":"019f0cc1-7b6b-7017-aa3e-7f178b776d0e","try_number":1,"task_id":"src_ratings_run","dag_id":"netflix_dbt_build","map_index":-1,"run_id":"scheduled__2026-06-28T00:00:00+00:00","logger":"py.warnings"}
{"timestamp":"2026-06-28T05:44:28.665441Z","level":"warning","event":"Using Variable.get from `airflow.models` is deprecated.Please use `get` on Variable from sdk(`airflow.sdk.Variable`) instead","category":"UserWarning","filename":"/home/airflow/.local/lib/python3.12/site-packages/airflow/models/variable.py","lineno":159,"ti_id":"019f0cc1-7b6b-7017-aa3e-7f178b776d0e","try_number":1,"task_id":"src_ratings_run","dag_id":"netflix_dbt_build","map_index":-1,"run_id":"scheduled__2026-06-28T00:00:00+00:00","logger":"py.warnings"}
{"timestamp":"2026-06-28T05:44:30.628007Z","level":"info","event":"Task instance is in running state","logger":"task.stdout"}
{"timestamp":"2026-06-28T05:44:30.642472Z","level":"info","event":" Previous state of the Task instance: TaskInstanceState.QUEUED","logger":"task.stdout"}
{"timestamp":"2026-06-28T05:44:30.643574Z","level":"info","event":"Current task name:src_ratings_run","logger":"task.stdout"}
{"timestamp":"2026-06-28T05:44:30.644796Z","level":"info","event":"Dag name:netflix_dbt_build","logger":"task.stdout"}
{"timestamp":"2026-06-28T05:44:30.634006Z","level":"info","event":"::endgroup::","ti_id":"019f0cc1-7b6b-7017-aa3e-7f178b776d0e","try_number":1,"task_id":"src_ratings_run","dag_id":"netflix_dbt_build","map_index":-1,"run_id":"scheduled__2026-06-28T00:00:00+00:00","logger":"task","filename":"task_runner.py","lineno":1727}
{"timestamp":"2026-06-28T05:44:55.433631Z","level":"info","event":"dbtRunner is available. Using dbtRunner for invoking dbt.","logger":"cosmos.operators.local","ti_id":"019f0cc1-7b6b-7017-aa3e-7f178b776d0e","try_number":1,"task_id":"src_ratings_run","dag_id":"netflix_dbt_build","map_index":-1,"run_id":"scheduled__2026-06-28T00:00:00+00:00","filename":"local.py","lineno":269}
{"timestamp":"2026-06-28T05:44:55.447039Z","level":"info","event":"Cloning project to writable temp directory /tmp/tmpu9xc2g16 from /opt/airflow/dbt/netflix","logger":"cosmos.operators.local","ti_id":"019f0cc1-7b6b-7017-aa3e-7f178b776d0e","try_number":1,"task_id":"src_ratings_run","dag_id":"netflix_dbt_build","map_index":-1,"run_id":"scheduled__2026-06-28T00:00:00+00:00","filename":"local.py","lineno":494}
{"timestamp":"2026-06-28T05:44:55.661053Z","level":"info","event":"Partial parse is enabled and the latest partial parse file is /opt/airflow/dbt/netflix/target/partial_parse.msgpack","logger":"cosmos.operators.local","ti_id":"019f0cc1-7b6b-7017-aa3e-7f178b776d0e","try_number":1,"task_id":"src_ratings_run","dag_id":"netflix_dbt_build","map_index":-1,"run_id":"scheduled__2026-06-28T00:00:00+00:00","filename":"local.py","lineno":514}
{"timestamp":"2026-06-28T05:44:55.823832Z","level":"info","event":"Profile caching is enable.","logger":"cosmos.config","ti_id":"019f0cc1-7b6b-7017-aa3e-7f178b776d0e","try_number":1,"task_id":"src_ratings_run","dag_id":"netflix_dbt_build","map_index":-1,"run_id":"scheduled__2026-06-28T00:00:00+00:00","filename":"config.py","lineno":382}
{"timestamp":"2026-06-28T05:44:56.361152Z","level":"info","event":"Profile found in cache using profile: /tmp/cosmos/profile/f1d9fdbb1a43b4d6303bffc9280335c75387554b4de9226700e70e3cddda25fc/profiles.yml.","logger":"cosmos.config","ti_id":"019f0cc1-7b6b-7017-aa3e-7f178b776d0e","try_number":1,"task_id":"src_ratings_run","dag_id":"netflix_dbt_build","map_index":-1,"run_id":"scheduled__2026-06-28T00:00:00+00:00","filename":"config.py","lineno":362}
{"timestamp":"2026-06-28T05:44:56.431357Z","level":"info","event":"Trying to run dbtRunner with:\n ['deps', '--project-dir', '/tmp/tmpu9xc2g16', '--profiles-dir', '/tmp/cosmos/profile/f1d9fdbb1a43b4d6303bffc9280335c75387554b4de9226700e70e3cddda25fc', '--profile', 'netflix', '--target', 'dev', '--no-static-parser']\n in /tmp/tmpu9xc2g16","logger":"cosmos.dbt.runner","ti_id":"019f0cc1-7b6b-7017-aa3e-7f178b776d0e","try_number":1,"task_id":"src_ratings_run","dag_id":"netflix_dbt_build","map_index":-1,"run_id":"scheduled__2026-06-28T00:00:00+00:00","filename":"runner.py","lineno":98}
{"timestamp":"2026-06-28T05:44:58.303924Z","level":"info","event":"\u001b[0m05:44:58  Running with dbt=1.11.11","logger":"task.stdout"}
{"timestamp":"2026-06-28T05:45:03.424661Z","level":"info","event":"\u001b[0m05:45:03  Installing dbt-labs/dbt_utils","logger":"task.stdout"}
{"timestamp":"2026-06-28T05:45:05.258077Z","level":"info","event":"\u001b[0m05:45:05  Installed from version 1.4.0","logger":"task.stdout"}
{"timestamp":"2026-06-28T05:45:05.274490Z","level":"info","event":"\u001b[0m05:45:05  Up to date!","logger":"task.stdout"}
{"timestamp":"2026-06-28T05:45:07.141766Z","level":"info","event":"Trying to run dbtRunner with:\n ['run', '--select', 'fqn:netflix.staging.src_ratings', '--project-dir', '/tmp/tmpu9xc2g16', '--profiles-dir', '/tmp/cosmos/profile/f1d9fdbb1a43b4d6303bffc9280335c75387554b4de9226700e70e3cddda25fc', '--profile', 'netflix', '--target', 'dev', '--no-static-parser']\n in /tmp/tmpu9xc2g16","logger":"cosmos.dbt.runner","ti_id":"019f0cc1-7b6b-7017-aa3e-7f178b776d0e","try_number":1,"task_id":"src_ratings_run","dag_id":"netflix_dbt_build","map_index":-1,"run_id":"scheduled__2026-06-28T00:00:00+00:00","filename":"runner.py","lineno":98}
{"timestamp":"2026-06-28T05:45:07.254261Z","level":"info","event":"\u001b[0m05:45:07  Running with dbt=1.11.11","logger":"task.stdout"}
{"timestamp":"2026-06-28T05:45:08.468865Z","level":"warning","event":"urllib3 (2.5.0) or chardet (6.0.0.post1)/charset_normalizer (3.4.7) doesn't match a supported version!","category":"RequestsDependencyWarning","filename":"/home/airflow/.local/lib/python3.12/site-packages/snowflake/connector/vendored/requests/__init__.py","lineno":113,"ti_id":"019f0cc1-7b6b-7017-aa3e-7f178b776d0e","try_number":1,"task_id":"src_ratings_run","dag_id":"netflix_dbt_build","map_index":-1,"run_id":"scheduled__2026-06-28T00:00:00+00:00","logger":"py.warnings"}
{"timestamp":"2026-06-28T05:45:14.792752Z","level":"info","event":"\u001b[0m05:45:14  Registered adapter: snowflake=1.8.4","logger":"task.stdout"}
{"timestamp":"2026-06-28T05:45:23.409713Z","level":"info","event":"\u001b[0m05:45:23  Unable to do partial parsing because config vars, config profile, or config target have changed","logger":"task.stdout"}
{"timestamp":"2026-06-28T05:45:23.413018Z","level":"info","event":"\u001b[0m05:45:23  Unable to do partial parsing because profile has changed","logger":"task.stdout"}
{"timestamp":"2026-06-28T05:45:55.725997Z","level":"info","event":"\u001b[0m05:45:55  [\u001b[33mWARNING\u001b[0m][MissingArgumentsPropertyInGenericTestDeprecation]: Deprecated","logger":"task.stdout"}
{"timestamp":"2026-06-28T05:45:55.726697Z","level":"info","event":"functionality","logger":"task.stdout"}
{"timestamp":"2026-06-28T05:45:55.727357Z","level":"info","event":"Found top-level arguments to test `relationships` defined on 'fct_ratings' in","logger":"task.stdout"}
{"timestamp":"2026-06-28T05:45:55.727980Z","level":"info","event":"package 'netflix' (models/schema.yml). Arguments to generic tests should be","logger":"task.stdout"}
{"timestamp":"2026-06-28T05:45:55.728525Z","level":"info","event":"nested under the `arguments` property.","logger":"task.stdout"}
{"timestamp":"2026-06-28T05:46:03.399217Z","level":"info","event":"\u001b[0m05:46:03  Found 13 models, 1 snapshot, 13 data tests, 1 seed, 1 source, 620 macros","logger":"task.stdout"}
{"timestamp":"2026-06-28T05:46:03.435427Z","level":"info","event":"\u001b[0m05:46:03","logger":"task.stdout"}
{"timestamp":"2026-06-28T05:46:03.439270Z","level":"info","event":"\u001b[0m05:46:03  Concurrency: 4 threads (target='dev')","logger":"task.stdout"}
{"timestamp":"2026-06-28T05:46:03.445893Z","level":"info","event":"\u001b[0m05:46:03","logger":"task.stdout"}
{"timestamp":"2026-06-28T05:46:03.630111Z","level":"info","event":"Snowflake Connector for Python Version: 3.18.0, Python Version: 3.12.13, Platform: Linux-6.18.33.1-microsoft-standard-WSL2-x86_64-with-glibc2.36","logger":"snowflake.connector.connection","filename":"connection.py","lineno":521}
{"timestamp":"2026-06-28T05:46:03.631099Z","level":"info","event":"Connecting to GLOBAL Snowflake domain","logger":"snowflake.connector.connection","filename":"connection.py","lineno":1464}
{"timestamp":"2026-06-28T05:46:26.464745Z","level":"info","event":"Snowflake Connector for Python Version: 3.18.0, Python Version: 3.12.13, Platform: Linux-6.18.33.1-microsoft-standard-WSL2-x86_64-with-glibc2.36","logger":"snowflake.connector.connection","filename":"connection.py","lineno":521}
{"timestamp":"2026-06-28T05:46:26.465509Z","level":"info","event":"Connecting to GLOBAL Snowflake domain","logger":"snowflake.connector.connection","filename":"connection.py","lineno":1464}
{"timestamp":"2026-06-28T05:46:26.475018Z","level":"info","event":"Snowflake Connector for Python Version: 3.18.0, Python Version: 3.12.13, Platform: Linux-6.18.33.1-microsoft-standard-WSL2-x86_64-with-glibc2.36","logger":"snowflake.connector.connection","filename":"connection.py","lineno":521}
{"timestamp":"2026-06-28T05:46:26.475976Z","level":"info","event":"Connecting to GLOBAL Snowflake domain","logger":"snowflake.connector.connection","filename":"connection.py","lineno":1464}
{"timestamp":"2026-06-28T05:46:28.942287Z","level":"info","event":"\u001b[0m05:46:28  1 of 1 START sql table model DEV.src_ratings ................................... [RUN]","logger":"task.stdout"}
{"timestamp":"2026-06-28T05:46:29.529866Z","level":"info","event":"Snowflake Connector for Python Version: 3.18.0, Python Version: 3.12.13, Platform: Linux-6.18.33.1-microsoft-standard-WSL2-x86_64-with-glibc2.36","logger":"snowflake.connector.connection","filename":"connection.py","lineno":521}
{"timestamp":"2026-06-28T05:46:29.532827Z","level":"info","event":"Connecting to GLOBAL Snowflake domain","logger":"snowflake.connector.connection","filename":"connection.py","lineno":1464}
{"timestamp":"2026-06-28T05:46:34.011836Z","level":"info","event":"\u001b[0m05:46:34  1 of 1 OK created sql table model DEV.src_ratings .............................. [\u001b[32mSUCCESS 1\u001b[0m in 5.03s]","logger":"task.stdout"}
{"timestamp":"2026-06-28T05:46:34.066253Z","level":"info","event":"\u001b[0m05:46:34","logger":"task.stdout"}
{"timestamp":"2026-06-28T05:46:34.073243Z","level":"info","event":"\u001b[0m05:46:34  Finished running 1 table model in 0 hours 0 minutes and 30.62 seconds (30.62s).","logger":"task.stdout"}
{"timestamp":"2026-06-28T05:46:34.358310Z","level":"info","event":"\u001b[0m05:46:34","logger":"task.stdout"}
{"timestamp":"2026-06-28T05:46:34.365661Z","level":"info","event":"\u001b[0m05:46:34  \u001b[32mCompleted successfully\u001b[0m","logger":"task.stdout"}
{"timestamp":"2026-06-28T05:46:34.371038Z","level":"info","event":"\u001b[0m05:46:34","logger":"task.stdout"}
{"timestamp":"2026-06-28T05:46:34.373528Z","level":"info","event":"\u001b[0m05:46:34  Done. PASS=1 WARN=0 ERROR=0 SKIP=0 NO-OP=0 TOTAL=1","logger":"task.stdout"}
{"timestamp":"2026-06-28T05:46:34.388768Z","level":"info","event":"\u001b[0m05:46:34  [\u001b[33mWARNING\u001b[0m][DeprecationsSummary]: Deprecated functionality","logger":"task.stdout"}
{"timestamp":"2026-06-28T05:46:34.389945Z","level":"info","event":"Summary of encountered deprecations:","logger":"task.stdout"}
{"timestamp":"2026-06-28T05:46:34.391129Z","level":"info","event":"- MissingArgumentsPropertyInGenericTestDeprecation: 1 occurrence","logger":"task.stdout"}
{"timestamp":"2026-06-28T05:46:34.394909Z","level":"info","event":"To see all deprecation instances instead of just the first occurrence of each,","logger":"task.stdout"}
{"timestamp":"2026-06-28T05:46:34.422248Z","level":"info","event":"run command again with the `--show-all-deprecations` flag. You may also need to","logger":"task.stdout"}
{"timestamp":"2026-06-28T05:46:34.430331Z","level":"info","event":"run with `--no-partial-parse` as some deprecations are only encountered during","logger":"task.stdout"}
{"timestamp":"2026-06-28T05:46:34.438307Z","level":"info","event":"parsing.","logger":"task.stdout"}
{"timestamp":"2026-06-28T05:46:36.890982Z","level":"warning","event":"Airflow 3.0.0 Asset (Dataset) URIs validation rules changed and OpenLineage URIs (standard used by Cosmos) are no longer accepted. Therefore, if using Cosmos with Airflow 3, the Airflow Asset (Dataset) URI is now <snowflake://KSEVHVG-LZ08773/PROJECT_DB/DEV/src_ratings>. Before, with Airflow 2.x, the URI used to be <snowflake://KSEVHVG-LZ08773/PROJECT_DB.DEV.src_ratings>. Please, change any DAGs that were scheduled using the old standard to the new one.","logger":"cosmos.dataset","ti_id":"019f0cc1-7b6b-7017-aa3e-7f178b776d0e","try_number":1,"task_id":"src_ratings_run","dag_id":"netflix_dbt_build","map_index":-1,"run_id":"scheduled__2026-06-28T00:00:00+00:00","filename":"dataset.py","lineno":227}
{"timestamp":"2026-06-28T05:46:39.097787Z","level":"info","event":"Inlets: []","logger":"cosmos.operators.local","ti_id":"019f0cc1-7b6b-7017-aa3e-7f178b776d0e","try_number":1,"task_id":"src_ratings_run","dag_id":"netflix_dbt_build","map_index":-1,"run_id":"scheduled__2026-06-28T00:00:00+00:00","filename":"local.py","lineno":571}
{"timestamp":"2026-06-28T05:46:39.098178Z","level":"info","event":"Outlets: [Asset(name='snowflake://KSEVHVG-LZ08773/PROJECT_DB/DEV/src_ratings', uri='snowflake://KSEVHVG-LZ08773/PROJECT_DB/DEV/src_ratings', group='asset', extra={}, watchers=[])]","logger":"cosmos.operators.local","ti_id":"019f0cc1-7b6b-7017-aa3e-7f178b776d0e","try_number":1,"task_id":"src_ratings_run","dag_id":"netflix_dbt_build","map_index":-1,"run_id":"scheduled__2026-06-28T00:00:00+00:00","filename":"local.py","lineno":572}
{"timestamp":"2026-06-28T05:46:39.099279Z","level":"info","event":"Assigning outlets with DatasetAlias in Airflow 3","logger":"cosmos.operators.local","ti_id":"019f0cc1-7b6b-7017-aa3e-7f178b776d0e","try_number":1,"task_id":"src_ratings_run","dag_id":"netflix_dbt_build","map_index":-1,"run_id":"scheduled__2026-06-28T00:00:00+00:00","filename":"local.py","lineno":823}
{"timestamp":"2026-06-28T05:46:39.168244Z","level":"info","event":"::group::Post Execute","ti_id":"019f0cc1-7b6b-7017-aa3e-7f178b776d0e","try_number":1,"task_id":"src_ratings_run","dag_id":"netflix_dbt_build","map_index":-1,"run_id":"scheduled__2026-06-28T00:00:00+00:00","logger":"task","filename":"task_runner.py","lineno":1288}
{"timestamp":"2026-06-28T05:46:41.305104Z","level":"info","event":"Task instance in success state","logger":"task.stdout"}
{"timestamp":"2026-06-28T05:46:41.312590Z","level":"info","event":" Previous state of the Task instance: TaskInstanceState.RUNNING","logger":"task.stdout"}
{"timestamp":"2026-06-28T05:46:41.377647Z","level":"info","event":"Task operator:<Task(DbtRunLocalOperator): src_ratings_run>","logger":"task.stdout"}
{"timestamp":"2026-06-28T05:46:41.370175Z","level":"info","event":"::endgroup::","ti_id":"019f0cc1-7b6b-7017-aa3e-7f178b776d0e","try_number":1,"task_id":"src_ratings_run","dag_id":"netflix_dbt_build","map_index":-1,"run_id":"scheduled__2026-06-28T00:00:00+00:00","logger":"task","filename":"task_runner.py","lineno":1896}
