{"timestamp":"2026-06-29T05:19:31.519731Z","level":"info","event":"::group::Pre Execute","logger":"task","filename":"task_runner.py","lineno":1926}
{"timestamp":"2026-06-29T05:19:38.506895Z","level":"warning","event":"section/key [openlineage/namespace] not found in config","logger":"airflow.sdk._shared.configuration.parser","task_id":"seed_movie_release_dates_seed","ti_id":"019f11d1-6a78-73cc-8540-ea210d16fc14","map_index":-1,"try_number":1,"dag_id":"netflix_dbt_build","run_id":"scheduled__2026-06-29T00:00:00+00:00","filename":"parser.py","lineno":1361}
{"timestamp":"2026-06-29T05:19:38.561094Z","level":"warning","event":"airflow.exceptions.AirflowSkipException is deprecated and will be removed in a future version. Use airflow.sdk.exceptions.AirflowSkipException instead.","category":"DeprecatedImportWarning","filename":"/home/airflow/.local/lib/python3.12/site-packages/cosmos/operators/local.py","lineno":19,"task_id":"seed_movie_release_dates_seed","ti_id":"019f11d1-6a78-73cc-8540-ea210d16fc14","map_index":-1,"try_number":1,"dag_id":"netflix_dbt_build","run_id":"scheduled__2026-06-29T00:00:00+00:00","logger":"py.warnings"}
{"timestamp":"2026-06-29T05:19:39.652258Z","level":"info","event":"DAG bundles loaded: dags-folder, example_dags","task_id":"seed_movie_release_dates_seed","ti_id":"019f11d1-6a78-73cc-8540-ea210d16fc14","map_index":-1,"try_number":1,"dag_id":"netflix_dbt_build","run_id":"scheduled__2026-06-29T00:00:00+00:00","logger":"airflow.dag_processing.bundles.manager.DagBundlesManager","filename":"manager.py","lineno":209}
{"timestamp":"2026-06-29T05:19:39.656597Z","level":"info","event":"Filling up the DagBag from /opt/airflow/dags/netflix_dbt_build.py","task_id":"seed_movie_release_dates_seed","ti_id":"019f11d1-6a78-73cc-8540-ea210d16fc14","map_index":-1,"try_number":1,"dag_id":"netflix_dbt_build","run_id":"scheduled__2026-06-29T00:00:00+00:00","logger":"airflow.dag_processing.dagbag.BundleDagBag","filename":"dagbag.py","lineno":469}
{"timestamp":"2026-06-29T05:19:39.891770Z","level":"info","event":"::group::Cosmos DAG parsing logs","logger":"cosmos.converter","task_id":"seed_movie_release_dates_seed","ti_id":"019f11d1-6a78-73cc-8540-ea210d16fc14","map_index":-1,"try_number":1,"dag_id":"netflix_dbt_build","run_id":"scheduled__2026-06-29T00:00:00+00:00","filename":"converter.py","lineno":293}
{"timestamp":"2026-06-29T05:19:39.897861Z","level":"info","event":"Trying to parse the dbt project using dbt ls cache cosmos_cache__netflix_dbt_build...","logger":"cosmos.dbt.graph","task_id":"seed_movie_release_dates_seed","ti_id":"019f11d1-6a78-73cc-8540-ea210d16fc14","map_index":-1,"try_number":1,"dag_id":"netflix_dbt_build","run_id":"scheduled__2026-06-29T00:00:00+00:00","filename":"graph.py","lineno":781}
{"timestamp":"2026-06-29T05:19:41.697298Z","level":"info","event":"Cosmos performance: time to calculate cache identifier cosmos_cache__netflix_dbt_build for current version: 1.634424715999998","logger":"cosmos.cache","task_id":"seed_movie_release_dates_seed","ti_id":"019f11d1-6a78-73cc-8540-ea210d16fc14","map_index":-1,"try_number":1,"dag_id":"netflix_dbt_build","run_id":"scheduled__2026-06-29T00:00:00+00:00","filename":"cache.py","lineno":333}
{"timestamp":"2026-06-29T05:19:41.699465Z","level":"info","event":"Cosmos performance [a4a7e12592be|69]: The cache size for cosmos_cache__netflix_dbt_build is 24254","logger":"cosmos.dbt.graph","task_id":"seed_movie_release_dates_seed","ti_id":"019f11d1-6a78-73cc-8540-ea210d16fc14","map_index":-1,"try_number":1,"dag_id":"netflix_dbt_build","run_id":"scheduled__2026-06-29T00:00:00+00:00","filename":"graph.py","lineno":798}
{"timestamp":"2026-06-29T05:19:41.717954Z","level":"info","event":"Cosmos performance: Cache hit for cosmos_cache__netflix_dbt_build - eb77c64bfed2631164d8b9a9a4890ed2,d41d8cd98f00b204e9800998ecf8427e","logger":"cosmos.dbt.graph","task_id":"seed_movie_release_dates_seed","ti_id":"019f11d1-6a78-73cc-8540-ea210d16fc14","map_index":-1,"try_number":1,"dag_id":"netflix_dbt_build","run_id":"scheduled__2026-06-29T00:00:00+00:00","filename":"graph.py","lineno":806}
{"timestamp":"2026-06-29T05:19:41.749265Z","level":"info","event":"Total nodes: 29","logger":"cosmos.dbt.graph","task_id":"seed_movie_release_dates_seed","ti_id":"019f11d1-6a78-73cc-8540-ea210d16fc14","map_index":-1,"try_number":1,"dag_id":"netflix_dbt_build","run_id":"scheduled__2026-06-29T00:00:00+00:00","filename":"graph.py","lineno":711}
{"timestamp":"2026-06-29T05:19:41.753492Z","level":"info","event":"Total filtered nodes: 29","logger":"cosmos.dbt.graph","task_id":"seed_movie_release_dates_seed","ti_id":"019f11d1-6a78-73cc-8540-ea210d16fc14","map_index":-1,"try_number":1,"dag_id":"netflix_dbt_build","run_id":"scheduled__2026-06-29T00:00:00+00:00","filename":"graph.py","lineno":712}
{"timestamp":"2026-06-29T05:19:43.834479Z","level":"info","event":"Cosmos performance (netflix_dbt_build) -  [a4a7e12592be|69]: It took 3.94s to parse the dbt project for DAG using LoadMode.DBT_LS_CACHE","logger":"cosmos.converter","task_id":"seed_movie_release_dates_seed","ti_id":"019f11d1-6a78-73cc-8540-ea210d16fc14","map_index":-1,"try_number":1,"dag_id":"netflix_dbt_build","run_id":"scheduled__2026-06-29T00:00:00+00:00","filename":"converter.py","lineno":340}
{"timestamp":"2026-06-29T05:19:44.426720Z","level":"info","event":"Cosmos performance (netflix_dbt_build) - [a4a7e12592be|69]: It took 0.592s to build the Airflow DAG.","logger":"cosmos.converter","task_id":"seed_movie_release_dates_seed","ti_id":"019f11d1-6a78-73cc-8540-ea210d16fc14","map_index":-1,"try_number":1,"dag_id":"netflix_dbt_build","run_id":"scheduled__2026-06-29T00:00:00+00:00","filename":"converter.py","lineno":387}
{"timestamp":"2026-06-29T05:19:44.428965Z","level":"info","event":"::endgroup::Cosmos DAG parsing logs","logger":"cosmos.converter","task_id":"seed_movie_release_dates_seed","ti_id":"019f11d1-6a78-73cc-8540-ea210d16fc14","map_index":-1,"try_number":1,"dag_id":"netflix_dbt_build","run_id":"scheduled__2026-06-29T00:00:00+00:00","filename":"converter.py","lineno":390}
{"timestamp":"2026-06-29T05:19:44.432016Z","level":"warning","event":"The `airflow.models.baseoperator.chain` attribute is deprecated. Please use `'airflow.sdk.bases.operator.chain'`.","category":"UserWarning","filename":"/opt/airflow/dags/netflix_dbt_build.py","lineno":3,"task_id":"seed_movie_release_dates_seed","ti_id":"019f11d1-6a78-73cc-8540-ea210d16fc14","map_index":-1,"try_number":1,"dag_id":"netflix_dbt_build","run_id":"scheduled__2026-06-29T00:00:00+00:00","logger":"py.warnings"}
{"timestamp":"2026-06-29T05:19:44.433462Z","level":"warning","event":"Import 'DAG' directly from the airflow module is deprecated and will be removed in the future. Please import it from 'airflow.sdk'.","category":"UserWarning","filename":"/home/airflow/.local/lib/python3.12/site-packages/cosmos/airflow/dag.py","lineno":9,"task_id":"seed_movie_release_dates_seed","ti_id":"019f11d1-6a78-73cc-8540-ea210d16fc14","map_index":-1,"try_number":1,"dag_id":"netflix_dbt_build","run_id":"scheduled__2026-06-29T00:00:00+00:00","logger":"py.warnings"}
{"timestamp":"2026-06-29T05:19:44.434869Z","level":"warning","event":"Using Variable.get from `airflow.models` is deprecated.Please use `get` on Variable from sdk(`airflow.sdk.Variable`) instead","category":"UserWarning","filename":"/home/airflow/.local/lib/python3.12/site-packages/airflow/models/variable.py","lineno":159,"task_id":"seed_movie_release_dates_seed","ti_id":"019f11d1-6a78-73cc-8540-ea210d16fc14","map_index":-1,"try_number":1,"dag_id":"netflix_dbt_build","run_id":"scheduled__2026-06-29T00:00:00+00:00","logger":"py.warnings"}
{"timestamp":"2026-06-29T05:19:44.617940Z","level":"info","event":"Task instance is in running state","logger":"task.stdout"}
{"timestamp":"2026-06-29T05:19:44.618833Z","level":"info","event":" Previous state of the Task instance: TaskInstanceState.QUEUED","logger":"task.stdout"}
{"timestamp":"2026-06-29T05:19:44.619539Z","level":"info","event":"Current task name:seed_movie_release_dates_seed","logger":"task.stdout"}
{"timestamp":"2026-06-29T05:19:44.620304Z","level":"info","event":"Dag name:netflix_dbt_build","logger":"task.stdout"}
{"timestamp":"2026-06-29T05:19:44.615986Z","level":"info","event":"::endgroup::","task_id":"seed_movie_release_dates_seed","ti_id":"019f11d1-6a78-73cc-8540-ea210d16fc14","map_index":-1,"try_number":1,"dag_id":"netflix_dbt_build","run_id":"scheduled__2026-06-29T00:00:00+00:00","logger":"task","filename":"task_runner.py","lineno":1727}
{"timestamp":"2026-06-29T05:19:50.195101Z","level":"info","event":"dbtRunner is available. Using dbtRunner for invoking dbt.","logger":"cosmos.operators.local","task_id":"seed_movie_release_dates_seed","ti_id":"019f11d1-6a78-73cc-8540-ea210d16fc14","map_index":-1,"try_number":1,"dag_id":"netflix_dbt_build","run_id":"scheduled__2026-06-29T00:00:00+00:00","filename":"local.py","lineno":269}
{"timestamp":"2026-06-29T05:19:50.196606Z","level":"info","event":"Cloning project to writable temp directory /tmp/tmpmwe2qfu5 from /opt/airflow/dbt/netflix","logger":"cosmos.operators.local","task_id":"seed_movie_release_dates_seed","ti_id":"019f11d1-6a78-73cc-8540-ea210d16fc14","map_index":-1,"try_number":1,"dag_id":"netflix_dbt_build","run_id":"scheduled__2026-06-29T00:00:00+00:00","filename":"local.py","lineno":494}
{"timestamp":"2026-06-29T05:19:50.237543Z","level":"info","event":"Partial parse is enabled and the latest partial parse file is /tmp/cosmos/netflix_dbt_build/target/partial_parse.msgpack","logger":"cosmos.operators.local","task_id":"seed_movie_release_dates_seed","ti_id":"019f11d1-6a78-73cc-8540-ea210d16fc14","map_index":-1,"try_number":1,"dag_id":"netflix_dbt_build","run_id":"scheduled__2026-06-29T00:00:00+00:00","filename":"local.py","lineno":514}
{"timestamp":"2026-06-29T05:19:50.391353Z","level":"info","event":"Profile caching is enable.","logger":"cosmos.config","task_id":"seed_movie_release_dates_seed","ti_id":"019f11d1-6a78-73cc-8540-ea210d16fc14","map_index":-1,"try_number":1,"dag_id":"netflix_dbt_build","run_id":"scheduled__2026-06-29T00:00:00+00:00","filename":"config.py","lineno":382}
{"timestamp":"2026-06-29T05:19:50.428636Z","level":"info","event":"Profile found in cache using profile: /tmp/cosmos/profile/f1d9fdbb1a43b4d6303bffc9280335c75387554b4de9226700e70e3cddda25fc/profiles.yml.","logger":"cosmos.config","task_id":"seed_movie_release_dates_seed","ti_id":"019f11d1-6a78-73cc-8540-ea210d16fc14","map_index":-1,"try_number":1,"dag_id":"netflix_dbt_build","run_id":"scheduled__2026-06-29T00:00:00+00:00","filename":"config.py","lineno":362}
{"timestamp":"2026-06-29T05:19:50.438043Z","level":"info","event":"Trying to run dbtRunner with:\n ['deps', '--project-dir', '/tmp/tmpmwe2qfu5', '--profiles-dir', '/tmp/cosmos/profile/f1d9fdbb1a43b4d6303bffc9280335c75387554b4de9226700e70e3cddda25fc', '--profile', 'netflix', '--target', 'dev', '--no-static-parser']\n in /tmp/tmpmwe2qfu5","logger":"cosmos.dbt.runner","task_id":"seed_movie_release_dates_seed","ti_id":"019f11d1-6a78-73cc-8540-ea210d16fc14","map_index":-1,"try_number":1,"dag_id":"netflix_dbt_build","run_id":"scheduled__2026-06-29T00:00:00+00:00","filename":"runner.py","lineno":98}
{"timestamp":"2026-06-29T05:19:50.908202Z","level":"info","event":"\u001b[0m05:19:50  Running with dbt=1.11.11","logger":"task.stdout"}
{"timestamp":"2026-06-29T05:19:52.929486Z","level":"info","event":"\u001b[0m05:19:52  Installing dbt-labs/dbt_utils","logger":"task.stdout"}
{"timestamp":"2026-06-29T05:19:54.207193Z","level":"info","event":"\u001b[0m05:19:54  Installed from version 1.4.0","logger":"task.stdout"}
{"timestamp":"2026-06-29T05:19:54.209796Z","level":"info","event":"\u001b[0m05:19:54  Updated version available: 1.4.1","logger":"task.stdout"}
{"timestamp":"2026-06-29T05:19:54.210875Z","level":"info","event":"\u001b[0m05:19:54","logger":"task.stdout"}
{"timestamp":"2026-06-29T05:19:54.211554Z","level":"info","event":"\u001b[0m05:19:54  Updates available for packages: ['dbt-labs/dbt_utils']","logger":"task.stdout"}
{"timestamp":"2026-06-29T05:19:54.212135Z","level":"info","event":"Update your versions in packages.yml, then run dbt deps","logger":"task.stdout"}
{"timestamp":"2026-06-29T05:19:55.691214Z","level":"info","event":"Trying to run dbtRunner with:\n ['seed', '--select', 'fqn:netflix.seed_movie_release_dates', '--project-dir', '/tmp/tmpmwe2qfu5', '--profiles-dir', '/tmp/cosmos/profile/f1d9fdbb1a43b4d6303bffc9280335c75387554b4de9226700e70e3cddda25fc', '--profile', 'netflix', '--target', 'dev', '--no-static-parser']\n in /tmp/tmpmwe2qfu5","logger":"cosmos.dbt.runner","task_id":"seed_movie_release_dates_seed","ti_id":"019f11d1-6a78-73cc-8540-ea210d16fc14","map_index":-1,"try_number":1,"dag_id":"netflix_dbt_build","run_id":"scheduled__2026-06-29T00:00:00+00:00","filename":"runner.py","lineno":98}
{"timestamp":"2026-06-29T05:19:55.767692Z","level":"info","event":"\u001b[0m05:19:55  Running with dbt=1.11.11","logger":"task.stdout"}
{"timestamp":"2026-06-29T05:19:56.328829Z","level":"warning","event":"urllib3 (2.5.0) or chardet (6.0.0.post1)/charset_normalizer (3.4.7) doesn't match a supported version!","category":"RequestsDependencyWarning","filename":"/home/airflow/.local/lib/python3.12/site-packages/snowflake/connector/vendored/requests/__init__.py","lineno":113,"task_id":"seed_movie_release_dates_seed","ti_id":"019f11d1-6a78-73cc-8540-ea210d16fc14","map_index":-1,"try_number":1,"dag_id":"netflix_dbt_build","run_id":"scheduled__2026-06-29T00:00:00+00:00","logger":"py.warnings"}
{"timestamp":"2026-06-29T05:19:58.905914Z","level":"info","event":"\u001b[0m05:19:58  Registered adapter: snowflake=1.8.4","logger":"task.stdout"}
{"timestamp":"2026-06-29T05:20:11.712262Z","level":"info","event":"\u001b[0m05:20:11  Found 13 models, 1 snapshot, 13 data tests, 1 seed, 1 source, 620 macros","logger":"task.stdout"}
{"timestamp":"2026-06-29T05:20:11.730917Z","level":"info","event":"\u001b[0m05:20:11","logger":"task.stdout"}
{"timestamp":"2026-06-29T05:20:11.744314Z","level":"info","event":"\u001b[0m05:20:11  Concurrency: 4 threads (target='dev')","logger":"task.stdout"}
{"timestamp":"2026-06-29T05:20:11.748473Z","level":"info","event":"\u001b[0m05:20:11","logger":"task.stdout"}
{"timestamp":"2026-06-29T05:20:11.873156Z","level":"info","event":"Snowflake Connector for Python Version: 3.18.0, Python Version: 3.12.13, Platform: Linux-6.18.33.1-microsoft-standard-WSL2-x86_64-with-glibc2.36","logger":"snowflake.connector.connection","filename":"connection.py","lineno":521}
{"timestamp":"2026-06-29T05:20:11.877736Z","level":"info","event":"Connecting to GLOBAL Snowflake domain","logger":"snowflake.connector.connection","filename":"connection.py","lineno":1464}
{"timestamp":"2026-06-29T05:20:16.797257Z","level":"info","event":"Snowflake Connector for Python Version: 3.18.0, Python Version: 3.12.13, Platform: Linux-6.18.33.1-microsoft-standard-WSL2-x86_64-with-glibc2.36","logger":"snowflake.connector.connection","filename":"connection.py","lineno":521}
{"timestamp":"2026-06-29T05:20:16.797602Z","level":"info","event":"Connecting to GLOBAL Snowflake domain","logger":"snowflake.connector.connection","filename":"connection.py","lineno":1464}
{"timestamp":"2026-06-29T05:20:16.823142Z","level":"info","event":"Snowflake Connector for Python Version: 3.18.0, Python Version: 3.12.13, Platform: Linux-6.18.33.1-microsoft-standard-WSL2-x86_64-with-glibc2.36","logger":"snowflake.connector.connection","filename":"connection.py","lineno":521}
{"timestamp":"2026-06-29T05:20:16.823457Z","level":"info","event":"Connecting to GLOBAL Snowflake domain","logger":"snowflake.connector.connection","filename":"connection.py","lineno":1464}
{"timestamp":"2026-06-29T05:20:18.546618Z","level":"info","event":"\u001b[0m05:20:18  1 of 1 START seed file DEV.seed_movie_release_dates ............................ [RUN]","logger":"task.stdout"}
{"timestamp":"2026-06-29T05:20:18.609614Z","level":"info","event":"Snowflake Connector for Python Version: 3.18.0, Python Version: 3.12.13, Platform: Linux-6.18.33.1-microsoft-standard-WSL2-x86_64-with-glibc2.36","logger":"snowflake.connector.connection","filename":"connection.py","lineno":521}
{"timestamp":"2026-06-29T05:20:18.610618Z","level":"info","event":"Connecting to GLOBAL Snowflake domain","logger":"snowflake.connector.connection","filename":"connection.py","lineno":1464}
{"timestamp":"2026-06-29T05:20:21.358947Z","level":"info","event":"\u001b[0m05:20:21  1 of 1 OK loaded seed file DEV.seed_movie_release_dates ........................ [\u001b[32mINSERT 5\u001b[0m in 2.81s]","logger":"task.stdout"}
{"timestamp":"2026-06-29T05:20:21.369867Z","level":"info","event":"\u001b[0m05:20:21","logger":"task.stdout"}
{"timestamp":"2026-06-29T05:20:21.371441Z","level":"info","event":"\u001b[0m05:20:21  Finished running 1 seed in 0 hours 0 minutes and 9.63 seconds (9.63s).","logger":"task.stdout"}
{"timestamp":"2026-06-29T05:20:21.440992Z","level":"info","event":"\u001b[0m05:20:21","logger":"task.stdout"}
{"timestamp":"2026-06-29T05:20:21.442175Z","level":"info","event":"\u001b[0m05:20:21  \u001b[32mCompleted successfully\u001b[0m","logger":"task.stdout"}
{"timestamp":"2026-06-29T05:20:21.444439Z","level":"info","event":"\u001b[0m05:20:21","logger":"task.stdout"}
{"timestamp":"2026-06-29T05:20:21.446628Z","level":"info","event":"\u001b[0m05:20:21  Done. PASS=1 WARN=0 ERROR=0 SKIP=0 NO-OP=0 TOTAL=1","logger":"task.stdout"}
{"timestamp":"2026-06-29T05:20:22.889792Z","level":"info","event":"Inlets: []","logger":"cosmos.operators.local","task_id":"seed_movie_release_dates_seed","ti_id":"019f11d1-6a78-73cc-8540-ea210d16fc14","map_index":-1,"try_number":1,"dag_id":"netflix_dbt_build","run_id":"scheduled__2026-06-29T00:00:00+00:00","filename":"local.py","lineno":571}
{"timestamp":"2026-06-29T05:20:22.890007Z","level":"info","event":"Outlets: []","logger":"cosmos.operators.local","task_id":"seed_movie_release_dates_seed","ti_id":"019f11d1-6a78-73cc-8540-ea210d16fc14","map_index":-1,"try_number":1,"dag_id":"netflix_dbt_build","run_id":"scheduled__2026-06-29T00:00:00+00:00","filename":"local.py","lineno":572}
{"timestamp":"2026-06-29T05:20:22.895928Z","level":"info","event":"Assigning outlets with DatasetAlias in Airflow 3","logger":"cosmos.operators.local","task_id":"seed_movie_release_dates_seed","ti_id":"019f11d1-6a78-73cc-8540-ea210d16fc14","map_index":-1,"try_number":1,"dag_id":"netflix_dbt_build","run_id":"scheduled__2026-06-29T00:00:00+00:00","filename":"local.py","lineno":823}
{"timestamp":"2026-06-29T05:20:22.928326Z","level":"info","event":"::group::Post Execute","task_id":"seed_movie_release_dates_seed","ti_id":"019f11d1-6a78-73cc-8540-ea210d16fc14","map_index":-1,"try_number":1,"dag_id":"netflix_dbt_build","run_id":"scheduled__2026-06-29T00:00:00+00:00","logger":"task","filename":"task_runner.py","lineno":1288}
{"timestamp":"2026-06-29T05:20:24.189529Z","level":"info","event":"Task instance in success state","logger":"task.stdout"}
{"timestamp":"2026-06-29T05:20:24.190888Z","level":"info","event":" Previous state of the Task instance: TaskInstanceState.RUNNING","logger":"task.stdout"}
{"timestamp":"2026-06-29T05:20:24.195996Z","level":"info","event":"Task operator:<Task(DbtSeedLocalOperator): seed_movie_release_dates_seed>","logger":"task.stdout"}
{"timestamp":"2026-06-29T05:20:24.196299Z","level":"info","event":"::endgroup::","task_id":"seed_movie_release_dates_seed","ti_id":"019f11d1-6a78-73cc-8540-ea210d16fc14","map_index":-1,"try_number":1,"dag_id":"netflix_dbt_build","run_id":"scheduled__2026-06-29T00:00:00+00:00","logger":"task","filename":"task_runner.py","lineno":1896}
