{"timestamp":"2026-06-27T03:16:14.274307Z","level":"info","event":"::group::Pre Execute","logger":"task","filename":"task_runner.py","lineno":1926}
{"timestamp":"2026-06-27T03:16:15.777388Z","level":"warning","event":"section/key [openlineage/namespace] not found in config","logger":"airflow.sdk._shared.configuration.parser","map_index":-1,"task_id":"netflix_models.src_genome_tags_run","dag_id":"netflix_dbt_pipeline","run_id":"manual__2026-06-27T03:12:59.853585+00:00","ti_id":"019f0713-e7d4-736b-a4db-3d986c3c4a2e","try_number":2,"filename":"parser.py","lineno":1361}
{"timestamp":"2026-06-27T03:16:15.787188Z","level":"warning","event":"airflow.exceptions.AirflowSkipException is deprecated and will be removed in a future version. Use airflow.sdk.exceptions.AirflowSkipException instead.","category":"DeprecatedImportWarning","filename":"/home/airflow/.local/lib/python3.12/site-packages/cosmos/operators/local.py","lineno":19,"map_index":-1,"task_id":"netflix_models.src_genome_tags_run","dag_id":"netflix_dbt_pipeline","run_id":"manual__2026-06-27T03:12:59.853585+00:00","ti_id":"019f0713-e7d4-736b-a4db-3d986c3c4a2e","try_number":2,"logger":"py.warnings"}
{"timestamp":"2026-06-27T03:16:15.993622Z","level":"info","event":"DAG bundles loaded: dags-folder, example_dags","map_index":-1,"task_id":"netflix_models.src_genome_tags_run","dag_id":"netflix_dbt_pipeline","run_id":"manual__2026-06-27T03:12:59.853585+00:00","ti_id":"019f0713-e7d4-736b-a4db-3d986c3c4a2e","try_number":2,"logger":"airflow.dag_processing.bundles.manager.DagBundlesManager","filename":"manager.py","lineno":209}
{"timestamp":"2026-06-27T03:16:16.005005Z","level":"info","event":"Filling up the DagBag from /opt/airflow/dags/netflix_dbt_dag.py","map_index":-1,"task_id":"netflix_models.src_genome_tags_run","dag_id":"netflix_dbt_pipeline","run_id":"manual__2026-06-27T03:12:59.853585+00:00","ti_id":"019f0713-e7d4-736b-a4db-3d986c3c4a2e","try_number":2,"logger":"airflow.dag_processing.dagbag.BundleDagBag","filename":"dagbag.py","lineno":469}
{"timestamp":"2026-06-27T03:16:16.203442Z","level":"info","event":"::group::Cosmos DAG parsing logs","logger":"cosmos.converter","map_index":-1,"task_id":"netflix_models.src_genome_tags_run","dag_id":"netflix_dbt_pipeline","run_id":"manual__2026-06-27T03:12:59.853585+00:00","ti_id":"019f0713-e7d4-736b-a4db-3d986c3c4a2e","try_number":2,"filename":"converter.py","lineno":293}
{"timestamp":"2026-06-27T03:16:16.210246Z","level":"info","event":"Trying to parse the dbt project using dbt ls cache cosmos_cache__netflix_dbt_pipeline__netflix_models...","logger":"cosmos.dbt.graph","map_index":-1,"task_id":"netflix_models.src_genome_tags_run","dag_id":"netflix_dbt_pipeline","run_id":"manual__2026-06-27T03:12:59.853585+00:00","ti_id":"019f0713-e7d4-736b-a4db-3d986c3c4a2e","try_number":2,"filename":"graph.py","lineno":781}
{"timestamp":"2026-06-27T03:16:17.878670Z","level":"info","event":"Cosmos performance: time to calculate cache identifier cosmos_cache__netflix_dbt_pipeline__netflix_models for current version: 1.5964537509989896","logger":"cosmos.cache","map_index":-1,"task_id":"netflix_models.src_genome_tags_run","dag_id":"netflix_dbt_pipeline","run_id":"manual__2026-06-27T03:12:59.853585+00:00","ti_id":"019f0713-e7d4-736b-a4db-3d986c3c4a2e","try_number":2,"filename":"cache.py","lineno":333}
{"timestamp":"2026-06-27T03:16:17.879285Z","level":"info","event":"Cosmos performance [012d72c8b52a|327]: The cache size for cosmos_cache__netflix_dbt_pipeline__netflix_models is 24254","logger":"cosmos.dbt.graph","map_index":-1,"task_id":"netflix_models.src_genome_tags_run","dag_id":"netflix_dbt_pipeline","run_id":"manual__2026-06-27T03:12:59.853585+00:00","ti_id":"019f0713-e7d4-736b-a4db-3d986c3c4a2e","try_number":2,"filename":"graph.py","lineno":798}
{"timestamp":"2026-06-27T03:16:17.881686Z","level":"info","event":"Cosmos performance: Cache hit for cosmos_cache__netflix_dbt_pipeline__netflix_models - eb77c64bfed2631164d8b9a9a4890ed2,d41d8cd98f00b204e9800998ecf8427e","logger":"cosmos.dbt.graph","map_index":-1,"task_id":"netflix_models.src_genome_tags_run","dag_id":"netflix_dbt_pipeline","run_id":"manual__2026-06-27T03:12:59.853585+00:00","ti_id":"019f0713-e7d4-736b-a4db-3d986c3c4a2e","try_number":2,"filename":"graph.py","lineno":806}
{"timestamp":"2026-06-27T03:16:17.891502Z","level":"info","event":"Total nodes: 29","logger":"cosmos.dbt.graph","map_index":-1,"task_id":"netflix_models.src_genome_tags_run","dag_id":"netflix_dbt_pipeline","run_id":"manual__2026-06-27T03:12:59.853585+00:00","ti_id":"019f0713-e7d4-736b-a4db-3d986c3c4a2e","try_number":2,"filename":"graph.py","lineno":711}
{"timestamp":"2026-06-27T03:16:17.892483Z","level":"info","event":"Total filtered nodes: 29","logger":"cosmos.dbt.graph","map_index":-1,"task_id":"netflix_models.src_genome_tags_run","dag_id":"netflix_dbt_pipeline","run_id":"manual__2026-06-27T03:12:59.853585+00:00","ti_id":"019f0713-e7d4-736b-a4db-3d986c3c4a2e","try_number":2,"filename":"graph.py","lineno":712}
{"timestamp":"2026-06-27T03:16:17.893222Z","level":"info","event":"Cosmos performance (netflix_dbt_pipeline__netflix_models) -  [012d72c8b52a|327]: It took 1.68s to parse the dbt project for DAG using LoadMode.DBT_LS_CACHE","logger":"cosmos.converter","map_index":-1,"task_id":"netflix_models.src_genome_tags_run","dag_id":"netflix_dbt_pipeline","run_id":"manual__2026-06-27T03:12:59.853585+00:00","ti_id":"019f0713-e7d4-736b-a4db-3d986c3c4a2e","try_number":2,"filename":"converter.py","lineno":340}
{"timestamp":"2026-06-27T03:16:18.113961Z","level":"info","event":"Cosmos performance (netflix_dbt_pipeline__netflix_models) - [012d72c8b52a|327]: It took 0.221s to build the Airflow DAG.","logger":"cosmos.converter","map_index":-1,"task_id":"netflix_models.src_genome_tags_run","dag_id":"netflix_dbt_pipeline","run_id":"manual__2026-06-27T03:12:59.853585+00:00","ti_id":"019f0713-e7d4-736b-a4db-3d986c3c4a2e","try_number":2,"filename":"converter.py","lineno":387}
{"timestamp":"2026-06-27T03:16:18.114152Z","level":"info","event":"::endgroup::Cosmos DAG parsing logs","logger":"cosmos.converter","map_index":-1,"task_id":"netflix_models.src_genome_tags_run","dag_id":"netflix_dbt_pipeline","run_id":"manual__2026-06-27T03:12:59.853585+00:00","ti_id":"019f0713-e7d4-736b-a4db-3d986c3c4a2e","try_number":2,"filename":"converter.py","lineno":390}
{"timestamp":"2026-06-27T03:16:18.114658Z","level":"warning","event":"Using Variable.get from `airflow.models` is deprecated.Please use `get` on Variable from sdk(`airflow.sdk.Variable`) instead","category":"UserWarning","filename":"/home/airflow/.local/lib/python3.12/site-packages/airflow/models/variable.py","lineno":159,"map_index":-1,"task_id":"netflix_models.src_genome_tags_run","dag_id":"netflix_dbt_pipeline","run_id":"manual__2026-06-27T03:12:59.853585+00:00","ti_id":"019f0713-e7d4-736b-a4db-3d986c3c4a2e","try_number":2,"logger":"py.warnings"}
{"timestamp":"2026-06-27T03:16:18.185543Z","level":"info","event":"Task instance is in running state","logger":"task.stdout"}
{"timestamp":"2026-06-27T03:16:18.186600Z","level":"info","event":" Previous state of the Task instance: TaskInstanceState.QUEUED","logger":"task.stdout"}
{"timestamp":"2026-06-27T03:16:18.188287Z","level":"info","event":"Current task name:netflix_models.src_genome_tags_run","logger":"task.stdout"}
{"timestamp":"2026-06-27T03:16:18.189114Z","level":"info","event":"Dag name:netflix_dbt_pipeline","logger":"task.stdout"}
{"timestamp":"2026-06-27T03:16:18.181992Z","level":"info","event":"::endgroup::","map_index":-1,"task_id":"netflix_models.src_genome_tags_run","dag_id":"netflix_dbt_pipeline","run_id":"manual__2026-06-27T03:12:59.853585+00:00","ti_id":"019f0713-e7d4-736b-a4db-3d986c3c4a2e","try_number":2,"logger":"task","filename":"task_runner.py","lineno":1727}
{"timestamp":"2026-06-27T03:16:22.219288Z","level":"info","event":"dbtRunner is available. Using dbtRunner for invoking dbt.","logger":"cosmos.operators.local","map_index":-1,"task_id":"netflix_models.src_genome_tags_run","dag_id":"netflix_dbt_pipeline","run_id":"manual__2026-06-27T03:12:59.853585+00:00","ti_id":"019f0713-e7d4-736b-a4db-3d986c3c4a2e","try_number":2,"filename":"local.py","lineno":269}
{"timestamp":"2026-06-27T03:16:22.224302Z","level":"info","event":"Cloning project to writable temp directory /tmp/tmpf60xkigu from /opt/airflow/dbt/netflix","logger":"cosmos.operators.local","map_index":-1,"task_id":"netflix_models.src_genome_tags_run","dag_id":"netflix_dbt_pipeline","run_id":"manual__2026-06-27T03:12:59.853585+00:00","ti_id":"019f0713-e7d4-736b-a4db-3d986c3c4a2e","try_number":2,"filename":"local.py","lineno":494}
{"timestamp":"2026-06-27T03:16:22.240056Z","level":"info","event":"Partial parse is enabled and the latest partial parse file is /tmp/cosmos/netflix_dbt_pipeline__netflix_models/target/partial_parse.msgpack","logger":"cosmos.operators.local","map_index":-1,"task_id":"netflix_models.src_genome_tags_run","dag_id":"netflix_dbt_pipeline","run_id":"manual__2026-06-27T03:12:59.853585+00:00","ti_id":"019f0713-e7d4-736b-a4db-3d986c3c4a2e","try_number":2,"filename":"local.py","lineno":514}
{"timestamp":"2026-06-27T03:16:22.331074Z","level":"info","event":"Profile caching is enable.","logger":"cosmos.config","map_index":-1,"task_id":"netflix_models.src_genome_tags_run","dag_id":"netflix_dbt_pipeline","run_id":"manual__2026-06-27T03:12:59.853585+00:00","ti_id":"019f0713-e7d4-736b-a4db-3d986c3c4a2e","try_number":2,"filename":"config.py","lineno":382}
{"timestamp":"2026-06-27T03:16:22.377967Z","level":"info","event":"Profile found in cache using profile: /tmp/cosmos/profile/393fe3eb83c64251326783135b147a21d556e0f7a18f27fac62e71257758b615/profiles.yml.","logger":"cosmos.config","map_index":-1,"task_id":"netflix_models.src_genome_tags_run","dag_id":"netflix_dbt_pipeline","run_id":"manual__2026-06-27T03:12:59.853585+00:00","ti_id":"019f0713-e7d4-736b-a4db-3d986c3c4a2e","try_number":2,"filename":"config.py","lineno":362}
{"timestamp":"2026-06-27T03:16:22.394511Z","level":"info","event":"Trying to run dbtRunner with:\n ['deps', '--project-dir', '/tmp/tmpf60xkigu', '--profiles-dir', '/tmp/cosmos/profile/393fe3eb83c64251326783135b147a21d556e0f7a18f27fac62e71257758b615', '--profile', 'netflix', '--target', 'dev', '--no-static-parser']\n in /tmp/tmpf60xkigu","logger":"cosmos.dbt.runner","map_index":-1,"task_id":"netflix_models.src_genome_tags_run","dag_id":"netflix_dbt_pipeline","run_id":"manual__2026-06-27T03:12:59.853585+00:00","ti_id":"019f0713-e7d4-736b-a4db-3d986c3c4a2e","try_number":2,"filename":"runner.py","lineno":98}
{"timestamp":"2026-06-27T03:16:22.765699Z","level":"info","event":"\u001b[0m03:16:22  Running with dbt=1.11.11","logger":"task.stdout"}
{"timestamp":"2026-06-27T03:16:23.915663Z","level":"info","event":"\u001b[0m03:16:23  Installing dbt-labs/dbt_utils","logger":"task.stdout"}
{"timestamp":"2026-06-27T03:16:24.682765Z","level":"info","event":"\u001b[0m03:16:24  Installed from version 1.4.0","logger":"task.stdout"}
{"timestamp":"2026-06-27T03:16:24.685043Z","level":"info","event":"\u001b[0m03:16:24  Up to date!","logger":"task.stdout"}
{"timestamp":"2026-06-27T03:16:26.036565Z","level":"info","event":"Trying to run dbtRunner with:\n ['run', '--select', 'fqn:netflix.staging.src_genome_tags', '--project-dir', '/tmp/tmpf60xkigu', '--profiles-dir', '/tmp/cosmos/profile/393fe3eb83c64251326783135b147a21d556e0f7a18f27fac62e71257758b615', '--profile', 'netflix', '--target', 'dev', '--no-static-parser']\n in /tmp/tmpf60xkigu","logger":"cosmos.dbt.runner","map_index":-1,"task_id":"netflix_models.src_genome_tags_run","dag_id":"netflix_dbt_pipeline","run_id":"manual__2026-06-27T03:12:59.853585+00:00","ti_id":"019f0713-e7d4-736b-a4db-3d986c3c4a2e","try_number":2,"filename":"runner.py","lineno":98}
{"timestamp":"2026-06-27T03:16:26.057525Z","level":"info","event":"\u001b[0m03:16:26  Running with dbt=1.11.11","logger":"task.stdout"}
{"timestamp":"2026-06-27T03:16:26.278946Z","level":"warning","event":"urllib3 (2.5.0) or chardet (6.0.0.post1)/charset_normalizer (3.4.7) doesn't match a supported version!","category":"RequestsDependencyWarning","filename":"/home/airflow/.local/lib/python3.12/site-packages/snowflake/connector/vendored/requests/__init__.py","lineno":113,"map_index":-1,"task_id":"netflix_models.src_genome_tags_run","dag_id":"netflix_dbt_pipeline","run_id":"manual__2026-06-27T03:12:59.853585+00:00","ti_id":"019f0713-e7d4-736b-a4db-3d986c3c4a2e","try_number":2,"logger":"py.warnings"}
{"timestamp":"2026-06-27T03:16:29.212851Z","level":"info","event":"\u001b[0m03:16:29  Registered adapter: snowflake=1.8.4","logger":"task.stdout"}
{"timestamp":"2026-06-27T03:16:39.012412Z","level":"info","event":"\u001b[0m03:16:39  Unable to do partial parsing because config vars, config profile, or config target have changed","logger":"task.stdout"}
{"timestamp":"2026-06-27T03:16:39.014149Z","level":"info","event":"\u001b[0m03:16:39  Unable to do partial parsing because profile has changed","logger":"task.stdout"}
{"timestamp":"2026-06-27T03:16:55.234145Z","level":"info","event":"\u001b[0m03:16:55  [\u001b[33mWARNING\u001b[0m][MissingArgumentsPropertyInGenericTestDeprecation]: Deprecated","logger":"task.stdout"}
{"timestamp":"2026-06-27T03:16:55.239707Z","level":"info","event":"functionality","logger":"task.stdout"}
{"timestamp":"2026-06-27T03:16:55.240394Z","level":"info","event":"Found top-level arguments to test `relationships` defined on 'fct_ratings' in","logger":"task.stdout"}
{"timestamp":"2026-06-27T03:16:55.240823Z","level":"info","event":"package 'netflix' (models/schema.yml). Arguments to generic tests should be","logger":"task.stdout"}
{"timestamp":"2026-06-27T03:16:55.241193Z","level":"info","event":"nested under the `arguments` property.","logger":"task.stdout"}
{"timestamp":"2026-06-27T03:16:58.641077Z","level":"info","event":"\u001b[0m03:16:58  Found 13 models, 1 snapshot, 13 data tests, 1 seed, 1 source, 620 macros","logger":"task.stdout"}
{"timestamp":"2026-06-27T03:16:58.648234Z","level":"info","event":"\u001b[0m03:16:58","logger":"task.stdout"}
{"timestamp":"2026-06-27T03:16:58.649458Z","level":"info","event":"\u001b[0m03:16:58  Concurrency: 4 threads (target='dev')","logger":"task.stdout"}
{"timestamp":"2026-06-27T03:16:58.656436Z","level":"info","event":"\u001b[0m03:16:58","logger":"task.stdout"}
{"timestamp":"2026-06-27T03:16:58.714495Z","level":"info","event":"Snowflake Connector for Python Version: 3.18.0, Python Version: 3.12.13, Platform: Linux-6.18.33.1-microsoft-standard-WSL2-x86_64-with-glibc2.36","logger":"snowflake.connector.connection","filename":"connection.py","lineno":521}
{"timestamp":"2026-06-27T03:16:58.715059Z","level":"info","event":"Connecting to GLOBAL Snowflake domain","logger":"snowflake.connector.connection","filename":"connection.py","lineno":1464}
{"timestamp":"2026-06-27T03:17:06.123114Z","level":"info","event":"\u001b[0m03:17:06","logger":"task.stdout"}
{"timestamp":"2026-06-27T03:17:06.124131Z","level":"info","event":"\u001b[0m03:17:06  Finished running  in 0 hours 0 minutes and 7.47 seconds (7.47s).","logger":"task.stdout"}
{"timestamp":"2026-06-27T03:17:06.124729Z","level":"info","event":"\u001b[0m03:17:06  Encountered an error:","logger":"task.stdout"}
{"timestamp":"2026-06-27T03:17:06.125288Z","level":"info","event":"Runtime Error","logger":"task.stdout"}
{"timestamp":"2026-06-27T03:17:06.125764Z","level":"info","event":"  Database error while listing schemas in database \"PROJECT_DB\"","logger":"task.stdout"}
{"timestamp":"2026-06-27T03:17:06.126186Z","level":"info","event":"  Database Error","logger":"task.stdout"}
{"timestamp":"2026-06-27T03:17:06.126552Z","level":"info","event":"    250001 (08001): None: Failed to connect to DB: KSEVHVG-LZ08773.snowflakecomputing.com:443. Incorrect username or password was specified.","logger":"task.stdout"}
{"timestamp":"2026-06-27T03:17:06.126973Z","level":"info","event":"\u001b[0m03:17:06  [\u001b[33mWARNING\u001b[0m][DeprecationsSummary]: Deprecated functionality","logger":"task.stdout"}
{"timestamp":"2026-06-27T03:17:06.127316Z","level":"info","event":"Summary of encountered deprecations:","logger":"task.stdout"}
{"timestamp":"2026-06-27T03:17:06.127853Z","level":"info","event":"- MissingArgumentsPropertyInGenericTestDeprecation: 1 occurrence","logger":"task.stdout"}
{"timestamp":"2026-06-27T03:17:06.128411Z","level":"info","event":"To see all deprecation instances instead of just the first occurrence of each,","logger":"task.stdout"}
{"timestamp":"2026-06-27T03:17:06.129452Z","level":"info","event":"run command again with the `--show-all-deprecations` flag. You may also need to","logger":"task.stdout"}
{"timestamp":"2026-06-27T03:17:06.130320Z","level":"info","event":"run with `--no-partial-parse` as some deprecations are only encountered during","logger":"task.stdout"}
{"timestamp":"2026-06-27T03:17:06.131015Z","level":"info","event":"parsing.","logger":"task.stdout"}
{"timestamp":"2026-06-27T03:17:07.775319Z","level":"info","event":"Inlets: []","logger":"cosmos.operators.local","map_index":-1,"task_id":"netflix_models.src_genome_tags_run","dag_id":"netflix_dbt_pipeline","run_id":"manual__2026-06-27T03:12:59.853585+00:00","ti_id":"019f0713-e7d4-736b-a4db-3d986c3c4a2e","try_number":2,"filename":"local.py","lineno":571}
{"timestamp":"2026-06-27T03:17:07.792058Z","level":"info","event":"Outlets: []","logger":"cosmos.operators.local","map_index":-1,"task_id":"netflix_models.src_genome_tags_run","dag_id":"netflix_dbt_pipeline","run_id":"manual__2026-06-27T03:12:59.853585+00:00","ti_id":"019f0713-e7d4-736b-a4db-3d986c3c4a2e","try_number":2,"filename":"local.py","lineno":572}
{"timestamp":"2026-06-27T03:17:07.792513Z","level":"info","event":"Assigning outlets with DatasetAlias in Airflow 3","logger":"cosmos.operators.local","map_index":-1,"task_id":"netflix_models.src_genome_tags_run","dag_id":"netflix_dbt_pipeline","run_id":"manual__2026-06-27T03:12:59.853585+00:00","ti_id":"019f0713-e7d4-736b-a4db-3d986c3c4a2e","try_number":2,"filename":"local.py","lineno":823}
{"timestamp":"2026-06-27T03:17:07.812689Z","level":"error","event":"Task failed with exception","map_index":-1,"task_id":"netflix_models.src_genome_tags_run","dag_id":"netflix_dbt_pipeline","run_id":"manual__2026-06-27T03:12:59.853585+00:00","ti_id":"019f0713-e7d4-736b-a4db-3d986c3c4a2e","try_number":2,"logger":"task","filename":"task_runner.py","lineno":1381,"error_detail":[{"exc_type":"CosmosDbtRunError","exc_value":"dbt invocation did not complete with unhandled error: Runtime Error\n  Database error while listing schemas in database \"PROJECT_DB\"\n  Database Error\n    250001 (08001): None: Failed to connect to DB: KSEVHVG-LZ08773.snowflakecomputing.com:443. Incorrect username or password was specified.","exc_notes":[],"syntax_error":null,"is_cause":false,"frames":[{"filename":"/home/airflow/.local/lib/python3.12/site-packages/airflow/sdk/execution_time/task_runner.py","lineno":1287,"name":"run"},{"filename":"/home/airflow/.local/lib/python3.12/site-packages/airflow/sdk/execution_time/task_runner.py","lineno":1745,"name":"_execute_task"},{"filename":"/home/airflow/.local/lib/python3.12/site-packages/cosmos/operators/base.py","lineno":346,"name":"execute"},{"filename":"/home/airflow/.local/lib/python3.12/site-packages/cosmos/operators/local.py","lineno":887,"name":"build_and_run_cmd"},{"filename":"/home/airflow/.local/lib/python3.12/site-packages/cosmos/operators/local.py","lineno":706,"name":"run_command"},{"filename":"/home/airflow/.local/lib/python3.12/site-packages/cosmos/operators/local.py","lineno":283,"name":"handle_exception_dbt_runner"},{"filename":"/home/airflow/.local/lib/python3.12/site-packages/cosmos/dbt/runner.py","lineno":155,"name":"handle_exception_if_needed"}],"is_group":false,"exceptions":[]}]}
{"timestamp":"2026-06-27T03:17:07.813239Z","level":"info","event":"::group::Post Execute","map_index":-1,"task_id":"netflix_models.src_genome_tags_run","dag_id":"netflix_dbt_pipeline","run_id":"manual__2026-06-27T03:12:59.853585+00:00","ti_id":"019f0713-e7d4-736b-a4db-3d986c3c4a2e","try_number":2,"logger":"task","filename":"task_runner.py","lineno":1382}
{"timestamp":"2026-06-27T03:17:08.973055Z","level":"info","event":"Task instance in failure state","logger":"task.stdout"}
{"timestamp":"2026-06-27T03:17:08.974002Z","level":"info","event":"Task start","logger":"task.stdout"}
{"timestamp":"2026-06-27T03:17:08.975705Z","level":"info","event":"Task:<Task(DbtRunLocalOperator): netflix_models.src_genome_tags_run>","logger":"task.stdout"}
{"timestamp":"2026-06-27T03:17:08.976379Z","level":"info","event":"Failure caused by dbt invocation did not complete with unhandled error: Runtime Error","logger":"task.stdout"}
{"timestamp":"2026-06-27T03:17:08.976988Z","level":"info","event":"  Database error while listing schemas in database \"PROJECT_DB\"","logger":"task.stdout"}
{"timestamp":"2026-06-27T03:17:08.977489Z","level":"info","event":"  Database Error","logger":"task.stdout"}
{"timestamp":"2026-06-27T03:17:08.977949Z","level":"info","event":"    250001 (08001): None: Failed to connect to DB: KSEVHVG-LZ08773.snowflakecomputing.com:443. Incorrect username or password was specified.","logger":"task.stdout"}
{"timestamp":"2026-06-27T03:17:08.973855Z","level":"info","event":"::endgroup::","map_index":-1,"task_id":"netflix_models.src_genome_tags_run","dag_id":"netflix_dbt_pipeline","run_id":"manual__2026-06-27T03:12:59.853585+00:00","ti_id":"019f0713-e7d4-736b-a4db-3d986c3c4a2e","try_number":2,"logger":"task","filename":"task_runner.py","lineno":1896}
{"timestamp":"2026-06-27T03:17:09.017066Z","level":"error","event":"/usr/python/lib/python3.12/multiprocessing/resource_tracker.py:279: UserWarning: resource_tracker: There appear to be 2 leaked semaphore objects to clean up at shutdown","logger":"task.stderr"}
{"timestamp":"2026-06-27T03:17:09.018040Z","level":"error","event":"  warnings.warn('resource_tracker: There appear to be %d '","logger":"task.stderr"}
