{"timestamp":"2026-06-27T03:16:14.287805Z","level":"info","event":"::group::Pre Execute","logger":"task","filename":"task_runner.py","lineno":1926}
{"timestamp":"2026-06-27T03:16:15.647331Z","level":"warning","event":"section/key [openlineage/namespace] not found in config","logger":"airflow.sdk._shared.configuration.parser","ti_id":"019f0713-e7e6-7732-912a-0ce3a3a69c0e","dag_id":"netflix_dbt_pipeline","run_id":"manual__2026-06-27T03:12:59.853585+00:00","task_id":"netflix_models.src_movies_run","map_index":-1,"try_number":2,"filename":"parser.py","lineno":1361}
{"timestamp":"2026-06-27T03:16:15.670401Z","level":"warning","event":"airflow.exceptions.AirflowSkipException is deprecated and will be removed in a future version. Use airflow.sdk.exceptions.AirflowSkipException instead.","category":"DeprecatedImportWarning","filename":"/home/airflow/.local/lib/python3.12/site-packages/cosmos/operators/local.py","lineno":19,"ti_id":"019f0713-e7e6-7732-912a-0ce3a3a69c0e","dag_id":"netflix_dbt_pipeline","run_id":"manual__2026-06-27T03:12:59.853585+00:00","task_id":"netflix_models.src_movies_run","map_index":-1,"try_number":2,"logger":"py.warnings"}
{"timestamp":"2026-06-27T03:16:16.159639Z","level":"info","event":"DAG bundles loaded: dags-folder, example_dags","ti_id":"019f0713-e7e6-7732-912a-0ce3a3a69c0e","dag_id":"netflix_dbt_pipeline","run_id":"manual__2026-06-27T03:12:59.853585+00:00","task_id":"netflix_models.src_movies_run","map_index":-1,"try_number":2,"logger":"airflow.dag_processing.bundles.manager.DagBundlesManager","filename":"manager.py","lineno":209}
{"timestamp":"2026-06-27T03:16:16.161861Z","level":"info","event":"Filling up the DagBag from /opt/airflow/dags/netflix_dbt_dag.py","ti_id":"019f0713-e7e6-7732-912a-0ce3a3a69c0e","dag_id":"netflix_dbt_pipeline","run_id":"manual__2026-06-27T03:12:59.853585+00:00","task_id":"netflix_models.src_movies_run","map_index":-1,"try_number":2,"logger":"airflow.dag_processing.dagbag.BundleDagBag","filename":"dagbag.py","lineno":469}
{"timestamp":"2026-06-27T03:16:16.289075Z","level":"info","event":"::group::Cosmos DAG parsing logs","logger":"cosmos.converter","ti_id":"019f0713-e7e6-7732-912a-0ce3a3a69c0e","dag_id":"netflix_dbt_pipeline","run_id":"manual__2026-06-27T03:12:59.853585+00:00","task_id":"netflix_models.src_movies_run","map_index":-1,"try_number":2,"filename":"converter.py","lineno":293}
{"timestamp":"2026-06-27T03:16:16.296301Z","level":"info","event":"Trying to parse the dbt project using dbt ls cache cosmos_cache__netflix_dbt_pipeline__netflix_models...","logger":"cosmos.dbt.graph","ti_id":"019f0713-e7e6-7732-912a-0ce3a3a69c0e","dag_id":"netflix_dbt_pipeline","run_id":"manual__2026-06-27T03:12:59.853585+00:00","task_id":"netflix_models.src_movies_run","map_index":-1,"try_number":2,"filename":"graph.py","lineno":781}
{"timestamp":"2026-06-27T03:16:17.880287Z","level":"info","event":"Cosmos performance: time to calculate cache identifier cosmos_cache__netflix_dbt_pipeline__netflix_models for current version: 1.3751483480009483","logger":"cosmos.cache","ti_id":"019f0713-e7e6-7732-912a-0ce3a3a69c0e","dag_id":"netflix_dbt_pipeline","run_id":"manual__2026-06-27T03:12:59.853585+00:00","task_id":"netflix_models.src_movies_run","map_index":-1,"try_number":2,"filename":"cache.py","lineno":333}
{"timestamp":"2026-06-27T03:16:17.880581Z","level":"info","event":"Cosmos performance [012d72c8b52a|329]: The cache size for cosmos_cache__netflix_dbt_pipeline__netflix_models is 24254","logger":"cosmos.dbt.graph","ti_id":"019f0713-e7e6-7732-912a-0ce3a3a69c0e","dag_id":"netflix_dbt_pipeline","run_id":"manual__2026-06-27T03:12:59.853585+00:00","task_id":"netflix_models.src_movies_run","map_index":-1,"try_number":2,"filename":"graph.py","lineno":798}
{"timestamp":"2026-06-27T03:16:17.882151Z","level":"info","event":"Cosmos performance: Cache hit for cosmos_cache__netflix_dbt_pipeline__netflix_models - eb77c64bfed2631164d8b9a9a4890ed2,d41d8cd98f00b204e9800998ecf8427e","logger":"cosmos.dbt.graph","ti_id":"019f0713-e7e6-7732-912a-0ce3a3a69c0e","dag_id":"netflix_dbt_pipeline","run_id":"manual__2026-06-27T03:12:59.853585+00:00","task_id":"netflix_models.src_movies_run","map_index":-1,"try_number":2,"filename":"graph.py","lineno":806}
{"timestamp":"2026-06-27T03:16:17.885077Z","level":"info","event":"Total nodes: 29","logger":"cosmos.dbt.graph","ti_id":"019f0713-e7e6-7732-912a-0ce3a3a69c0e","dag_id":"netflix_dbt_pipeline","run_id":"manual__2026-06-27T03:12:59.853585+00:00","task_id":"netflix_models.src_movies_run","map_index":-1,"try_number":2,"filename":"graph.py","lineno":711}
{"timestamp":"2026-06-27T03:16:17.885564Z","level":"info","event":"Total filtered nodes: 29","logger":"cosmos.dbt.graph","ti_id":"019f0713-e7e6-7732-912a-0ce3a3a69c0e","dag_id":"netflix_dbt_pipeline","run_id":"manual__2026-06-27T03:12:59.853585+00:00","task_id":"netflix_models.src_movies_run","map_index":-1,"try_number":2,"filename":"graph.py","lineno":712}
{"timestamp":"2026-06-27T03:16:17.885990Z","level":"info","event":"Cosmos performance (netflix_dbt_pipeline__netflix_models) -  [012d72c8b52a|329]: It took 1.59s to parse the dbt project for DAG using LoadMode.DBT_LS_CACHE","logger":"cosmos.converter","ti_id":"019f0713-e7e6-7732-912a-0ce3a3a69c0e","dag_id":"netflix_dbt_pipeline","run_id":"manual__2026-06-27T03:12:59.853585+00:00","task_id":"netflix_models.src_movies_run","map_index":-1,"try_number":2,"filename":"converter.py","lineno":340}
{"timestamp":"2026-06-27T03:16:18.117398Z","level":"info","event":"Cosmos performance (netflix_dbt_pipeline__netflix_models) - [012d72c8b52a|329]: It took 0.231s to build the Airflow DAG.","logger":"cosmos.converter","ti_id":"019f0713-e7e6-7732-912a-0ce3a3a69c0e","dag_id":"netflix_dbt_pipeline","run_id":"manual__2026-06-27T03:12:59.853585+00:00","task_id":"netflix_models.src_movies_run","map_index":-1,"try_number":2,"filename":"converter.py","lineno":387}
{"timestamp":"2026-06-27T03:16:18.117725Z","level":"info","event":"::endgroup::Cosmos DAG parsing logs","logger":"cosmos.converter","ti_id":"019f0713-e7e6-7732-912a-0ce3a3a69c0e","dag_id":"netflix_dbt_pipeline","run_id":"manual__2026-06-27T03:12:59.853585+00:00","task_id":"netflix_models.src_movies_run","map_index":-1,"try_number":2,"filename":"converter.py","lineno":390}
{"timestamp":"2026-06-27T03:16:18.118426Z","level":"warning","event":"Using Variable.get from `airflow.models` is deprecated.Please use `get` on Variable from sdk(`airflow.sdk.Variable`) instead","category":"UserWarning","filename":"/home/airflow/.local/lib/python3.12/site-packages/airflow/models/variable.py","lineno":159,"ti_id":"019f0713-e7e6-7732-912a-0ce3a3a69c0e","dag_id":"netflix_dbt_pipeline","run_id":"manual__2026-06-27T03:12:59.853585+00:00","task_id":"netflix_models.src_movies_run","map_index":-1,"try_number":2,"logger":"py.warnings"}
{"timestamp":"2026-06-27T03:16:18.286617Z","level":"info","event":"Task instance is in running state","logger":"task.stdout"}
{"timestamp":"2026-06-27T03:16:18.288037Z","level":"info","event":" Previous state of the Task instance: TaskInstanceState.QUEUED","logger":"task.stdout"}
{"timestamp":"2026-06-27T03:16:18.292285Z","level":"info","event":"Current task name:netflix_models.src_movies_run","logger":"task.stdout"}
{"timestamp":"2026-06-27T03:16:18.292661Z","level":"info","event":"Dag name:netflix_dbt_pipeline","logger":"task.stdout"}
{"timestamp":"2026-06-27T03:16:18.287025Z","level":"info","event":"::endgroup::","ti_id":"019f0713-e7e6-7732-912a-0ce3a3a69c0e","dag_id":"netflix_dbt_pipeline","run_id":"manual__2026-06-27T03:12:59.853585+00:00","task_id":"netflix_models.src_movies_run","map_index":-1,"try_number":2,"logger":"task","filename":"task_runner.py","lineno":1727}
{"timestamp":"2026-06-27T03:16:21.801245Z","level":"info","event":"dbtRunner is available. Using dbtRunner for invoking dbt.","logger":"cosmos.operators.local","ti_id":"019f0713-e7e6-7732-912a-0ce3a3a69c0e","dag_id":"netflix_dbt_pipeline","run_id":"manual__2026-06-27T03:12:59.853585+00:00","task_id":"netflix_models.src_movies_run","map_index":-1,"try_number":2,"filename":"local.py","lineno":269}
{"timestamp":"2026-06-27T03:16:21.803191Z","level":"info","event":"Cloning project to writable temp directory /tmp/tmppm0bs8xx from /opt/airflow/dbt/netflix","logger":"cosmos.operators.local","ti_id":"019f0713-e7e6-7732-912a-0ce3a3a69c0e","dag_id":"netflix_dbt_pipeline","run_id":"manual__2026-06-27T03:12:59.853585+00:00","task_id":"netflix_models.src_movies_run","map_index":-1,"try_number":2,"filename":"local.py","lineno":494}
{"timestamp":"2026-06-27T03:16:21.829210Z","level":"info","event":"Partial parse is enabled and the latest partial parse file is /tmp/cosmos/netflix_dbt_pipeline__netflix_models/target/partial_parse.msgpack","logger":"cosmos.operators.local","ti_id":"019f0713-e7e6-7732-912a-0ce3a3a69c0e","dag_id":"netflix_dbt_pipeline","run_id":"manual__2026-06-27T03:12:59.853585+00:00","task_id":"netflix_models.src_movies_run","map_index":-1,"try_number":2,"filename":"local.py","lineno":514}
{"timestamp":"2026-06-27T03:16:21.874865Z","level":"info","event":"Profile caching is enable.","logger":"cosmos.config","ti_id":"019f0713-e7e6-7732-912a-0ce3a3a69c0e","dag_id":"netflix_dbt_pipeline","run_id":"manual__2026-06-27T03:12:59.853585+00:00","task_id":"netflix_models.src_movies_run","map_index":-1,"try_number":2,"filename":"config.py","lineno":382}
{"timestamp":"2026-06-27T03:16:21.917513Z","level":"info","event":"Using real values for profile netflix","logger":"cosmos.profiles.base","ti_id":"019f0713-e7e6-7732-912a-0ce3a3a69c0e","dag_id":"netflix_dbt_pipeline","run_id":"manual__2026-06-27T03:12:59.853585+00:00","task_id":"netflix_models.src_movies_run","map_index":-1,"try_number":2,"filename":"base.py","lineno":259}
{"timestamp":"2026-06-27T03:16:21.920153Z","level":"info","event":"Profile not found in cache storing and using profile: /tmp/cosmos/profile/393fe3eb83c64251326783135b147a21d556e0f7a18f27fac62e71257758b615/profiles.yml.","logger":"cosmos.config","ti_id":"019f0713-e7e6-7732-912a-0ce3a3a69c0e","dag_id":"netflix_dbt_pipeline","run_id":"manual__2026-06-27T03:12:59.853585+00:00","task_id":"netflix_models.src_movies_run","map_index":-1,"try_number":2,"filename":"config.py","lineno":369}
{"timestamp":"2026-06-27T03:16:21.934342Z","level":"info","event":"Trying to run dbtRunner with:\n ['deps', '--project-dir', '/tmp/tmppm0bs8xx', '--profiles-dir', '/tmp/cosmos/profile/393fe3eb83c64251326783135b147a21d556e0f7a18f27fac62e71257758b615', '--profile', 'netflix', '--target', 'dev', '--no-static-parser']\n in /tmp/tmppm0bs8xx","logger":"cosmos.dbt.runner","ti_id":"019f0713-e7e6-7732-912a-0ce3a3a69c0e","dag_id":"netflix_dbt_pipeline","run_id":"manual__2026-06-27T03:12:59.853585+00:00","task_id":"netflix_models.src_movies_run","map_index":-1,"try_number":2,"filename":"runner.py","lineno":98}
{"timestamp":"2026-06-27T03:16:22.170661Z","level":"info","event":"\u001b[0m03:16:22  Running with dbt=1.11.11","logger":"task.stdout"}
{"timestamp":"2026-06-27T03:16:23.795509Z","level":"info","event":"\u001b[0m03:16:23  Installing dbt-labs/dbt_utils","logger":"task.stdout"}
{"timestamp":"2026-06-27T03:16:24.690025Z","level":"info","event":"\u001b[0m03:16:24  Installed from version 1.4.0","logger":"task.stdout"}
{"timestamp":"2026-06-27T03:16:24.691347Z","level":"info","event":"\u001b[0m03:16:24  Up to date!","logger":"task.stdout"}
{"timestamp":"2026-06-27T03:16:26.067457Z","level":"info","event":"Trying to run dbtRunner with:\n ['run', '--select', 'fqn:netflix.staging.src_movies', '--project-dir', '/tmp/tmppm0bs8xx', '--profiles-dir', '/tmp/cosmos/profile/393fe3eb83c64251326783135b147a21d556e0f7a18f27fac62e71257758b615', '--profile', 'netflix', '--target', 'dev', '--no-static-parser']\n in /tmp/tmppm0bs8xx","logger":"cosmos.dbt.runner","ti_id":"019f0713-e7e6-7732-912a-0ce3a3a69c0e","dag_id":"netflix_dbt_pipeline","run_id":"manual__2026-06-27T03:12:59.853585+00:00","task_id":"netflix_models.src_movies_run","map_index":-1,"try_number":2,"filename":"runner.py","lineno":98}
{"timestamp":"2026-06-27T03:16:26.097857Z","level":"info","event":"\u001b[0m03:16:26  Running with dbt=1.11.11","logger":"task.stdout"}
{"timestamp":"2026-06-27T03:16:26.328538Z","level":"warning","event":"urllib3 (2.5.0) or chardet (6.0.0.post1)/charset_normalizer (3.4.7) doesn't match a supported version!","category":"RequestsDependencyWarning","filename":"/home/airflow/.local/lib/python3.12/site-packages/snowflake/connector/vendored/requests/__init__.py","lineno":113,"ti_id":"019f0713-e7e6-7732-912a-0ce3a3a69c0e","dag_id":"netflix_dbt_pipeline","run_id":"manual__2026-06-27T03:12:59.853585+00:00","task_id":"netflix_models.src_movies_run","map_index":-1,"try_number":2,"logger":"py.warnings"}
{"timestamp":"2026-06-27T03:16:27.942654Z","level":"info","event":"\u001b[0m03:16:27  Registered adapter: snowflake=1.8.4","logger":"task.stdout"}
{"timestamp":"2026-06-27T03:16:38.590403Z","level":"info","event":"\u001b[0m03:16:38  Unable to do partial parsing because config vars, config profile, or config target have changed","logger":"task.stdout"}
{"timestamp":"2026-06-27T03:16:38.591337Z","level":"info","event":"\u001b[0m03:16:38  Unable to do partial parsing because profile has changed","logger":"task.stdout"}
{"timestamp":"2026-06-27T03:16:53.433786Z","level":"info","event":"\u001b[0m03:16:53  [\u001b[33mWARNING\u001b[0m][MissingArgumentsPropertyInGenericTestDeprecation]: Deprecated","logger":"task.stdout"}
{"timestamp":"2026-06-27T03:16:53.434417Z","level":"info","event":"functionality","logger":"task.stdout"}
{"timestamp":"2026-06-27T03:16:53.434924Z","level":"info","event":"Found top-level arguments to test `relationships` defined on 'fct_ratings' in","logger":"task.stdout"}
{"timestamp":"2026-06-27T03:16:53.435386Z","level":"info","event":"package 'netflix' (models/schema.yml). Arguments to generic tests should be","logger":"task.stdout"}
{"timestamp":"2026-06-27T03:16:53.435865Z","level":"info","event":"nested under the `arguments` property.","logger":"task.stdout"}
{"timestamp":"2026-06-27T03:16:56.829144Z","level":"info","event":"\u001b[0m03:16:56  Found 13 models, 1 snapshot, 13 data tests, 1 seed, 1 source, 620 macros","logger":"task.stdout"}
{"timestamp":"2026-06-27T03:16:56.852183Z","level":"info","event":"\u001b[0m03:16:56","logger":"task.stdout"}
{"timestamp":"2026-06-27T03:16:56.859637Z","level":"info","event":"\u001b[0m03:16:56  Concurrency: 4 threads (target='dev')","logger":"task.stdout"}
{"timestamp":"2026-06-27T03:16:56.861127Z","level":"info","event":"\u001b[0m03:16:56","logger":"task.stdout"}
{"timestamp":"2026-06-27T03:16:57.000610Z","level":"info","event":"Snowflake Connector for Python Version: 3.18.0, Python Version: 3.12.13, Platform: Linux-6.18.33.1-microsoft-standard-WSL2-x86_64-with-glibc2.36","logger":"snowflake.connector.connection","filename":"connection.py","lineno":521}
{"timestamp":"2026-06-27T03:16:57.005737Z","level":"info","event":"Connecting to GLOBAL Snowflake domain","logger":"snowflake.connector.connection","filename":"connection.py","lineno":1464}
{"timestamp":"2026-06-27T03:17:05.939217Z","level":"info","event":"\u001b[0m03:17:05","logger":"task.stdout"}
{"timestamp":"2026-06-27T03:17:05.940118Z","level":"info","event":"\u001b[0m03:17:05  Finished running  in 0 hours 0 minutes and 9.08 seconds (9.08s).","logger":"task.stdout"}
{"timestamp":"2026-06-27T03:17:05.941363Z","level":"info","event":"\u001b[0m03:17:05  Encountered an error:","logger":"task.stdout"}
{"timestamp":"2026-06-27T03:17:05.941931Z","level":"info","event":"Runtime Error","logger":"task.stdout"}
{"timestamp":"2026-06-27T03:17:05.942360Z","level":"info","event":"  Database error while listing schemas in database \"PROJECT_DB\"","logger":"task.stdout"}
{"timestamp":"2026-06-27T03:17:05.942729Z","level":"info","event":"  Database Error","logger":"task.stdout"}
{"timestamp":"2026-06-27T03:17:05.943072Z","level":"info","event":"    250001 (08001): None: Failed to connect to DB: KSEVHVG-LZ08773.snowflakecomputing.com:443. Incorrect username or password was specified.","logger":"task.stdout"}
{"timestamp":"2026-06-27T03:17:05.943889Z","level":"info","event":"\u001b[0m03:17:05  [\u001b[33mWARNING\u001b[0m][DeprecationsSummary]: Deprecated functionality","logger":"task.stdout"}
{"timestamp":"2026-06-27T03:17:05.944302Z","level":"info","event":"Summary of encountered deprecations:","logger":"task.stdout"}
{"timestamp":"2026-06-27T03:17:05.944759Z","level":"info","event":"- MissingArgumentsPropertyInGenericTestDeprecation: 1 occurrence","logger":"task.stdout"}
{"timestamp":"2026-06-27T03:17:05.945215Z","level":"info","event":"To see all deprecation instances instead of just the first occurrence of each,","logger":"task.stdout"}
{"timestamp":"2026-06-27T03:17:05.945604Z","level":"info","event":"run command again with the `--show-all-deprecations` flag. You may also need to","logger":"task.stdout"}
{"timestamp":"2026-06-27T03:17:05.945942Z","level":"info","event":"run with `--no-partial-parse` as some deprecations are only encountered during","logger":"task.stdout"}
{"timestamp":"2026-06-27T03:17:05.946302Z","level":"info","event":"parsing.","logger":"task.stdout"}
{"timestamp":"2026-06-27T03:17:07.393007Z","level":"info","event":"Inlets: []","logger":"cosmos.operators.local","ti_id":"019f0713-e7e6-7732-912a-0ce3a3a69c0e","dag_id":"netflix_dbt_pipeline","run_id":"manual__2026-06-27T03:12:59.853585+00:00","task_id":"netflix_models.src_movies_run","map_index":-1,"try_number":2,"filename":"local.py","lineno":571}
{"timestamp":"2026-06-27T03:17:07.393354Z","level":"info","event":"Outlets: []","logger":"cosmos.operators.local","ti_id":"019f0713-e7e6-7732-912a-0ce3a3a69c0e","dag_id":"netflix_dbt_pipeline","run_id":"manual__2026-06-27T03:12:59.853585+00:00","task_id":"netflix_models.src_movies_run","map_index":-1,"try_number":2,"filename":"local.py","lineno":572}
{"timestamp":"2026-06-27T03:17:07.394228Z","level":"info","event":"Assigning outlets with DatasetAlias in Airflow 3","logger":"cosmos.operators.local","ti_id":"019f0713-e7e6-7732-912a-0ce3a3a69c0e","dag_id":"netflix_dbt_pipeline","run_id":"manual__2026-06-27T03:12:59.853585+00:00","task_id":"netflix_models.src_movies_run","map_index":-1,"try_number":2,"filename":"local.py","lineno":823}
{"timestamp":"2026-06-27T03:17:07.440832Z","level":"error","event":"Task failed with exception","ti_id":"019f0713-e7e6-7732-912a-0ce3a3a69c0e","dag_id":"netflix_dbt_pipeline","run_id":"manual__2026-06-27T03:12:59.853585+00:00","task_id":"netflix_models.src_movies_run","map_index":-1,"try_number":2,"logger":"task","filename":"task_runner.py","lineno":1381,"error_detail":[{"exc_type":"CosmosDbtRunError","exc_value":"dbt invocation did not complete with unhandled error: Runtime Error\n  Database error while listing schemas in database \"PROJECT_DB\"\n  Database Error\n    250001 (08001): None: Failed to connect to DB: KSEVHVG-LZ08773.snowflakecomputing.com:443. Incorrect username or password was specified.","exc_notes":[],"syntax_error":null,"is_cause":false,"frames":[{"filename":"/home/airflow/.local/lib/python3.12/site-packages/airflow/sdk/execution_time/task_runner.py","lineno":1287,"name":"run"},{"filename":"/home/airflow/.local/lib/python3.12/site-packages/airflow/sdk/execution_time/task_runner.py","lineno":1745,"name":"_execute_task"},{"filename":"/home/airflow/.local/lib/python3.12/site-packages/cosmos/operators/base.py","lineno":346,"name":"execute"},{"filename":"/home/airflow/.local/lib/python3.12/site-packages/cosmos/operators/local.py","lineno":887,"name":"build_and_run_cmd"},{"filename":"/home/airflow/.local/lib/python3.12/site-packages/cosmos/operators/local.py","lineno":706,"name":"run_command"},{"filename":"/home/airflow/.local/lib/python3.12/site-packages/cosmos/operators/local.py","lineno":283,"name":"handle_exception_dbt_runner"},{"filename":"/home/airflow/.local/lib/python3.12/site-packages/cosmos/dbt/runner.py","lineno":155,"name":"handle_exception_if_needed"}],"is_group":false,"exceptions":[]}]}
{"timestamp":"2026-06-27T03:17:07.444661Z","level":"info","event":"::group::Post Execute","ti_id":"019f0713-e7e6-7732-912a-0ce3a3a69c0e","dag_id":"netflix_dbt_pipeline","run_id":"manual__2026-06-27T03:12:59.853585+00:00","task_id":"netflix_models.src_movies_run","map_index":-1,"try_number":2,"logger":"task","filename":"task_runner.py","lineno":1382}
{"timestamp":"2026-06-27T03:17:08.691109Z","level":"info","event":"Task instance in failure state","logger":"task.stdout"}
{"timestamp":"2026-06-27T03:17:08.694768Z","level":"info","event":"Task start","logger":"task.stdout"}
{"timestamp":"2026-06-27T03:17:08.695340Z","level":"info","event":"Task:<Task(DbtRunLocalOperator): netflix_models.src_movies_run>","logger":"task.stdout"}
{"timestamp":"2026-06-27T03:17:08.696371Z","level":"info","event":"Failure caused by dbt invocation did not complete with unhandled error: Runtime Error","logger":"task.stdout"}
{"timestamp":"2026-06-27T03:17:08.697087Z","level":"info","event":"  Database error while listing schemas in database \"PROJECT_DB\"","logger":"task.stdout"}
{"timestamp":"2026-06-27T03:17:08.698551Z","level":"info","event":"  Database Error","logger":"task.stdout"}
{"timestamp":"2026-06-27T03:17:08.699050Z","level":"info","event":"    250001 (08001): None: Failed to connect to DB: KSEVHVG-LZ08773.snowflakecomputing.com:443. Incorrect username or password was specified.","logger":"task.stdout"}
{"timestamp":"2026-06-27T03:17:08.693015Z","level":"info","event":"::endgroup::","ti_id":"019f0713-e7e6-7732-912a-0ce3a3a69c0e","dag_id":"netflix_dbt_pipeline","run_id":"manual__2026-06-27T03:12:59.853585+00:00","task_id":"netflix_models.src_movies_run","map_index":-1,"try_number":2,"logger":"task","filename":"task_runner.py","lineno":1896}
{"timestamp":"2026-06-27T03:17:08.757066Z","level":"error","event":"/usr/python/lib/python3.12/multiprocessing/resource_tracker.py:279: UserWarning: resource_tracker: There appear to be 2 leaked semaphore objects to clean up at shutdown","logger":"task.stderr"}
{"timestamp":"2026-06-27T03:17:08.759524Z","level":"error","event":"  warnings.warn('resource_tracker: There appear to be %d '","logger":"task.stderr"}
