{"timestamp":"2026-06-27T03:18:31.644778Z","level":"info","event":"::group::Pre Execute","logger":"task","filename":"task_runner.py","lineno":1926}
{"timestamp":"2026-06-27T03:18:32.872381Z","level":"warning","event":"section/key [openlineage/namespace] not found in config","logger":"airflow.sdk._shared.configuration.parser","dag_id":"netflix_dbt_pipeline","ti_id":"019f0716-00c8-7e1f-99fc-65c4e5978321","try_number":3,"map_index":-1,"run_id":"manual__2026-06-27T03:12:59.853585+00:00","task_id":"netflix_models.seed_movie_release_dates_seed","filename":"parser.py","lineno":1361}
{"timestamp":"2026-06-27T03:18:32.900373Z","level":"warning","event":"airflow.exceptions.AirflowSkipException is deprecated and will be removed in a future version. Use airflow.sdk.exceptions.AirflowSkipException instead.","category":"DeprecatedImportWarning","filename":"/home/airflow/.local/lib/python3.12/site-packages/cosmos/operators/local.py","lineno":19,"dag_id":"netflix_dbt_pipeline","ti_id":"019f0716-00c8-7e1f-99fc-65c4e5978321","try_number":3,"map_index":-1,"run_id":"manual__2026-06-27T03:12:59.853585+00:00","task_id":"netflix_models.seed_movie_release_dates_seed","logger":"py.warnings"}
{"timestamp":"2026-06-27T03:18:33.184954Z","level":"info","event":"DAG bundles loaded: dags-folder, example_dags","dag_id":"netflix_dbt_pipeline","ti_id":"019f0716-00c8-7e1f-99fc-65c4e5978321","try_number":3,"map_index":-1,"run_id":"manual__2026-06-27T03:12:59.853585+00:00","task_id":"netflix_models.seed_movie_release_dates_seed","logger":"airflow.dag_processing.bundles.manager.DagBundlesManager","filename":"manager.py","lineno":209}
{"timestamp":"2026-06-27T03:18:33.188471Z","level":"info","event":"Filling up the DagBag from /opt/airflow/dags/netflix_dbt_dag.py","dag_id":"netflix_dbt_pipeline","ti_id":"019f0716-00c8-7e1f-99fc-65c4e5978321","try_number":3,"map_index":-1,"run_id":"manual__2026-06-27T03:12:59.853585+00:00","task_id":"netflix_models.seed_movie_release_dates_seed","logger":"airflow.dag_processing.dagbag.BundleDagBag","filename":"dagbag.py","lineno":469}
{"timestamp":"2026-06-27T03:18:33.241925Z","level":"info","event":"::group::Cosmos DAG parsing logs","logger":"cosmos.converter","dag_id":"netflix_dbt_pipeline","ti_id":"019f0716-00c8-7e1f-99fc-65c4e5978321","try_number":3,"map_index":-1,"run_id":"manual__2026-06-27T03:12:59.853585+00:00","task_id":"netflix_models.seed_movie_release_dates_seed","filename":"converter.py","lineno":293}
{"timestamp":"2026-06-27T03:18:33.245214Z","level":"info","event":"Trying to parse the dbt project using dbt ls cache cosmos_cache__netflix_dbt_pipeline__netflix_models...","logger":"cosmos.dbt.graph","dag_id":"netflix_dbt_pipeline","ti_id":"019f0716-00c8-7e1f-99fc-65c4e5978321","try_number":3,"map_index":-1,"run_id":"manual__2026-06-27T03:12:59.853585+00:00","task_id":"netflix_models.seed_movie_release_dates_seed","filename":"graph.py","lineno":781}
{"timestamp":"2026-06-27T03:18:34.780748Z","level":"info","event":"Cosmos performance: time to calculate cache identifier cosmos_cache__netflix_dbt_pipeline__netflix_models for current version: 1.5161064100011572","logger":"cosmos.cache","dag_id":"netflix_dbt_pipeline","ti_id":"019f0716-00c8-7e1f-99fc-65c4e5978321","try_number":3,"map_index":-1,"run_id":"manual__2026-06-27T03:12:59.853585+00:00","task_id":"netflix_models.seed_movie_release_dates_seed","filename":"cache.py","lineno":333}
{"timestamp":"2026-06-27T03:18:34.781216Z","level":"info","event":"Cosmos performance [012d72c8b52a|419]: The cache size for cosmos_cache__netflix_dbt_pipeline__netflix_models is 24254","logger":"cosmos.dbt.graph","dag_id":"netflix_dbt_pipeline","ti_id":"019f0716-00c8-7e1f-99fc-65c4e5978321","try_number":3,"map_index":-1,"run_id":"manual__2026-06-27T03:12:59.853585+00:00","task_id":"netflix_models.seed_movie_release_dates_seed","filename":"graph.py","lineno":798}
{"timestamp":"2026-06-27T03:18:34.782830Z","level":"info","event":"Cosmos performance: Cache hit for cosmos_cache__netflix_dbt_pipeline__netflix_models - eb77c64bfed2631164d8b9a9a4890ed2,d41d8cd98f00b204e9800998ecf8427e","logger":"cosmos.dbt.graph","dag_id":"netflix_dbt_pipeline","ti_id":"019f0716-00c8-7e1f-99fc-65c4e5978321","try_number":3,"map_index":-1,"run_id":"manual__2026-06-27T03:12:59.853585+00:00","task_id":"netflix_models.seed_movie_release_dates_seed","filename":"graph.py","lineno":806}
{"timestamp":"2026-06-27T03:18:34.785333Z","level":"info","event":"Total nodes: 29","logger":"cosmos.dbt.graph","dag_id":"netflix_dbt_pipeline","ti_id":"019f0716-00c8-7e1f-99fc-65c4e5978321","try_number":3,"map_index":-1,"run_id":"manual__2026-06-27T03:12:59.853585+00:00","task_id":"netflix_models.seed_movie_release_dates_seed","filename":"graph.py","lineno":711}
{"timestamp":"2026-06-27T03:18:34.785580Z","level":"info","event":"Total filtered nodes: 29","logger":"cosmos.dbt.graph","dag_id":"netflix_dbt_pipeline","ti_id":"019f0716-00c8-7e1f-99fc-65c4e5978321","try_number":3,"map_index":-1,"run_id":"manual__2026-06-27T03:12:59.853585+00:00","task_id":"netflix_models.seed_movie_release_dates_seed","filename":"graph.py","lineno":712}
{"timestamp":"2026-06-27T03:18:34.785760Z","level":"info","event":"Cosmos performance (netflix_dbt_pipeline__netflix_models) -  [012d72c8b52a|419]: It took 1.54s to parse the dbt project for DAG using LoadMode.DBT_LS_CACHE","logger":"cosmos.converter","dag_id":"netflix_dbt_pipeline","ti_id":"019f0716-00c8-7e1f-99fc-65c4e5978321","try_number":3,"map_index":-1,"run_id":"manual__2026-06-27T03:12:59.853585+00:00","task_id":"netflix_models.seed_movie_release_dates_seed","filename":"converter.py","lineno":340}
{"timestamp":"2026-06-27T03:18:34.881532Z","level":"info","event":"Cosmos performance (netflix_dbt_pipeline__netflix_models) - [012d72c8b52a|419]: It took 0.0958s to build the Airflow DAG.","logger":"cosmos.converter","dag_id":"netflix_dbt_pipeline","ti_id":"019f0716-00c8-7e1f-99fc-65c4e5978321","try_number":3,"map_index":-1,"run_id":"manual__2026-06-27T03:12:59.853585+00:00","task_id":"netflix_models.seed_movie_release_dates_seed","filename":"converter.py","lineno":387}
{"timestamp":"2026-06-27T03:18:34.881709Z","level":"info","event":"::endgroup::Cosmos DAG parsing logs","logger":"cosmos.converter","dag_id":"netflix_dbt_pipeline","ti_id":"019f0716-00c8-7e1f-99fc-65c4e5978321","try_number":3,"map_index":-1,"run_id":"manual__2026-06-27T03:12:59.853585+00:00","task_id":"netflix_models.seed_movie_release_dates_seed","filename":"converter.py","lineno":390}
{"timestamp":"2026-06-27T03:18:34.883783Z","level":"warning","event":"Using Variable.get from `airflow.models` is deprecated.Please use `get` on Variable from sdk(`airflow.sdk.Variable`) instead","category":"UserWarning","filename":"/home/airflow/.local/lib/python3.12/site-packages/airflow/models/variable.py","lineno":159,"dag_id":"netflix_dbt_pipeline","ti_id":"019f0716-00c8-7e1f-99fc-65c4e5978321","try_number":3,"map_index":-1,"run_id":"manual__2026-06-27T03:12:59.853585+00:00","task_id":"netflix_models.seed_movie_release_dates_seed","logger":"py.warnings"}
{"timestamp":"2026-06-27T03:18:34.948469Z","level":"info","event":"Task instance is in running state","logger":"task.stdout"}
{"timestamp":"2026-06-27T03:18:34.949070Z","level":"info","event":" Previous state of the Task instance: TaskInstanceState.QUEUED","logger":"task.stdout"}
{"timestamp":"2026-06-27T03:18:34.949741Z","level":"info","event":"Current task name:netflix_models.seed_movie_release_dates_seed","logger":"task.stdout"}
{"timestamp":"2026-06-27T03:18:34.950261Z","level":"info","event":"Dag name:netflix_dbt_pipeline","logger":"task.stdout"}
{"timestamp":"2026-06-27T03:18:34.949727Z","level":"info","event":"::endgroup::","dag_id":"netflix_dbt_pipeline","ti_id":"019f0716-00c8-7e1f-99fc-65c4e5978321","try_number":3,"map_index":-1,"run_id":"manual__2026-06-27T03:12:59.853585+00:00","task_id":"netflix_models.seed_movie_release_dates_seed","logger":"task","filename":"task_runner.py","lineno":1727}
{"timestamp":"2026-06-27T03:18:36.905209Z","level":"info","event":"dbtRunner is available. Using dbtRunner for invoking dbt.","logger":"cosmos.operators.local","dag_id":"netflix_dbt_pipeline","ti_id":"019f0716-00c8-7e1f-99fc-65c4e5978321","try_number":3,"map_index":-1,"run_id":"manual__2026-06-27T03:12:59.853585+00:00","task_id":"netflix_models.seed_movie_release_dates_seed","filename":"local.py","lineno":269}
{"timestamp":"2026-06-27T03:18:36.908040Z","level":"info","event":"Cloning project to writable temp directory /tmp/tmpbid95jjk from /opt/airflow/dbt/netflix","logger":"cosmos.operators.local","dag_id":"netflix_dbt_pipeline","ti_id":"019f0716-00c8-7e1f-99fc-65c4e5978321","try_number":3,"map_index":-1,"run_id":"manual__2026-06-27T03:12:59.853585+00:00","task_id":"netflix_models.seed_movie_release_dates_seed","filename":"local.py","lineno":494}
{"timestamp":"2026-06-27T03:18:36.924339Z","level":"info","event":"Partial parse is enabled and the latest partial parse file is /tmp/cosmos/netflix_dbt_pipeline__netflix_models/target/partial_parse.msgpack","logger":"cosmos.operators.local","dag_id":"netflix_dbt_pipeline","ti_id":"019f0716-00c8-7e1f-99fc-65c4e5978321","try_number":3,"map_index":-1,"run_id":"manual__2026-06-27T03:12:59.853585+00:00","task_id":"netflix_models.seed_movie_release_dates_seed","filename":"local.py","lineno":514}
{"timestamp":"2026-06-27T03:18:36.939038Z","level":"info","event":"Profile caching is enable.","logger":"cosmos.config","dag_id":"netflix_dbt_pipeline","ti_id":"019f0716-00c8-7e1f-99fc-65c4e5978321","try_number":3,"map_index":-1,"run_id":"manual__2026-06-27T03:12:59.853585+00:00","task_id":"netflix_models.seed_movie_release_dates_seed","filename":"config.py","lineno":382}
{"timestamp":"2026-06-27T03:18:36.965713Z","level":"info","event":"Using real values for profile netflix","logger":"cosmos.profiles.base","dag_id":"netflix_dbt_pipeline","ti_id":"019f0716-00c8-7e1f-99fc-65c4e5978321","try_number":3,"map_index":-1,"run_id":"manual__2026-06-27T03:12:59.853585+00:00","task_id":"netflix_models.seed_movie_release_dates_seed","filename":"base.py","lineno":259}
{"timestamp":"2026-06-27T03:18:36.969205Z","level":"info","event":"Profile not found in cache storing and using profile: /tmp/cosmos/profile/f1d9fdbb1a43b4d6303bffc9280335c75387554b4de9226700e70e3cddda25fc/profiles.yml.","logger":"cosmos.config","dag_id":"netflix_dbt_pipeline","ti_id":"019f0716-00c8-7e1f-99fc-65c4e5978321","try_number":3,"map_index":-1,"run_id":"manual__2026-06-27T03:12:59.853585+00:00","task_id":"netflix_models.seed_movie_release_dates_seed","filename":"config.py","lineno":369}
{"timestamp":"2026-06-27T03:18:36.979470Z","level":"info","event":"Trying to run dbtRunner with:\n ['deps', '--project-dir', '/tmp/tmpbid95jjk', '--profiles-dir', '/tmp/cosmos/profile/f1d9fdbb1a43b4d6303bffc9280335c75387554b4de9226700e70e3cddda25fc', '--profile', 'netflix', '--target', 'dev', '--no-static-parser']\n in /tmp/tmpbid95jjk","logger":"cosmos.dbt.runner","dag_id":"netflix_dbt_pipeline","ti_id":"019f0716-00c8-7e1f-99fc-65c4e5978321","try_number":3,"map_index":-1,"run_id":"manual__2026-06-27T03:12:59.853585+00:00","task_id":"netflix_models.seed_movie_release_dates_seed","filename":"runner.py","lineno":98}
{"timestamp":"2026-06-27T03:18:37.114581Z","level":"info","event":"\u001b[0m03:18:37  Running with dbt=1.11.11","logger":"task.stdout"}
{"timestamp":"2026-06-27T03:18:38.060967Z","level":"info","event":"\u001b[0m03:18:38  Installing dbt-labs/dbt_utils","logger":"task.stdout"}
{"timestamp":"2026-06-27T03:18:38.973885Z","level":"info","event":"\u001b[0m03:18:38  Installed from version 1.4.0","logger":"task.stdout"}
{"timestamp":"2026-06-27T03:18:38.974919Z","level":"info","event":"\u001b[0m03:18:38  Up to date!","logger":"task.stdout"}
{"timestamp":"2026-06-27T03:18:40.564259Z","level":"info","event":"Trying to run dbtRunner with:\n ['seed', '--select', 'fqn:netflix.seed_movie_release_dates', '--project-dir', '/tmp/tmpbid95jjk', '--profiles-dir', '/tmp/cosmos/profile/f1d9fdbb1a43b4d6303bffc9280335c75387554b4de9226700e70e3cddda25fc', '--profile', 'netflix', '--target', 'dev', '--no-static-parser']\n in /tmp/tmpbid95jjk","logger":"cosmos.dbt.runner","dag_id":"netflix_dbt_pipeline","ti_id":"019f0716-00c8-7e1f-99fc-65c4e5978321","try_number":3,"map_index":-1,"run_id":"manual__2026-06-27T03:12:59.853585+00:00","task_id":"netflix_models.seed_movie_release_dates_seed","filename":"runner.py","lineno":98}
{"timestamp":"2026-06-27T03:18:40.581758Z","level":"info","event":"\u001b[0m03:18:40  Running with dbt=1.11.11","logger":"task.stdout"}
{"timestamp":"2026-06-27T03:18:40.753276Z","level":"warning","event":"urllib3 (2.5.0) or chardet (6.0.0.post1)/charset_normalizer (3.4.7) doesn't match a supported version!","category":"RequestsDependencyWarning","filename":"/home/airflow/.local/lib/python3.12/site-packages/snowflake/connector/vendored/requests/__init__.py","lineno":113,"dag_id":"netflix_dbt_pipeline","ti_id":"019f0716-00c8-7e1f-99fc-65c4e5978321","try_number":3,"map_index":-1,"run_id":"manual__2026-06-27T03:12:59.853585+00:00","task_id":"netflix_models.seed_movie_release_dates_seed","logger":"py.warnings"}
{"timestamp":"2026-06-27T03:18:41.255122Z","level":"info","event":"\u001b[0m03:18:41  Registered adapter: snowflake=1.8.4","logger":"task.stdout"}
{"timestamp":"2026-06-27T03:18:42.443145Z","level":"info","event":"\u001b[0m03:18:42  Unable to do partial parsing because profile has changed","logger":"task.stdout"}
{"timestamp":"2026-06-27T03:18:46.652759Z","level":"info","event":"\u001b[0m03:18:46  [\u001b[33mWARNING\u001b[0m][MissingArgumentsPropertyInGenericTestDeprecation]: Deprecated","logger":"task.stdout"}
{"timestamp":"2026-06-27T03:18:46.655607Z","level":"info","event":"functionality","logger":"task.stdout"}
{"timestamp":"2026-06-27T03:18:46.656392Z","level":"info","event":"Found top-level arguments to test `relationships` defined on 'fct_ratings' in","logger":"task.stdout"}
{"timestamp":"2026-06-27T03:18:46.656860Z","level":"info","event":"package 'netflix' (models/schema.yml). Arguments to generic tests should be","logger":"task.stdout"}
{"timestamp":"2026-06-27T03:18:46.657281Z","level":"info","event":"nested under the `arguments` property.","logger":"task.stdout"}
{"timestamp":"2026-06-27T03:18:47.648945Z","level":"info","event":"\u001b[0m03:18:47  Found 13 models, 1 snapshot, 13 data tests, 1 seed, 1 source, 620 macros","logger":"task.stdout"}
{"timestamp":"2026-06-27T03:18:47.669183Z","level":"info","event":"\u001b[0m03:18:47","logger":"task.stdout"}
{"timestamp":"2026-06-27T03:18:47.670666Z","level":"info","event":"\u001b[0m03:18:47  Concurrency: 4 threads (target='dev')","logger":"task.stdout"}
{"timestamp":"2026-06-27T03:18:47.671160Z","level":"info","event":"\u001b[0m03:18:47","logger":"task.stdout"}
{"timestamp":"2026-06-27T03:18:47.680757Z","level":"info","event":"Snowflake Connector for Python Version: 3.18.0, Python Version: 3.12.13, Platform: Linux-6.18.33.1-microsoft-standard-WSL2-x86_64-with-glibc2.36","logger":"snowflake.connector.connection","filename":"connection.py","lineno":521}
{"timestamp":"2026-06-27T03:18:47.681663Z","level":"info","event":"Connecting to GLOBAL Snowflake domain","logger":"snowflake.connector.connection","filename":"connection.py","lineno":1464}
{"timestamp":"2026-06-27T03:18:49.883756Z","level":"info","event":"Snowflake Connector for Python Version: 3.18.0, Python Version: 3.12.13, Platform: Linux-6.18.33.1-microsoft-standard-WSL2-x86_64-with-glibc2.36","logger":"snowflake.connector.connection","filename":"connection.py","lineno":521}
{"timestamp":"2026-06-27T03:18:49.884154Z","level":"info","event":"Connecting to GLOBAL Snowflake domain","logger":"snowflake.connector.connection","filename":"connection.py","lineno":1464}
{"timestamp":"2026-06-27T03:18:49.885613Z","level":"info","event":"Snowflake Connector for Python Version: 3.18.0, Python Version: 3.12.13, Platform: Linux-6.18.33.1-microsoft-standard-WSL2-x86_64-with-glibc2.36","logger":"snowflake.connector.connection","filename":"connection.py","lineno":521}
{"timestamp":"2026-06-27T03:18:49.885929Z","level":"info","event":"Connecting to GLOBAL Snowflake domain","logger":"snowflake.connector.connection","filename":"connection.py","lineno":1464}
{"timestamp":"2026-06-27T03:18:50.868765Z","level":"info","event":"\u001b[0m03:18:50  1 of 1 START seed file DEV.seed_movie_release_dates ............................ [RUN]","logger":"task.stdout"}
{"timestamp":"2026-06-27T03:18:50.936128Z","level":"info","event":"Snowflake Connector for Python Version: 3.18.0, Python Version: 3.12.13, Platform: Linux-6.18.33.1-microsoft-standard-WSL2-x86_64-with-glibc2.36","logger":"snowflake.connector.connection","filename":"connection.py","lineno":521}
{"timestamp":"2026-06-27T03:18:50.937050Z","level":"info","event":"Connecting to GLOBAL Snowflake domain","logger":"snowflake.connector.connection","filename":"connection.py","lineno":1464}
{"timestamp":"2026-06-27T03:18:54.345672Z","level":"info","event":"\u001b[0m03:18:54  1 of 1 OK loaded seed file DEV.seed_movie_release_dates ........................ [\u001b[32mINSERT 5\u001b[0m in 3.47s]","logger":"task.stdout"}
{"timestamp":"2026-06-27T03:18:54.355745Z","level":"info","event":"\u001b[0m03:18:54","logger":"task.stdout"}
{"timestamp":"2026-06-27T03:18:54.356350Z","level":"info","event":"\u001b[0m03:18:54  Finished running 1 seed in 0 hours 0 minutes and 6.70 seconds (6.70s).","logger":"task.stdout"}
{"timestamp":"2026-06-27T03:18:54.421130Z","level":"info","event":"\u001b[0m03:18:54","logger":"task.stdout"}
{"timestamp":"2026-06-27T03:18:54.419742Z","level":"info","event":"\u001b[0m03:18:54  \u001b[32mCompleted successfully\u001b[0m","logger":"task.stdout"}
{"timestamp":"2026-06-27T03:18:54.420640Z","level":"info","event":"\u001b[0m03:18:54","logger":"task.stdout"}
{"timestamp":"2026-06-27T03:18:54.421532Z","level":"info","event":"\u001b[0m03:18:54  Done. PASS=1 WARN=0 ERROR=0 SKIP=0 NO-OP=0 TOTAL=1","logger":"task.stdout"}
{"timestamp":"2026-06-27T03:18:54.422330Z","level":"info","event":"\u001b[0m03:18:54  [\u001b[33mWARNING\u001b[0m][DeprecationsSummary]: Deprecated functionality","logger":"task.stdout"}
{"timestamp":"2026-06-27T03:18:54.422691Z","level":"info","event":"Summary of encountered deprecations:","logger":"task.stdout"}
{"timestamp":"2026-06-27T03:18:54.423185Z","level":"info","event":"- MissingArgumentsPropertyInGenericTestDeprecation: 1 occurrence","logger":"task.stdout"}
{"timestamp":"2026-06-27T03:18:54.423608Z","level":"info","event":"To see all deprecation instances instead of just the first occurrence of each,","logger":"task.stdout"}
{"timestamp":"2026-06-27T03:18:54.423984Z","level":"info","event":"run command again with the `--show-all-deprecations` flag. You may also need to","logger":"task.stdout"}
{"timestamp":"2026-06-27T03:18:54.424389Z","level":"info","event":"run with `--no-partial-parse` as some deprecations are only encountered during","logger":"task.stdout"}
{"timestamp":"2026-06-27T03:18:54.424748Z","level":"info","event":"parsing.","logger":"task.stdout"}
{"timestamp":"2026-06-27T03:18:55.837330Z","level":"info","event":"Inlets: []","logger":"cosmos.operators.local","dag_id":"netflix_dbt_pipeline","ti_id":"019f0716-00c8-7e1f-99fc-65c4e5978321","try_number":3,"map_index":-1,"run_id":"manual__2026-06-27T03:12:59.853585+00:00","task_id":"netflix_models.seed_movie_release_dates_seed","filename":"local.py","lineno":571}
{"timestamp":"2026-06-27T03:18:55.837497Z","level":"info","event":"Outlets: []","logger":"cosmos.operators.local","dag_id":"netflix_dbt_pipeline","ti_id":"019f0716-00c8-7e1f-99fc-65c4e5978321","try_number":3,"map_index":-1,"run_id":"manual__2026-06-27T03:12:59.853585+00:00","task_id":"netflix_models.seed_movie_release_dates_seed","filename":"local.py","lineno":572}
{"timestamp":"2026-06-27T03:18:55.837624Z","level":"info","event":"Assigning outlets with DatasetAlias in Airflow 3","logger":"cosmos.operators.local","dag_id":"netflix_dbt_pipeline","ti_id":"019f0716-00c8-7e1f-99fc-65c4e5978321","try_number":3,"map_index":-1,"run_id":"manual__2026-06-27T03:12:59.853585+00:00","task_id":"netflix_models.seed_movie_release_dates_seed","filename":"local.py","lineno":823}
{"timestamp":"2026-06-27T03:18:55.845372Z","level":"info","event":"::group::Post Execute","dag_id":"netflix_dbt_pipeline","ti_id":"019f0716-00c8-7e1f-99fc-65c4e5978321","try_number":3,"map_index":-1,"run_id":"manual__2026-06-27T03:12:59.853585+00:00","task_id":"netflix_models.seed_movie_release_dates_seed","logger":"task","filename":"task_runner.py","lineno":1288}
{"timestamp":"2026-06-27T03:18:56.998299Z","level":"info","event":"Task instance in success state","logger":"task.stdout"}
{"timestamp":"2026-06-27T03:18:56.999352Z","level":"info","event":" Previous state of the Task instance: TaskInstanceState.RUNNING","logger":"task.stdout"}
{"timestamp":"2026-06-27T03:18:57.002996Z","level":"info","event":"Task operator:<Task(DbtSeedLocalOperator): netflix_models.seed_movie_release_dates_seed>","logger":"task.stdout"}
{"timestamp":"2026-06-27T03:18:56.999005Z","level":"info","event":"::endgroup::","dag_id":"netflix_dbt_pipeline","ti_id":"019f0716-00c8-7e1f-99fc-65c4e5978321","try_number":3,"map_index":-1,"run_id":"manual__2026-06-27T03:12:59.853585+00:00","task_id":"netflix_models.seed_movie_release_dates_seed","logger":"task","filename":"task_runner.py","lineno":1896}
