{"timestamp":"2026-06-27T03:16:14.287447Z","level":"info","event":"::group::Pre Execute","logger":"task","filename":"task_runner.py","lineno":1926}
{"timestamp":"2026-06-27T03:16:15.680516Z","level":"warning","event":"section/key [openlineage/namespace] not found in config","logger":"airflow.sdk._shared.configuration.parser","dag_id":"netflix_dbt_pipeline","task_id":"netflix_models.seed_movie_release_dates_seed","ti_id":"019f0713-e7ea-7f00-a1ea-bcb36f3ce1cd","run_id":"manual__2026-06-27T03:12:59.853585+00:00","try_number":2,"map_index":-1,"filename":"parser.py","lineno":1361}
{"timestamp":"2026-06-27T03:16:15.702087Z","level":"warning","event":"airflow.exceptions.AirflowSkipException is deprecated and will be removed in a future version. Use airflow.sdk.exceptions.AirflowSkipException instead.","category":"DeprecatedImportWarning","filename":"/home/airflow/.local/lib/python3.12/site-packages/cosmos/operators/local.py","lineno":19,"dag_id":"netflix_dbt_pipeline","task_id":"netflix_models.seed_movie_release_dates_seed","ti_id":"019f0713-e7ea-7f00-a1ea-bcb36f3ce1cd","run_id":"manual__2026-06-27T03:12:59.853585+00:00","try_number":2,"map_index":-1,"logger":"py.warnings"}
{"timestamp":"2026-06-27T03:16:16.274396Z","level":"info","event":"DAG bundles loaded: dags-folder, example_dags","dag_id":"netflix_dbt_pipeline","task_id":"netflix_models.seed_movie_release_dates_seed","ti_id":"019f0713-e7ea-7f00-a1ea-bcb36f3ce1cd","run_id":"manual__2026-06-27T03:12:59.853585+00:00","try_number":2,"map_index":-1,"logger":"airflow.dag_processing.bundles.manager.DagBundlesManager","filename":"manager.py","lineno":209}
{"timestamp":"2026-06-27T03:16:16.292853Z","level":"info","event":"Filling up the DagBag from /opt/airflow/dags/netflix_dbt_dag.py","dag_id":"netflix_dbt_pipeline","task_id":"netflix_models.seed_movie_release_dates_seed","ti_id":"019f0713-e7ea-7f00-a1ea-bcb36f3ce1cd","run_id":"manual__2026-06-27T03:12:59.853585+00:00","try_number":2,"map_index":-1,"logger":"airflow.dag_processing.dagbag.BundleDagBag","filename":"dagbag.py","lineno":469}
{"timestamp":"2026-06-27T03:16:16.699514Z","level":"info","event":"::group::Cosmos DAG parsing logs","logger":"cosmos.converter","dag_id":"netflix_dbt_pipeline","task_id":"netflix_models.seed_movie_release_dates_seed","ti_id":"019f0713-e7ea-7f00-a1ea-bcb36f3ce1cd","run_id":"manual__2026-06-27T03:12:59.853585+00:00","try_number":2,"map_index":-1,"filename":"converter.py","lineno":293}
{"timestamp":"2026-06-27T03:16:16.703556Z","level":"info","event":"Trying to parse the dbt project using dbt ls cache cosmos_cache__netflix_dbt_pipeline__netflix_models...","logger":"cosmos.dbt.graph","dag_id":"netflix_dbt_pipeline","task_id":"netflix_models.seed_movie_release_dates_seed","ti_id":"019f0713-e7ea-7f00-a1ea-bcb36f3ce1cd","run_id":"manual__2026-06-27T03:12:59.853585+00:00","try_number":2,"map_index":-1,"filename":"graph.py","lineno":781}
{"timestamp":"2026-06-27T03:16:18.141956Z","level":"info","event":"Cosmos performance: time to calculate cache identifier cosmos_cache__netflix_dbt_pipeline__netflix_models for current version: 1.4177912939994712","logger":"cosmos.cache","dag_id":"netflix_dbt_pipeline","task_id":"netflix_models.seed_movie_release_dates_seed","ti_id":"019f0713-e7ea-7f00-a1ea-bcb36f3ce1cd","run_id":"manual__2026-06-27T03:12:59.853585+00:00","try_number":2,"map_index":-1,"filename":"cache.py","lineno":333}
{"timestamp":"2026-06-27T03:16:18.142174Z","level":"info","event":"Cosmos performance [012d72c8b52a|331]: The cache size for cosmos_cache__netflix_dbt_pipeline__netflix_models is 24254","logger":"cosmos.dbt.graph","dag_id":"netflix_dbt_pipeline","task_id":"netflix_models.seed_movie_release_dates_seed","ti_id":"019f0713-e7ea-7f00-a1ea-bcb36f3ce1cd","run_id":"manual__2026-06-27T03:12:59.853585+00:00","try_number":2,"map_index":-1,"filename":"graph.py","lineno":798}
{"timestamp":"2026-06-27T03:16:18.143996Z","level":"info","event":"Cosmos performance: Cache hit for cosmos_cache__netflix_dbt_pipeline__netflix_models - eb77c64bfed2631164d8b9a9a4890ed2,d41d8cd98f00b204e9800998ecf8427e","logger":"cosmos.dbt.graph","dag_id":"netflix_dbt_pipeline","task_id":"netflix_models.seed_movie_release_dates_seed","ti_id":"019f0713-e7ea-7f00-a1ea-bcb36f3ce1cd","run_id":"manual__2026-06-27T03:12:59.853585+00:00","try_number":2,"map_index":-1,"filename":"graph.py","lineno":806}
{"timestamp":"2026-06-27T03:16:18.148557Z","level":"info","event":"Total nodes: 29","logger":"cosmos.dbt.graph","dag_id":"netflix_dbt_pipeline","task_id":"netflix_models.seed_movie_release_dates_seed","ti_id":"019f0713-e7ea-7f00-a1ea-bcb36f3ce1cd","run_id":"manual__2026-06-27T03:12:59.853585+00:00","try_number":2,"map_index":-1,"filename":"graph.py","lineno":711}
{"timestamp":"2026-06-27T03:16:18.148760Z","level":"info","event":"Total filtered nodes: 29","logger":"cosmos.dbt.graph","dag_id":"netflix_dbt_pipeline","task_id":"netflix_models.seed_movie_release_dates_seed","ti_id":"019f0713-e7ea-7f00-a1ea-bcb36f3ce1cd","run_id":"manual__2026-06-27T03:12:59.853585+00:00","try_number":2,"map_index":-1,"filename":"graph.py","lineno":712}
{"timestamp":"2026-06-27T03:16:18.148934Z","level":"info","event":"Cosmos performance (netflix_dbt_pipeline__netflix_models) -  [012d72c8b52a|331]: It took 1.45s to parse the dbt project for DAG using LoadMode.DBT_LS_CACHE","logger":"cosmos.converter","dag_id":"netflix_dbt_pipeline","task_id":"netflix_models.seed_movie_release_dates_seed","ti_id":"019f0713-e7ea-7f00-a1ea-bcb36f3ce1cd","run_id":"manual__2026-06-27T03:12:59.853585+00:00","try_number":2,"map_index":-1,"filename":"converter.py","lineno":340}
{"timestamp":"2026-06-27T03:16:18.322372Z","level":"info","event":"Cosmos performance (netflix_dbt_pipeline__netflix_models) - [012d72c8b52a|331]: It took 0.173s to build the Airflow DAG.","logger":"cosmos.converter","dag_id":"netflix_dbt_pipeline","task_id":"netflix_models.seed_movie_release_dates_seed","ti_id":"019f0713-e7ea-7f00-a1ea-bcb36f3ce1cd","run_id":"manual__2026-06-27T03:12:59.853585+00:00","try_number":2,"map_index":-1,"filename":"converter.py","lineno":387}
{"timestamp":"2026-06-27T03:16:18.322519Z","level":"info","event":"::endgroup::Cosmos DAG parsing logs","logger":"cosmos.converter","dag_id":"netflix_dbt_pipeline","task_id":"netflix_models.seed_movie_release_dates_seed","ti_id":"019f0713-e7ea-7f00-a1ea-bcb36f3ce1cd","run_id":"manual__2026-06-27T03:12:59.853585+00:00","try_number":2,"map_index":-1,"filename":"converter.py","lineno":390}
{"timestamp":"2026-06-27T03:16:18.322947Z","level":"warning","event":"Using Variable.get from `airflow.models` is deprecated.Please use `get` on Variable from sdk(`airflow.sdk.Variable`) instead","category":"UserWarning","filename":"/home/airflow/.local/lib/python3.12/site-packages/airflow/models/variable.py","lineno":159,"dag_id":"netflix_dbt_pipeline","task_id":"netflix_models.seed_movie_release_dates_seed","ti_id":"019f0713-e7ea-7f00-a1ea-bcb36f3ce1cd","run_id":"manual__2026-06-27T03:12:59.853585+00:00","try_number":2,"map_index":-1,"logger":"py.warnings"}
{"timestamp":"2026-06-27T03:16:18.419985Z","level":"info","event":"Task instance is in running state","logger":"task.stdout"}
{"timestamp":"2026-06-27T03:16:18.420682Z","level":"info","event":" Previous state of the Task instance: TaskInstanceState.QUEUED","logger":"task.stdout"}
{"timestamp":"2026-06-27T03:16:18.421901Z","level":"info","event":"Current task name:netflix_models.seed_movie_release_dates_seed","logger":"task.stdout"}
{"timestamp":"2026-06-27T03:16:18.422557Z","level":"info","event":"Dag name:netflix_dbt_pipeline","logger":"task.stdout"}
{"timestamp":"2026-06-27T03:16:18.420422Z","level":"info","event":"::endgroup::","dag_id":"netflix_dbt_pipeline","task_id":"netflix_models.seed_movie_release_dates_seed","ti_id":"019f0713-e7ea-7f00-a1ea-bcb36f3ce1cd","run_id":"manual__2026-06-27T03:12:59.853585+00:00","try_number":2,"map_index":-1,"logger":"task","filename":"task_runner.py","lineno":1727}
{"timestamp":"2026-06-27T03:16:22.244468Z","level":"info","event":"dbtRunner is available. Using dbtRunner for invoking dbt.","logger":"cosmos.operators.local","dag_id":"netflix_dbt_pipeline","task_id":"netflix_models.seed_movie_release_dates_seed","ti_id":"019f0713-e7ea-7f00-a1ea-bcb36f3ce1cd","run_id":"manual__2026-06-27T03:12:59.853585+00:00","try_number":2,"map_index":-1,"filename":"local.py","lineno":269}
{"timestamp":"2026-06-27T03:16:22.245271Z","level":"info","event":"Cloning project to writable temp directory /tmp/tmpfiuiwa1a from /opt/airflow/dbt/netflix","logger":"cosmos.operators.local","dag_id":"netflix_dbt_pipeline","task_id":"netflix_models.seed_movie_release_dates_seed","ti_id":"019f0713-e7ea-7f00-a1ea-bcb36f3ce1cd","run_id":"manual__2026-06-27T03:12:59.853585+00:00","try_number":2,"map_index":-1,"filename":"local.py","lineno":494}
{"timestamp":"2026-06-27T03:16:22.267820Z","level":"info","event":"Partial parse is enabled and the latest partial parse file is /tmp/cosmos/netflix_dbt_pipeline__netflix_models/target/partial_parse.msgpack","logger":"cosmos.operators.local","dag_id":"netflix_dbt_pipeline","task_id":"netflix_models.seed_movie_release_dates_seed","ti_id":"019f0713-e7ea-7f00-a1ea-bcb36f3ce1cd","run_id":"manual__2026-06-27T03:12:59.853585+00:00","try_number":2,"map_index":-1,"filename":"local.py","lineno":514}
{"timestamp":"2026-06-27T03:16:22.301977Z","level":"info","event":"Profile caching is enable.","logger":"cosmos.config","dag_id":"netflix_dbt_pipeline","task_id":"netflix_models.seed_movie_release_dates_seed","ti_id":"019f0713-e7ea-7f00-a1ea-bcb36f3ce1cd","run_id":"manual__2026-06-27T03:12:59.853585+00:00","try_number":2,"map_index":-1,"filename":"config.py","lineno":382}
{"timestamp":"2026-06-27T03:16:22.348960Z","level":"info","event":"Profile found in cache using profile: /tmp/cosmos/profile/393fe3eb83c64251326783135b147a21d556e0f7a18f27fac62e71257758b615/profiles.yml.","logger":"cosmos.config","dag_id":"netflix_dbt_pipeline","task_id":"netflix_models.seed_movie_release_dates_seed","ti_id":"019f0713-e7ea-7f00-a1ea-bcb36f3ce1cd","run_id":"manual__2026-06-27T03:12:59.853585+00:00","try_number":2,"map_index":-1,"filename":"config.py","lineno":362}
{"timestamp":"2026-06-27T03:16:22.365925Z","level":"info","event":"Trying to run dbtRunner with:\n ['deps', '--project-dir', '/tmp/tmpfiuiwa1a', '--profiles-dir', '/tmp/cosmos/profile/393fe3eb83c64251326783135b147a21d556e0f7a18f27fac62e71257758b615', '--profile', 'netflix', '--target', 'dev', '--no-static-parser']\n in /tmp/tmpfiuiwa1a","logger":"cosmos.dbt.runner","dag_id":"netflix_dbt_pipeline","task_id":"netflix_models.seed_movie_release_dates_seed","ti_id":"019f0713-e7ea-7f00-a1ea-bcb36f3ce1cd","run_id":"manual__2026-06-27T03:12:59.853585+00:00","try_number":2,"map_index":-1,"filename":"runner.py","lineno":98}
{"timestamp":"2026-06-27T03:16:22.678700Z","level":"info","event":"\u001b[0m03:16:22  Running with dbt=1.11.11","logger":"task.stdout"}
{"timestamp":"2026-06-27T03:16:23.991716Z","level":"info","event":"\u001b[0m03:16:23  Installing dbt-labs/dbt_utils","logger":"task.stdout"}
{"timestamp":"2026-06-27T03:16:24.724269Z","level":"info","event":"\u001b[0m03:16:24  Installed from version 1.4.0","logger":"task.stdout"}
{"timestamp":"2026-06-27T03:16:24.725260Z","level":"info","event":"\u001b[0m03:16:24  Up to date!","logger":"task.stdout"}
{"timestamp":"2026-06-27T03:16:26.156117Z","level":"info","event":"Trying to run dbtRunner with:\n ['seed', '--select', 'fqn:netflix.seed_movie_release_dates', '--project-dir', '/tmp/tmpfiuiwa1a', '--profiles-dir', '/tmp/cosmos/profile/393fe3eb83c64251326783135b147a21d556e0f7a18f27fac62e71257758b615', '--profile', 'netflix', '--target', 'dev', '--no-static-parser']\n in /tmp/tmpfiuiwa1a","logger":"cosmos.dbt.runner","dag_id":"netflix_dbt_pipeline","task_id":"netflix_models.seed_movie_release_dates_seed","ti_id":"019f0713-e7ea-7f00-a1ea-bcb36f3ce1cd","run_id":"manual__2026-06-27T03:12:59.853585+00:00","try_number":2,"map_index":-1,"filename":"runner.py","lineno":98}
{"timestamp":"2026-06-27T03:16:26.187715Z","level":"info","event":"\u001b[0m03:16:26  Running with dbt=1.11.11","logger":"task.stdout"}
{"timestamp":"2026-06-27T03:16:26.447051Z","level":"warning","event":"urllib3 (2.5.0) or chardet (6.0.0.post1)/charset_normalizer (3.4.7) doesn't match a supported version!","category":"RequestsDependencyWarning","filename":"/home/airflow/.local/lib/python3.12/site-packages/snowflake/connector/vendored/requests/__init__.py","lineno":113,"dag_id":"netflix_dbt_pipeline","task_id":"netflix_models.seed_movie_release_dates_seed","ti_id":"019f0713-e7ea-7f00-a1ea-bcb36f3ce1cd","run_id":"manual__2026-06-27T03:12:59.853585+00:00","try_number":2,"map_index":-1,"logger":"py.warnings"}
{"timestamp":"2026-06-27T03:16:28.557792Z","level":"info","event":"\u001b[0m03:16:28  Registered adapter: snowflake=1.8.4","logger":"task.stdout"}
{"timestamp":"2026-06-27T03:16:38.705484Z","level":"info","event":"\u001b[0m03:16:38  Unable to do partial parsing because config vars, config profile, or config target have changed","logger":"task.stdout"}
{"timestamp":"2026-06-27T03:16:38.719338Z","level":"info","event":"\u001b[0m03:16:38  Unable to do partial parsing because profile has changed","logger":"task.stdout"}
{"timestamp":"2026-06-27T03:16:54.887797Z","level":"info","event":"\u001b[0m03:16:54  [\u001b[33mWARNING\u001b[0m][MissingArgumentsPropertyInGenericTestDeprecation]: Deprecated","logger":"task.stdout"}
{"timestamp":"2026-06-27T03:16:54.888614Z","level":"info","event":"functionality","logger":"task.stdout"}
{"timestamp":"2026-06-27T03:16:54.889315Z","level":"info","event":"Found top-level arguments to test `relationships` defined on 'fct_ratings' in","logger":"task.stdout"}
{"timestamp":"2026-06-27T03:16:54.889615Z","level":"info","event":"package 'netflix' (models/schema.yml). Arguments to generic tests should be","logger":"task.stdout"}
{"timestamp":"2026-06-27T03:16:54.890266Z","level":"info","event":"nested under the `arguments` property.","logger":"task.stdout"}
{"timestamp":"2026-06-27T03:16:58.609338Z","level":"info","event":"\u001b[0m03:16:58  Found 13 models, 1 snapshot, 13 data tests, 1 seed, 1 source, 620 macros","logger":"task.stdout"}
{"timestamp":"2026-06-27T03:16:58.611148Z","level":"info","event":"\u001b[0m03:16:58","logger":"task.stdout"}
{"timestamp":"2026-06-27T03:16:58.612427Z","level":"info","event":"\u001b[0m03:16:58  Concurrency: 4 threads (target='dev')","logger":"task.stdout"}
{"timestamp":"2026-06-27T03:16:58.614067Z","level":"info","event":"\u001b[0m03:16:58","logger":"task.stdout"}
{"timestamp":"2026-06-27T03:16:58.691941Z","level":"info","event":"Snowflake Connector for Python Version: 3.18.0, Python Version: 3.12.13, Platform: Linux-6.18.33.1-microsoft-standard-WSL2-x86_64-with-glibc2.36","logger":"snowflake.connector.connection","filename":"connection.py","lineno":521}
{"timestamp":"2026-06-27T03:16:58.693213Z","level":"info","event":"Connecting to GLOBAL Snowflake domain","logger":"snowflake.connector.connection","filename":"connection.py","lineno":1464}
{"timestamp":"2026-06-27T03:17:04.913041Z","level":"info","event":"\u001b[0m03:17:04","logger":"task.stdout"}
{"timestamp":"2026-06-27T03:17:04.913690Z","level":"info","event":"\u001b[0m03:17:04  Finished running  in 0 hours 0 minutes and 6.30 seconds (6.30s).","logger":"task.stdout"}
{"timestamp":"2026-06-27T03:17:04.914375Z","level":"info","event":"\u001b[0m03:17:04  Encountered an error:","logger":"task.stdout"}
{"timestamp":"2026-06-27T03:17:04.914713Z","level":"info","event":"Runtime Error","logger":"task.stdout"}
{"timestamp":"2026-06-27T03:17:04.915073Z","level":"info","event":"  Database error while listing schemas in database \"PROJECT_DB\"","logger":"task.stdout"}
{"timestamp":"2026-06-27T03:17:04.915431Z","level":"info","event":"  Database Error","logger":"task.stdout"}
{"timestamp":"2026-06-27T03:17:04.915748Z","level":"info","event":"    250001 (08001): None: Failed to connect to DB: KSEVHVG-LZ08773.snowflakecomputing.com:443. Incorrect username or password was specified.","logger":"task.stdout"}
{"timestamp":"2026-06-27T03:17:04.916156Z","level":"info","event":"\u001b[0m03:17:04  [\u001b[33mWARNING\u001b[0m][DeprecationsSummary]: Deprecated functionality","logger":"task.stdout"}
{"timestamp":"2026-06-27T03:17:04.916555Z","level":"info","event":"Summary of encountered deprecations:","logger":"task.stdout"}
{"timestamp":"2026-06-27T03:17:04.917220Z","level":"info","event":"- MissingArgumentsPropertyInGenericTestDeprecation: 1 occurrence","logger":"task.stdout"}
{"timestamp":"2026-06-27T03:17:04.917573Z","level":"info","event":"To see all deprecation instances instead of just the first occurrence of each,","logger":"task.stdout"}
{"timestamp":"2026-06-27T03:17:04.917936Z","level":"info","event":"run command again with the `--show-all-deprecations` flag. You may also need to","logger":"task.stdout"}
{"timestamp":"2026-06-27T03:17:04.918302Z","level":"info","event":"run with `--no-partial-parse` as some deprecations are only encountered during","logger":"task.stdout"}
{"timestamp":"2026-06-27T03:17:04.918675Z","level":"info","event":"parsing.","logger":"task.stdout"}
{"timestamp":"2026-06-27T03:17:06.426127Z","level":"info","event":"Inlets: []","logger":"cosmos.operators.local","dag_id":"netflix_dbt_pipeline","task_id":"netflix_models.seed_movie_release_dates_seed","ti_id":"019f0713-e7ea-7f00-a1ea-bcb36f3ce1cd","run_id":"manual__2026-06-27T03:12:59.853585+00:00","try_number":2,"map_index":-1,"filename":"local.py","lineno":571}
{"timestamp":"2026-06-27T03:17:06.426447Z","level":"info","event":"Outlets: []","logger":"cosmos.operators.local","dag_id":"netflix_dbt_pipeline","task_id":"netflix_models.seed_movie_release_dates_seed","ti_id":"019f0713-e7ea-7f00-a1ea-bcb36f3ce1cd","run_id":"manual__2026-06-27T03:12:59.853585+00:00","try_number":2,"map_index":-1,"filename":"local.py","lineno":572}
{"timestamp":"2026-06-27T03:17:06.426650Z","level":"info","event":"Assigning outlets with DatasetAlias in Airflow 3","logger":"cosmos.operators.local","dag_id":"netflix_dbt_pipeline","task_id":"netflix_models.seed_movie_release_dates_seed","ti_id":"019f0713-e7ea-7f00-a1ea-bcb36f3ce1cd","run_id":"manual__2026-06-27T03:12:59.853585+00:00","try_number":2,"map_index":-1,"filename":"local.py","lineno":823}
{"timestamp":"2026-06-27T03:17:06.513224Z","level":"error","event":"Task failed with exception","dag_id":"netflix_dbt_pipeline","task_id":"netflix_models.seed_movie_release_dates_seed","ti_id":"019f0713-e7ea-7f00-a1ea-bcb36f3ce1cd","run_id":"manual__2026-06-27T03:12:59.853585+00:00","try_number":2,"map_index":-1,"logger":"task","filename":"task_runner.py","lineno":1381,"error_detail":[{"exc_type":"CosmosDbtRunError","exc_value":"dbt invocation did not complete with unhandled error: Runtime Error\n  Database error while listing schemas in database \"PROJECT_DB\"\n  Database Error\n    250001 (08001): None: Failed to connect to DB: KSEVHVG-LZ08773.snowflakecomputing.com:443. Incorrect username or password was specified.","exc_notes":[],"syntax_error":null,"is_cause":false,"frames":[{"filename":"/home/airflow/.local/lib/python3.12/site-packages/airflow/sdk/execution_time/task_runner.py","lineno":1287,"name":"run"},{"filename":"/home/airflow/.local/lib/python3.12/site-packages/airflow/sdk/execution_time/task_runner.py","lineno":1745,"name":"_execute_task"},{"filename":"/home/airflow/.local/lib/python3.12/site-packages/cosmos/operators/base.py","lineno":346,"name":"execute"},{"filename":"/home/airflow/.local/lib/python3.12/site-packages/cosmos/operators/local.py","lineno":887,"name":"build_and_run_cmd"},{"filename":"/home/airflow/.local/lib/python3.12/site-packages/cosmos/operators/local.py","lineno":706,"name":"run_command"},{"filename":"/home/airflow/.local/lib/python3.12/site-packages/cosmos/operators/local.py","lineno":283,"name":"handle_exception_dbt_runner"},{"filename":"/home/airflow/.local/lib/python3.12/site-packages/cosmos/dbt/runner.py","lineno":155,"name":"handle_exception_if_needed"}],"is_group":false,"exceptions":[]}]}
{"timestamp":"2026-06-27T03:17:06.531832Z","level":"info","event":"::group::Post Execute","dag_id":"netflix_dbt_pipeline","task_id":"netflix_models.seed_movie_release_dates_seed","ti_id":"019f0713-e7ea-7f00-a1ea-bcb36f3ce1cd","run_id":"manual__2026-06-27T03:12:59.853585+00:00","try_number":2,"map_index":-1,"logger":"task","filename":"task_runner.py","lineno":1382}
{"timestamp":"2026-06-27T03:17:07.765549Z","level":"info","event":"Task instance in failure state","logger":"task.stdout"}
{"timestamp":"2026-06-27T03:17:07.768439Z","level":"info","event":"Task start","logger":"task.stdout"}
{"timestamp":"2026-06-27T03:17:07.771071Z","level":"info","event":"Task:<Task(DbtSeedLocalOperator): netflix_models.seed_movie_release_dates_seed>","logger":"task.stdout"}
{"timestamp":"2026-06-27T03:17:07.772768Z","level":"info","event":"Failure caused by dbt invocation did not complete with unhandled error: Runtime Error","logger":"task.stdout"}
{"timestamp":"2026-06-27T03:17:07.775358Z","level":"info","event":"  Database error while listing schemas in database \"PROJECT_DB\"","logger":"task.stdout"}
{"timestamp":"2026-06-27T03:17:07.776274Z","level":"info","event":"  Database Error","logger":"task.stdout"}
{"timestamp":"2026-06-27T03:17:07.779788Z","level":"info","event":"    250001 (08001): None: Failed to connect to DB: KSEVHVG-LZ08773.snowflakecomputing.com:443. Incorrect username or password was specified.","logger":"task.stdout"}
{"timestamp":"2026-06-27T03:17:07.769190Z","level":"info","event":"::endgroup::","dag_id":"netflix_dbt_pipeline","task_id":"netflix_models.seed_movie_release_dates_seed","ti_id":"019f0713-e7ea-7f00-a1ea-bcb36f3ce1cd","run_id":"manual__2026-06-27T03:12:59.853585+00:00","try_number":2,"map_index":-1,"logger":"task","filename":"task_runner.py","lineno":1896}
{"timestamp":"2026-06-27T03:17:07.884581Z","level":"error","event":"/usr/python/lib/python3.12/multiprocessing/resource_tracker.py:279: UserWarning: resource_tracker: There appear to be 2 leaked semaphore objects to clean up at shutdown","logger":"task.stderr"}
{"timestamp":"2026-06-27T03:17:07.897787Z","level":"error","event":"  warnings.warn('resource_tracker: There appear to be %d '","logger":"task.stderr"}
