{"timestamp":"2026-06-29T05:19:30.552908Z","level":"info","event":"::group::Pre Execute","logger":"task","filename":"task_runner.py","lineno":1926}
{"timestamp":"2026-06-29T05:19:38.478493Z","level":"warning","event":"section/key [openlineage/namespace] not found in config","logger":"airflow.sdk._shared.configuration.parser","run_id":"scheduled__2026-06-29T00:00:00+00:00","dag_id":"netflix_dbt_build","task_id":"src_ratings_run","map_index":-1,"try_number":1,"ti_id":"019f11d1-6a76-77df-b234-af24a4ba86b1","filename":"parser.py","lineno":1361}
{"timestamp":"2026-06-29T05:19:38.559470Z","level":"warning","event":"airflow.exceptions.AirflowSkipException is deprecated and will be removed in a future version. Use airflow.sdk.exceptions.AirflowSkipException instead.","category":"DeprecatedImportWarning","filename":"/home/airflow/.local/lib/python3.12/site-packages/cosmos/operators/local.py","lineno":19,"run_id":"scheduled__2026-06-29T00:00:00+00:00","dag_id":"netflix_dbt_build","task_id":"src_ratings_run","map_index":-1,"try_number":1,"ti_id":"019f11d1-6a76-77df-b234-af24a4ba86b1","logger":"py.warnings"}
{"timestamp":"2026-06-29T05:19:39.629538Z","level":"info","event":"DAG bundles loaded: dags-folder, example_dags","run_id":"scheduled__2026-06-29T00:00:00+00:00","dag_id":"netflix_dbt_build","task_id":"src_ratings_run","map_index":-1,"try_number":1,"ti_id":"019f11d1-6a76-77df-b234-af24a4ba86b1","logger":"airflow.dag_processing.bundles.manager.DagBundlesManager","filename":"manager.py","lineno":209}
{"timestamp":"2026-06-29T05:19:39.634273Z","level":"info","event":"Filling up the DagBag from /opt/airflow/dags/netflix_dbt_build.py","run_id":"scheduled__2026-06-29T00:00:00+00:00","dag_id":"netflix_dbt_build","task_id":"src_ratings_run","map_index":-1,"try_number":1,"ti_id":"019f11d1-6a76-77df-b234-af24a4ba86b1","logger":"airflow.dag_processing.dagbag.BundleDagBag","filename":"dagbag.py","lineno":469}
{"timestamp":"2026-06-29T05:19:39.895171Z","level":"info","event":"::group::Cosmos DAG parsing logs","logger":"cosmos.converter","run_id":"scheduled__2026-06-29T00:00:00+00:00","dag_id":"netflix_dbt_build","task_id":"src_ratings_run","map_index":-1,"try_number":1,"ti_id":"019f11d1-6a76-77df-b234-af24a4ba86b1","filename":"converter.py","lineno":293}
{"timestamp":"2026-06-29T05:19:39.906275Z","level":"info","event":"Trying to parse the dbt project using dbt ls cache cosmos_cache__netflix_dbt_build...","logger":"cosmos.dbt.graph","run_id":"scheduled__2026-06-29T00:00:00+00:00","dag_id":"netflix_dbt_build","task_id":"src_ratings_run","map_index":-1,"try_number":1,"ti_id":"019f11d1-6a76-77df-b234-af24a4ba86b1","filename":"graph.py","lineno":781}
{"timestamp":"2026-06-29T05:19:42.529746Z","level":"info","event":"Cosmos performance: time to calculate cache identifier cosmos_cache__netflix_dbt_build for current version: 2.4687623769999973","logger":"cosmos.cache","run_id":"scheduled__2026-06-29T00:00:00+00:00","dag_id":"netflix_dbt_build","task_id":"src_ratings_run","map_index":-1,"try_number":1,"ti_id":"019f11d1-6a76-77df-b234-af24a4ba86b1","filename":"cache.py","lineno":333}
{"timestamp":"2026-06-29T05:19:42.530280Z","level":"info","event":"Cosmos performance [a4a7e12592be|64]: The cache size for cosmos_cache__netflix_dbt_build is 24254","logger":"cosmos.dbt.graph","run_id":"scheduled__2026-06-29T00:00:00+00:00","dag_id":"netflix_dbt_build","task_id":"src_ratings_run","map_index":-1,"try_number":1,"ti_id":"019f11d1-6a76-77df-b234-af24a4ba86b1","filename":"graph.py","lineno":798}
{"timestamp":"2026-06-29T05:19:42.534562Z","level":"info","event":"Cosmos performance: Cache hit for cosmos_cache__netflix_dbt_build - eb77c64bfed2631164d8b9a9a4890ed2,d41d8cd98f00b204e9800998ecf8427e","logger":"cosmos.dbt.graph","run_id":"scheduled__2026-06-29T00:00:00+00:00","dag_id":"netflix_dbt_build","task_id":"src_ratings_run","map_index":-1,"try_number":1,"ti_id":"019f11d1-6a76-77df-b234-af24a4ba86b1","filename":"graph.py","lineno":806}
{"timestamp":"2026-06-29T05:19:42.539812Z","level":"info","event":"Total nodes: 29","logger":"cosmos.dbt.graph","run_id":"scheduled__2026-06-29T00:00:00+00:00","dag_id":"netflix_dbt_build","task_id":"src_ratings_run","map_index":-1,"try_number":1,"ti_id":"019f11d1-6a76-77df-b234-af24a4ba86b1","filename":"graph.py","lineno":711}
{"timestamp":"2026-06-29T05:19:42.540062Z","level":"info","event":"Total filtered nodes: 29","logger":"cosmos.dbt.graph","run_id":"scheduled__2026-06-29T00:00:00+00:00","dag_id":"netflix_dbt_build","task_id":"src_ratings_run","map_index":-1,"try_number":1,"ti_id":"019f11d1-6a76-77df-b234-af24a4ba86b1","filename":"graph.py","lineno":712}
{"timestamp":"2026-06-29T05:19:44.789835Z","level":"info","event":"Cosmos performance (netflix_dbt_build) -  [a4a7e12592be|64]: It took 4.88s to parse the dbt project for DAG using LoadMode.DBT_LS_CACHE","logger":"cosmos.converter","run_id":"scheduled__2026-06-29T00:00:00+00:00","dag_id":"netflix_dbt_build","task_id":"src_ratings_run","map_index":-1,"try_number":1,"ti_id":"019f11d1-6a76-77df-b234-af24a4ba86b1","filename":"converter.py","lineno":340}
{"timestamp":"2026-06-29T05:19:45.531869Z","level":"info","event":"Cosmos performance (netflix_dbt_build) - [a4a7e12592be|64]: It took 0.742s to build the Airflow DAG.","logger":"cosmos.converter","run_id":"scheduled__2026-06-29T00:00:00+00:00","dag_id":"netflix_dbt_build","task_id":"src_ratings_run","map_index":-1,"try_number":1,"ti_id":"019f11d1-6a76-77df-b234-af24a4ba86b1","filename":"converter.py","lineno":387}
{"timestamp":"2026-06-29T05:19:45.532054Z","level":"info","event":"::endgroup::Cosmos DAG parsing logs","logger":"cosmos.converter","run_id":"scheduled__2026-06-29T00:00:00+00:00","dag_id":"netflix_dbt_build","task_id":"src_ratings_run","map_index":-1,"try_number":1,"ti_id":"019f11d1-6a76-77df-b234-af24a4ba86b1","filename":"converter.py","lineno":390}
{"timestamp":"2026-06-29T05:19:45.532516Z","level":"warning","event":"The `airflow.models.baseoperator.chain` attribute is deprecated. Please use `'airflow.sdk.bases.operator.chain'`.","category":"UserWarning","filename":"/opt/airflow/dags/netflix_dbt_build.py","lineno":3,"run_id":"scheduled__2026-06-29T00:00:00+00:00","dag_id":"netflix_dbt_build","task_id":"src_ratings_run","map_index":-1,"try_number":1,"ti_id":"019f11d1-6a76-77df-b234-af24a4ba86b1","logger":"py.warnings"}
{"timestamp":"2026-06-29T05:19:45.532670Z","level":"warning","event":"Import 'DAG' directly from the airflow module is deprecated and will be removed in the future. Please import it from 'airflow.sdk'.","category":"UserWarning","filename":"/home/airflow/.local/lib/python3.12/site-packages/cosmos/airflow/dag.py","lineno":9,"run_id":"scheduled__2026-06-29T00:00:00+00:00","dag_id":"netflix_dbt_build","task_id":"src_ratings_run","map_index":-1,"try_number":1,"ti_id":"019f11d1-6a76-77df-b234-af24a4ba86b1","logger":"py.warnings"}
{"timestamp":"2026-06-29T05:19:45.532764Z","level":"warning","event":"Using Variable.get from `airflow.models` is deprecated.Please use `get` on Variable from sdk(`airflow.sdk.Variable`) instead","category":"UserWarning","filename":"/home/airflow/.local/lib/python3.12/site-packages/airflow/models/variable.py","lineno":159,"run_id":"scheduled__2026-06-29T00:00:00+00:00","dag_id":"netflix_dbt_build","task_id":"src_ratings_run","map_index":-1,"try_number":1,"ti_id":"019f11d1-6a76-77df-b234-af24a4ba86b1","logger":"py.warnings"}
{"timestamp":"2026-06-29T05:19:45.770390Z","level":"info","event":"Task instance is in running state","logger":"task.stdout"}
{"timestamp":"2026-06-29T05:19:45.776911Z","level":"info","event":" Previous state of the Task instance: TaskInstanceState.QUEUED","logger":"task.stdout"}
{"timestamp":"2026-06-29T05:19:45.777684Z","level":"info","event":"Current task name:src_ratings_run","logger":"task.stdout"}
{"timestamp":"2026-06-29T05:19:45.779883Z","level":"info","event":"Dag name:netflix_dbt_build","logger":"task.stdout"}
{"timestamp":"2026-06-29T05:19:45.766665Z","level":"info","event":"::endgroup::","run_id":"scheduled__2026-06-29T00:00:00+00:00","dag_id":"netflix_dbt_build","task_id":"src_ratings_run","map_index":-1,"try_number":1,"ti_id":"019f11d1-6a76-77df-b234-af24a4ba86b1","logger":"task","filename":"task_runner.py","lineno":1727}
{"timestamp":"2026-06-29T05:19:50.150365Z","level":"info","event":"dbtRunner is available. Using dbtRunner for invoking dbt.","logger":"cosmos.operators.local","run_id":"scheduled__2026-06-29T00:00:00+00:00","dag_id":"netflix_dbt_build","task_id":"src_ratings_run","map_index":-1,"try_number":1,"ti_id":"019f11d1-6a76-77df-b234-af24a4ba86b1","filename":"local.py","lineno":269}
{"timestamp":"2026-06-29T05:19:50.151360Z","level":"info","event":"Cloning project to writable temp directory /tmp/tmp0tdikz3o from /opt/airflow/dbt/netflix","logger":"cosmos.operators.local","run_id":"scheduled__2026-06-29T00:00:00+00:00","dag_id":"netflix_dbt_build","task_id":"src_ratings_run","map_index":-1,"try_number":1,"ti_id":"019f11d1-6a76-77df-b234-af24a4ba86b1","filename":"local.py","lineno":494}
{"timestamp":"2026-06-29T05:19:50.185315Z","level":"info","event":"Partial parse is enabled and the latest partial parse file is /tmp/cosmos/netflix_dbt_build/target/partial_parse.msgpack","logger":"cosmos.operators.local","run_id":"scheduled__2026-06-29T00:00:00+00:00","dag_id":"netflix_dbt_build","task_id":"src_ratings_run","map_index":-1,"try_number":1,"ti_id":"019f11d1-6a76-77df-b234-af24a4ba86b1","filename":"local.py","lineno":514}
{"timestamp":"2026-06-29T05:19:50.272937Z","level":"info","event":"Profile caching is enable.","logger":"cosmos.config","run_id":"scheduled__2026-06-29T00:00:00+00:00","dag_id":"netflix_dbt_build","task_id":"src_ratings_run","map_index":-1,"try_number":1,"ti_id":"019f11d1-6a76-77df-b234-af24a4ba86b1","filename":"config.py","lineno":382}
{"timestamp":"2026-06-29T05:19:50.456707Z","level":"info","event":"Profile found in cache using profile: /tmp/cosmos/profile/f1d9fdbb1a43b4d6303bffc9280335c75387554b4de9226700e70e3cddda25fc/profiles.yml.","logger":"cosmos.config","run_id":"scheduled__2026-06-29T00:00:00+00:00","dag_id":"netflix_dbt_build","task_id":"src_ratings_run","map_index":-1,"try_number":1,"ti_id":"019f11d1-6a76-77df-b234-af24a4ba86b1","filename":"config.py","lineno":362}
{"timestamp":"2026-06-29T05:19:50.484870Z","level":"info","event":"Trying to run dbtRunner with:\n ['deps', '--project-dir', '/tmp/tmp0tdikz3o', '--profiles-dir', '/tmp/cosmos/profile/f1d9fdbb1a43b4d6303bffc9280335c75387554b4de9226700e70e3cddda25fc', '--profile', 'netflix', '--target', 'dev', '--no-static-parser']\n in /tmp/tmp0tdikz3o","logger":"cosmos.dbt.runner","run_id":"scheduled__2026-06-29T00:00:00+00:00","dag_id":"netflix_dbt_build","task_id":"src_ratings_run","map_index":-1,"try_number":1,"ti_id":"019f11d1-6a76-77df-b234-af24a4ba86b1","filename":"runner.py","lineno":98}
{"timestamp":"2026-06-29T05:19:50.995411Z","level":"info","event":"\u001b[0m05:19:50  Running with dbt=1.11.11","logger":"task.stdout"}
{"timestamp":"2026-06-29T05:19:53.136337Z","level":"info","event":"\u001b[0m05:19:53  Installing dbt-labs/dbt_utils","logger":"task.stdout"}
{"timestamp":"2026-06-29T05:19:54.015908Z","level":"info","event":"\u001b[0m05:19:54  Installed from version 1.4.0","logger":"task.stdout"}
{"timestamp":"2026-06-29T05:19:54.017003Z","level":"info","event":"\u001b[0m05:19:54  Updated version available: 1.4.1","logger":"task.stdout"}
{"timestamp":"2026-06-29T05:19:54.019027Z","level":"info","event":"\u001b[0m05:19:54","logger":"task.stdout"}
{"timestamp":"2026-06-29T05:19:54.020275Z","level":"info","event":"\u001b[0m05:19:54  Updates available for packages: ['dbt-labs/dbt_utils']","logger":"task.stdout"}
{"timestamp":"2026-06-29T05:19:54.021028Z","level":"info","event":"Update your versions in packages.yml, then run dbt deps","logger":"task.stdout"}
{"timestamp":"2026-06-29T05:19:55.705881Z","level":"info","event":"Trying to run dbtRunner with:\n ['run', '--select', 'fqn:netflix.staging.src_ratings', '--project-dir', '/tmp/tmp0tdikz3o', '--profiles-dir', '/tmp/cosmos/profile/f1d9fdbb1a43b4d6303bffc9280335c75387554b4de9226700e70e3cddda25fc', '--profile', 'netflix', '--target', 'dev', '--no-static-parser']\n in /tmp/tmp0tdikz3o","logger":"cosmos.dbt.runner","run_id":"scheduled__2026-06-29T00:00:00+00:00","dag_id":"netflix_dbt_build","task_id":"src_ratings_run","map_index":-1,"try_number":1,"ti_id":"019f11d1-6a76-77df-b234-af24a4ba86b1","filename":"runner.py","lineno":98}
{"timestamp":"2026-06-29T05:19:55.772360Z","level":"info","event":"\u001b[0m05:19:55  Running with dbt=1.11.11","logger":"task.stdout"}
{"timestamp":"2026-06-29T05:19:56.355025Z","level":"warning","event":"urllib3 (2.5.0) or chardet (6.0.0.post1)/charset_normalizer (3.4.7) doesn't match a supported version!","category":"RequestsDependencyWarning","filename":"/home/airflow/.local/lib/python3.12/site-packages/snowflake/connector/vendored/requests/__init__.py","lineno":113,"run_id":"scheduled__2026-06-29T00:00:00+00:00","dag_id":"netflix_dbt_build","task_id":"src_ratings_run","map_index":-1,"try_number":1,"ti_id":"019f11d1-6a76-77df-b234-af24a4ba86b1","logger":"py.warnings"}
{"timestamp":"2026-06-29T05:19:59.074022Z","level":"info","event":"\u001b[0m05:19:59  Registered adapter: snowflake=1.8.4","logger":"task.stdout"}
{"timestamp":"2026-06-29T05:20:12.880186Z","level":"info","event":"\u001b[0m05:20:12  Found 13 models, 1 snapshot, 13 data tests, 1 seed, 1 source, 620 macros","logger":"task.stdout"}
{"timestamp":"2026-06-29T05:20:12.885313Z","level":"info","event":"\u001b[0m05:20:12","logger":"task.stdout"}
{"timestamp":"2026-06-29T05:20:12.893295Z","level":"info","event":"\u001b[0m05:20:12  Concurrency: 4 threads (target='dev')","logger":"task.stdout"}
{"timestamp":"2026-06-29T05:20:12.896577Z","level":"info","event":"\u001b[0m05:20:12","logger":"task.stdout"}
{"timestamp":"2026-06-29T05:20:13.019839Z","level":"info","event":"Snowflake Connector for Python Version: 3.18.0, Python Version: 3.12.13, Platform: Linux-6.18.33.1-microsoft-standard-WSL2-x86_64-with-glibc2.36","logger":"snowflake.connector.connection","filename":"connection.py","lineno":521}
{"timestamp":"2026-06-29T05:20:13.028714Z","level":"info","event":"Connecting to GLOBAL Snowflake domain","logger":"snowflake.connector.connection","filename":"connection.py","lineno":1464}
{"timestamp":"2026-06-29T05:20:16.251017Z","level":"info","event":"Snowflake Connector for Python Version: 3.18.0, Python Version: 3.12.13, Platform: Linux-6.18.33.1-microsoft-standard-WSL2-x86_64-with-glibc2.36","logger":"snowflake.connector.connection","filename":"connection.py","lineno":521}
{"timestamp":"2026-06-29T05:20:16.251474Z","level":"info","event":"Connecting to GLOBAL Snowflake domain","logger":"snowflake.connector.connection","filename":"connection.py","lineno":1464}
{"timestamp":"2026-06-29T05:20:16.253823Z","level":"info","event":"Snowflake Connector for Python Version: 3.18.0, Python Version: 3.12.13, Platform: Linux-6.18.33.1-microsoft-standard-WSL2-x86_64-with-glibc2.36","logger":"snowflake.connector.connection","filename":"connection.py","lineno":521}
{"timestamp":"2026-06-29T05:20:16.254196Z","level":"info","event":"Connecting to GLOBAL Snowflake domain","logger":"snowflake.connector.connection","filename":"connection.py","lineno":1464}
{"timestamp":"2026-06-29T05:20:17.709102Z","level":"info","event":"\u001b[0m05:20:17  1 of 1 START sql table model DEV.src_ratings ................................... [RUN]","logger":"task.stdout"}
{"timestamp":"2026-06-29T05:20:17.811002Z","level":"info","event":"Snowflake Connector for Python Version: 3.18.0, Python Version: 3.12.13, Platform: Linux-6.18.33.1-microsoft-standard-WSL2-x86_64-with-glibc2.36","logger":"snowflake.connector.connection","filename":"connection.py","lineno":521}
{"timestamp":"2026-06-29T05:20:17.811854Z","level":"info","event":"Connecting to GLOBAL Snowflake domain","logger":"snowflake.connector.connection","filename":"connection.py","lineno":1464}
{"timestamp":"2026-06-29T05:20:22.015628Z","level":"info","event":"\u001b[0m05:20:22  1 of 1 OK created sql table model DEV.src_ratings .............................. [\u001b[32mSUCCESS 1\u001b[0m in 4.30s]","logger":"task.stdout"}
{"timestamp":"2026-06-29T05:20:22.033045Z","level":"info","event":"\u001b[0m05:20:22","logger":"task.stdout"}
{"timestamp":"2026-06-29T05:20:22.045987Z","level":"info","event":"\u001b[0m05:20:22  Finished running 1 table model in 0 hours 0 minutes and 9.13 seconds (9.13s).","logger":"task.stdout"}
{"timestamp":"2026-06-29T05:20:22.124747Z","level":"info","event":"\u001b[0m05:20:22","logger":"task.stdout"}
{"timestamp":"2026-06-29T05:20:22.125962Z","level":"info","event":"\u001b[0m05:20:22  \u001b[32mCompleted successfully\u001b[0m","logger":"task.stdout"}
{"timestamp":"2026-06-29T05:20:22.127413Z","level":"info","event":"\u001b[0m05:20:22","logger":"task.stdout"}
{"timestamp":"2026-06-29T05:20:22.129931Z","level":"info","event":"\u001b[0m05:20:22  Done. PASS=1 WARN=0 ERROR=0 SKIP=0 NO-OP=0 TOTAL=1","logger":"task.stdout"}
{"timestamp":"2026-06-29T05:20:23.667282Z","level":"warning","event":"Airflow 3.0.0 Asset (Dataset) URIs validation rules changed and OpenLineage URIs (standard used by Cosmos) are no longer accepted. Therefore, if using Cosmos with Airflow 3, the Airflow Asset (Dataset) URI is now <snowflake://KSEVHVG-LZ08773/PROJECT_DB/DEV/src_ratings>. Before, with Airflow 2.x, the URI used to be <snowflake://KSEVHVG-LZ08773/PROJECT_DB.DEV.src_ratings>. Please, change any DAGs that were scheduled using the old standard to the new one.","logger":"cosmos.dataset","run_id":"scheduled__2026-06-29T00:00:00+00:00","dag_id":"netflix_dbt_build","task_id":"src_ratings_run","map_index":-1,"try_number":1,"ti_id":"019f11d1-6a76-77df-b234-af24a4ba86b1","filename":"dataset.py","lineno":227}
{"timestamp":"2026-06-29T05:20:24.542540Z","level":"info","event":"Inlets: []","logger":"cosmos.operators.local","run_id":"scheduled__2026-06-29T00:00:00+00:00","dag_id":"netflix_dbt_build","task_id":"src_ratings_run","map_index":-1,"try_number":1,"ti_id":"019f11d1-6a76-77df-b234-af24a4ba86b1","filename":"local.py","lineno":571}
{"timestamp":"2026-06-29T05:20:24.542765Z","level":"info","event":"Outlets: [Asset(name='snowflake://KSEVHVG-LZ08773/PROJECT_DB/DEV/src_ratings', uri='snowflake://KSEVHVG-LZ08773/PROJECT_DB/DEV/src_ratings', group='asset', extra={}, watchers=[])]","logger":"cosmos.operators.local","run_id":"scheduled__2026-06-29T00:00:00+00:00","dag_id":"netflix_dbt_build","task_id":"src_ratings_run","map_index":-1,"try_number":1,"ti_id":"019f11d1-6a76-77df-b234-af24a4ba86b1","filename":"local.py","lineno":572}
{"timestamp":"2026-06-29T05:20:24.543212Z","level":"info","event":"Assigning outlets with DatasetAlias in Airflow 3","logger":"cosmos.operators.local","run_id":"scheduled__2026-06-29T00:00:00+00:00","dag_id":"netflix_dbt_build","task_id":"src_ratings_run","map_index":-1,"try_number":1,"ti_id":"019f11d1-6a76-77df-b234-af24a4ba86b1","filename":"local.py","lineno":823}
{"timestamp":"2026-06-29T05:20:24.571033Z","level":"info","event":"::group::Post Execute","run_id":"scheduled__2026-06-29T00:00:00+00:00","dag_id":"netflix_dbt_build","task_id":"src_ratings_run","map_index":-1,"try_number":1,"ti_id":"019f11d1-6a76-77df-b234-af24a4ba86b1","logger":"task","filename":"task_runner.py","lineno":1288}
{"timestamp":"2026-06-29T05:20:25.750511Z","level":"info","event":"Task instance in success state","logger":"task.stdout"}
{"timestamp":"2026-06-29T05:20:25.754896Z","level":"info","event":" Previous state of the Task instance: TaskInstanceState.RUNNING","logger":"task.stdout"}
{"timestamp":"2026-06-29T05:20:25.755716Z","level":"info","event":"Task operator:<Task(DbtRunLocalOperator): src_ratings_run>","logger":"task.stdout"}
{"timestamp":"2026-06-29T05:20:25.749421Z","level":"info","event":"::endgroup::","run_id":"scheduled__2026-06-29T00:00:00+00:00","dag_id":"netflix_dbt_build","task_id":"src_ratings_run","map_index":-1,"try_number":1,"ti_id":"019f11d1-6a76-77df-b234-af24a4ba86b1","logger":"task","filename":"task_runner.py","lineno":1896}
