{"timestamp":"2026-06-27T03:16:14.284580Z","level":"info","event":"::group::Pre Execute","logger":"task","filename":"task_runner.py","lineno":1926}
{"timestamp":"2026-06-27T03:16:15.575995Z","level":"warning","event":"section/key [openlineage/namespace] not found in config","logger":"airflow.sdk._shared.configuration.parser","map_index":-1,"task_id":"netflix_models.src_ratings_run","try_number":2,"run_id":"manual__2026-06-27T03:12:59.853585+00:00","ti_id":"019f0713-e7e2-7a6e-81cc-eafc40bb1446","dag_id":"netflix_dbt_pipeline","filename":"parser.py","lineno":1361}
{"timestamp":"2026-06-27T03:16:15.588298Z","level":"warning","event":"airflow.exceptions.AirflowSkipException is deprecated and will be removed in a future version. Use airflow.sdk.exceptions.AirflowSkipException instead.","category":"DeprecatedImportWarning","filename":"/home/airflow/.local/lib/python3.12/site-packages/cosmos/operators/local.py","lineno":19,"map_index":-1,"task_id":"netflix_models.src_ratings_run","try_number":2,"run_id":"manual__2026-06-27T03:12:59.853585+00:00","ti_id":"019f0713-e7e2-7a6e-81cc-eafc40bb1446","dag_id":"netflix_dbt_pipeline","logger":"py.warnings"}
{"timestamp":"2026-06-27T03:16:15.922237Z","level":"info","event":"DAG bundles loaded: dags-folder, example_dags","map_index":-1,"task_id":"netflix_models.src_ratings_run","try_number":2,"run_id":"manual__2026-06-27T03:12:59.853585+00:00","ti_id":"019f0713-e7e2-7a6e-81cc-eafc40bb1446","dag_id":"netflix_dbt_pipeline","logger":"airflow.dag_processing.bundles.manager.DagBundlesManager","filename":"manager.py","lineno":209}
{"timestamp":"2026-06-27T03:16:15.930785Z","level":"info","event":"Filling up the DagBag from /opt/airflow/dags/netflix_dbt_dag.py","map_index":-1,"task_id":"netflix_models.src_ratings_run","try_number":2,"run_id":"manual__2026-06-27T03:12:59.853585+00:00","ti_id":"019f0713-e7e2-7a6e-81cc-eafc40bb1446","dag_id":"netflix_dbt_pipeline","logger":"airflow.dag_processing.dagbag.BundleDagBag","filename":"dagbag.py","lineno":469}
{"timestamp":"2026-06-27T03:16:16.087809Z","level":"info","event":"::group::Cosmos DAG parsing logs","logger":"cosmos.converter","map_index":-1,"task_id":"netflix_models.src_ratings_run","try_number":2,"run_id":"manual__2026-06-27T03:12:59.853585+00:00","ti_id":"019f0713-e7e2-7a6e-81cc-eafc40bb1446","dag_id":"netflix_dbt_pipeline","filename":"converter.py","lineno":293}
{"timestamp":"2026-06-27T03:16:16.090489Z","level":"info","event":"Trying to parse the dbt project using dbt ls cache cosmos_cache__netflix_dbt_pipeline__netflix_models...","logger":"cosmos.dbt.graph","map_index":-1,"task_id":"netflix_models.src_ratings_run","try_number":2,"run_id":"manual__2026-06-27T03:12:59.853585+00:00","ti_id":"019f0713-e7e2-7a6e-81cc-eafc40bb1446","dag_id":"netflix_dbt_pipeline","filename":"graph.py","lineno":781}
{"timestamp":"2026-06-27T03:16:17.869981Z","level":"info","event":"Cosmos performance: time to calculate cache identifier cosmos_cache__netflix_dbt_pipeline__netflix_models for current version: 1.7585319269983302","logger":"cosmos.cache","map_index":-1,"task_id":"netflix_models.src_ratings_run","try_number":2,"run_id":"manual__2026-06-27T03:12:59.853585+00:00","ti_id":"019f0713-e7e2-7a6e-81cc-eafc40bb1446","dag_id":"netflix_dbt_pipeline","filename":"cache.py","lineno":333}
{"timestamp":"2026-06-27T03:16:17.870199Z","level":"info","event":"Cosmos performance [012d72c8b52a|326]: The cache size for cosmos_cache__netflix_dbt_pipeline__netflix_models is 24254","logger":"cosmos.dbt.graph","map_index":-1,"task_id":"netflix_models.src_ratings_run","try_number":2,"run_id":"manual__2026-06-27T03:12:59.853585+00:00","ti_id":"019f0713-e7e2-7a6e-81cc-eafc40bb1446","dag_id":"netflix_dbt_pipeline","filename":"graph.py","lineno":798}
{"timestamp":"2026-06-27T03:16:17.871488Z","level":"info","event":"Cosmos performance: Cache hit for cosmos_cache__netflix_dbt_pipeline__netflix_models - eb77c64bfed2631164d8b9a9a4890ed2,d41d8cd98f00b204e9800998ecf8427e","logger":"cosmos.dbt.graph","map_index":-1,"task_id":"netflix_models.src_ratings_run","try_number":2,"run_id":"manual__2026-06-27T03:12:59.853585+00:00","ti_id":"019f0713-e7e2-7a6e-81cc-eafc40bb1446","dag_id":"netflix_dbt_pipeline","filename":"graph.py","lineno":806}
{"timestamp":"2026-06-27T03:16:17.875681Z","level":"info","event":"Total nodes: 29","logger":"cosmos.dbt.graph","map_index":-1,"task_id":"netflix_models.src_ratings_run","try_number":2,"run_id":"manual__2026-06-27T03:12:59.853585+00:00","ti_id":"019f0713-e7e2-7a6e-81cc-eafc40bb1446","dag_id":"netflix_dbt_pipeline","filename":"graph.py","lineno":711}
{"timestamp":"2026-06-27T03:16:17.875916Z","level":"info","event":"Total filtered nodes: 29","logger":"cosmos.dbt.graph","map_index":-1,"task_id":"netflix_models.src_ratings_run","try_number":2,"run_id":"manual__2026-06-27T03:12:59.853585+00:00","ti_id":"019f0713-e7e2-7a6e-81cc-eafc40bb1446","dag_id":"netflix_dbt_pipeline","filename":"graph.py","lineno":712}
{"timestamp":"2026-06-27T03:16:17.876112Z","level":"info","event":"Cosmos performance (netflix_dbt_pipeline__netflix_models) -  [012d72c8b52a|326]: It took 1.79s to parse the dbt project for DAG using LoadMode.DBT_LS_CACHE","logger":"cosmos.converter","map_index":-1,"task_id":"netflix_models.src_ratings_run","try_number":2,"run_id":"manual__2026-06-27T03:12:59.853585+00:00","ti_id":"019f0713-e7e2-7a6e-81cc-eafc40bb1446","dag_id":"netflix_dbt_pipeline","filename":"converter.py","lineno":340}
{"timestamp":"2026-06-27T03:16:18.075938Z","level":"info","event":"Cosmos performance (netflix_dbt_pipeline__netflix_models) - [012d72c8b52a|326]: It took 0.199s to build the Airflow DAG.","logger":"cosmos.converter","map_index":-1,"task_id":"netflix_models.src_ratings_run","try_number":2,"run_id":"manual__2026-06-27T03:12:59.853585+00:00","ti_id":"019f0713-e7e2-7a6e-81cc-eafc40bb1446","dag_id":"netflix_dbt_pipeline","filename":"converter.py","lineno":387}
{"timestamp":"2026-06-27T03:16:18.076846Z","level":"info","event":"::endgroup::Cosmos DAG parsing logs","logger":"cosmos.converter","map_index":-1,"task_id":"netflix_models.src_ratings_run","try_number":2,"run_id":"manual__2026-06-27T03:12:59.853585+00:00","ti_id":"019f0713-e7e2-7a6e-81cc-eafc40bb1446","dag_id":"netflix_dbt_pipeline","filename":"converter.py","lineno":390}
{"timestamp":"2026-06-27T03:16:18.079014Z","level":"warning","event":"Using Variable.get from `airflow.models` is deprecated.Please use `get` on Variable from sdk(`airflow.sdk.Variable`) instead","category":"UserWarning","filename":"/home/airflow/.local/lib/python3.12/site-packages/airflow/models/variable.py","lineno":159,"map_index":-1,"task_id":"netflix_models.src_ratings_run","try_number":2,"run_id":"manual__2026-06-27T03:12:59.853585+00:00","ti_id":"019f0713-e7e2-7a6e-81cc-eafc40bb1446","dag_id":"netflix_dbt_pipeline","logger":"py.warnings"}
{"timestamp":"2026-06-27T03:16:18.203556Z","level":"info","event":"Task instance is in running state","logger":"task.stdout"}
{"timestamp":"2026-06-27T03:16:18.204762Z","level":"info","event":" Previous state of the Task instance: TaskInstanceState.QUEUED","logger":"task.stdout"}
{"timestamp":"2026-06-27T03:16:18.205808Z","level":"info","event":"Current task name:netflix_models.src_ratings_run","logger":"task.stdout"}
{"timestamp":"2026-06-27T03:16:18.206550Z","level":"info","event":"Dag name:netflix_dbt_pipeline","logger":"task.stdout"}
{"timestamp":"2026-06-27T03:16:18.205816Z","level":"info","event":"::endgroup::","map_index":-1,"task_id":"netflix_models.src_ratings_run","try_number":2,"run_id":"manual__2026-06-27T03:12:59.853585+00:00","ti_id":"019f0713-e7e2-7a6e-81cc-eafc40bb1446","dag_id":"netflix_dbt_pipeline","logger":"task","filename":"task_runner.py","lineno":1727}
{"timestamp":"2026-06-27T03:16:22.414154Z","level":"info","event":"dbtRunner is available. Using dbtRunner for invoking dbt.","logger":"cosmos.operators.local","map_index":-1,"task_id":"netflix_models.src_ratings_run","try_number":2,"run_id":"manual__2026-06-27T03:12:59.853585+00:00","ti_id":"019f0713-e7e2-7a6e-81cc-eafc40bb1446","dag_id":"netflix_dbt_pipeline","filename":"local.py","lineno":269}
{"timestamp":"2026-06-27T03:16:22.426467Z","level":"info","event":"Cloning project to writable temp directory /tmp/tmp7o18suyy from /opt/airflow/dbt/netflix","logger":"cosmos.operators.local","map_index":-1,"task_id":"netflix_models.src_ratings_run","try_number":2,"run_id":"manual__2026-06-27T03:12:59.853585+00:00","ti_id":"019f0713-e7e2-7a6e-81cc-eafc40bb1446","dag_id":"netflix_dbt_pipeline","filename":"local.py","lineno":494}
{"timestamp":"2026-06-27T03:16:22.449706Z","level":"info","event":"Partial parse is enabled and the latest partial parse file is /tmp/cosmos/netflix_dbt_pipeline__netflix_models/target/partial_parse.msgpack","logger":"cosmos.operators.local","map_index":-1,"task_id":"netflix_models.src_ratings_run","try_number":2,"run_id":"manual__2026-06-27T03:12:59.853585+00:00","ti_id":"019f0713-e7e2-7a6e-81cc-eafc40bb1446","dag_id":"netflix_dbt_pipeline","filename":"local.py","lineno":514}
{"timestamp":"2026-06-27T03:16:22.506834Z","level":"info","event":"Profile caching is enable.","logger":"cosmos.config","map_index":-1,"task_id":"netflix_models.src_ratings_run","try_number":2,"run_id":"manual__2026-06-27T03:12:59.853585+00:00","ti_id":"019f0713-e7e2-7a6e-81cc-eafc40bb1446","dag_id":"netflix_dbt_pipeline","filename":"config.py","lineno":382}
{"timestamp":"2026-06-27T03:16:22.612193Z","level":"info","event":"Profile found in cache using profile: /tmp/cosmos/profile/393fe3eb83c64251326783135b147a21d556e0f7a18f27fac62e71257758b615/profiles.yml.","logger":"cosmos.config","map_index":-1,"task_id":"netflix_models.src_ratings_run","try_number":2,"run_id":"manual__2026-06-27T03:12:59.853585+00:00","ti_id":"019f0713-e7e2-7a6e-81cc-eafc40bb1446","dag_id":"netflix_dbt_pipeline","filename":"config.py","lineno":362}
{"timestamp":"2026-06-27T03:16:22.632555Z","level":"info","event":"Trying to run dbtRunner with:\n ['deps', '--project-dir', '/tmp/tmp7o18suyy', '--profiles-dir', '/tmp/cosmos/profile/393fe3eb83c64251326783135b147a21d556e0f7a18f27fac62e71257758b615', '--profile', 'netflix', '--target', 'dev', '--no-static-parser']\n in /tmp/tmp7o18suyy","logger":"cosmos.dbt.runner","map_index":-1,"task_id":"netflix_models.src_ratings_run","try_number":2,"run_id":"manual__2026-06-27T03:12:59.853585+00:00","ti_id":"019f0713-e7e2-7a6e-81cc-eafc40bb1446","dag_id":"netflix_dbt_pipeline","filename":"runner.py","lineno":98}
{"timestamp":"2026-06-27T03:16:22.919623Z","level":"info","event":"\u001b[0m03:16:22  Running with dbt=1.11.11","logger":"task.stdout"}
{"timestamp":"2026-06-27T03:16:24.232462Z","level":"info","event":"\u001b[0m03:16:24  Installing dbt-labs/dbt_utils","logger":"task.stdout"}
{"timestamp":"2026-06-27T03:16:25.544472Z","level":"info","event":"\u001b[0m03:16:25  Installed from version 1.4.0","logger":"task.stdout"}
{"timestamp":"2026-06-27T03:16:25.545308Z","level":"info","event":"\u001b[0m03:16:25  Up to date!","logger":"task.stdout"}
{"timestamp":"2026-06-27T03:16:26.797545Z","level":"info","event":"Trying to run dbtRunner with:\n ['run', '--select', 'fqn:netflix.staging.src_ratings', '--project-dir', '/tmp/tmp7o18suyy', '--profiles-dir', '/tmp/cosmos/profile/393fe3eb83c64251326783135b147a21d556e0f7a18f27fac62e71257758b615', '--profile', 'netflix', '--target', 'dev', '--no-static-parser']\n in /tmp/tmp7o18suyy","logger":"cosmos.dbt.runner","map_index":-1,"task_id":"netflix_models.src_ratings_run","try_number":2,"run_id":"manual__2026-06-27T03:12:59.853585+00:00","ti_id":"019f0713-e7e2-7a6e-81cc-eafc40bb1446","dag_id":"netflix_dbt_pipeline","filename":"runner.py","lineno":98}
{"timestamp":"2026-06-27T03:16:26.847667Z","level":"info","event":"\u001b[0m03:16:26  Running with dbt=1.11.11","logger":"task.stdout"}
{"timestamp":"2026-06-27T03:16:27.256281Z","level":"warning","event":"urllib3 (2.5.0) or chardet (6.0.0.post1)/charset_normalizer (3.4.7) doesn't match a supported version!","category":"RequestsDependencyWarning","filename":"/home/airflow/.local/lib/python3.12/site-packages/snowflake/connector/vendored/requests/__init__.py","lineno":113,"map_index":-1,"task_id":"netflix_models.src_ratings_run","try_number":2,"run_id":"manual__2026-06-27T03:12:59.853585+00:00","ti_id":"019f0713-e7e2-7a6e-81cc-eafc40bb1446","dag_id":"netflix_dbt_pipeline","logger":"py.warnings"}
{"timestamp":"2026-06-27T03:16:31.025494Z","level":"info","event":"\u001b[0m03:16:31  Registered adapter: snowflake=1.8.4","logger":"task.stdout"}
{"timestamp":"2026-06-27T03:16:40.377857Z","level":"info","event":"\u001b[0m03:16:40  Unable to do partial parsing because config vars, config profile, or config target have changed","logger":"task.stdout"}
{"timestamp":"2026-06-27T03:16:40.387192Z","level":"info","event":"\u001b[0m03:16:40  Unable to do partial parsing because profile has changed","logger":"task.stdout"}
{"timestamp":"2026-06-27T03:16:55.539426Z","level":"info","event":"\u001b[0m03:16:55  [\u001b[33mWARNING\u001b[0m][MissingArgumentsPropertyInGenericTestDeprecation]: Deprecated","logger":"task.stdout"}
{"timestamp":"2026-06-27T03:16:55.540173Z","level":"info","event":"functionality","logger":"task.stdout"}
{"timestamp":"2026-06-27T03:16:55.540589Z","level":"info","event":"Found top-level arguments to test `relationships` defined on 'fct_ratings' in","logger":"task.stdout"}
{"timestamp":"2026-06-27T03:16:55.540985Z","level":"info","event":"package 'netflix' (models/schema.yml). Arguments to generic tests should be","logger":"task.stdout"}
{"timestamp":"2026-06-27T03:16:55.541347Z","level":"info","event":"nested under the `arguments` property.","logger":"task.stdout"}
{"timestamp":"2026-06-27T03:16:59.402998Z","level":"info","event":"\u001b[0m03:16:59  Found 13 models, 1 snapshot, 13 data tests, 1 seed, 1 source, 620 macros","logger":"task.stdout"}
{"timestamp":"2026-06-27T03:16:59.407122Z","level":"info","event":"\u001b[0m03:16:59","logger":"task.stdout"}
{"timestamp":"2026-06-27T03:16:59.407965Z","level":"info","event":"\u001b[0m03:16:59  Concurrency: 4 threads (target='dev')","logger":"task.stdout"}
{"timestamp":"2026-06-27T03:16:59.408680Z","level":"info","event":"\u001b[0m03:16:59","logger":"task.stdout"}
{"timestamp":"2026-06-27T03:16:59.429317Z","level":"info","event":"Snowflake Connector for Python Version: 3.18.0, Python Version: 3.12.13, Platform: Linux-6.18.33.1-microsoft-standard-WSL2-x86_64-with-glibc2.36","logger":"snowflake.connector.connection","filename":"connection.py","lineno":521}
{"timestamp":"2026-06-27T03:16:59.431014Z","level":"info","event":"Connecting to GLOBAL Snowflake domain","logger":"snowflake.connector.connection","filename":"connection.py","lineno":1464}
{"timestamp":"2026-06-27T03:17:06.135536Z","level":"info","event":"\u001b[0m03:17:06","logger":"task.stdout"}
{"timestamp":"2026-06-27T03:17:06.136911Z","level":"info","event":"\u001b[0m03:17:06  Finished running  in 0 hours 0 minutes and 6.73 seconds (6.73s).","logger":"task.stdout"}
{"timestamp":"2026-06-27T03:17:06.138481Z","level":"info","event":"\u001b[0m03:17:06  Encountered an error:","logger":"task.stdout"}
{"timestamp":"2026-06-27T03:17:06.139158Z","level":"info","event":"Runtime Error","logger":"task.stdout"}
{"timestamp":"2026-06-27T03:17:06.139605Z","level":"info","event":"  Database error while listing schemas in database \"PROJECT_DB\"","logger":"task.stdout"}
{"timestamp":"2026-06-27T03:17:06.140031Z","level":"info","event":"  Database Error","logger":"task.stdout"}
{"timestamp":"2026-06-27T03:17:06.140432Z","level":"info","event":"    250001 (08001): None: Failed to connect to DB: KSEVHVG-LZ08773.snowflakecomputing.com:443. Incorrect username or password was specified.","logger":"task.stdout"}
{"timestamp":"2026-06-27T03:17:06.140976Z","level":"info","event":"\u001b[0m03:17:06  [\u001b[33mWARNING\u001b[0m][DeprecationsSummary]: Deprecated functionality","logger":"task.stdout"}
{"timestamp":"2026-06-27T03:17:06.141405Z","level":"info","event":"Summary of encountered deprecations:","logger":"task.stdout"}
{"timestamp":"2026-06-27T03:17:06.141904Z","level":"info","event":"- MissingArgumentsPropertyInGenericTestDeprecation: 1 occurrence","logger":"task.stdout"}
{"timestamp":"2026-06-27T03:17:06.142428Z","level":"info","event":"To see all deprecation instances instead of just the first occurrence of each,","logger":"task.stdout"}
{"timestamp":"2026-06-27T03:17:06.143005Z","level":"info","event":"run command again with the `--show-all-deprecations` flag. You may also need to","logger":"task.stdout"}
{"timestamp":"2026-06-27T03:17:06.143598Z","level":"info","event":"run with `--no-partial-parse` as some deprecations are only encountered during","logger":"task.stdout"}
{"timestamp":"2026-06-27T03:17:06.144354Z","level":"info","event":"parsing.","logger":"task.stdout"}
{"timestamp":"2026-06-27T03:17:07.509241Z","level":"info","event":"Inlets: []","logger":"cosmos.operators.local","map_index":-1,"task_id":"netflix_models.src_ratings_run","try_number":2,"run_id":"manual__2026-06-27T03:12:59.853585+00:00","ti_id":"019f0713-e7e2-7a6e-81cc-eafc40bb1446","dag_id":"netflix_dbt_pipeline","filename":"local.py","lineno":571}
{"timestamp":"2026-06-27T03:17:07.509582Z","level":"info","event":"Outlets: []","logger":"cosmos.operators.local","map_index":-1,"task_id":"netflix_models.src_ratings_run","try_number":2,"run_id":"manual__2026-06-27T03:12:59.853585+00:00","ti_id":"019f0713-e7e2-7a6e-81cc-eafc40bb1446","dag_id":"netflix_dbt_pipeline","filename":"local.py","lineno":572}
{"timestamp":"2026-06-27T03:17:07.509935Z","level":"info","event":"Assigning outlets with DatasetAlias in Airflow 3","logger":"cosmos.operators.local","map_index":-1,"task_id":"netflix_models.src_ratings_run","try_number":2,"run_id":"manual__2026-06-27T03:12:59.853585+00:00","ti_id":"019f0713-e7e2-7a6e-81cc-eafc40bb1446","dag_id":"netflix_dbt_pipeline","filename":"local.py","lineno":823}
{"timestamp":"2026-06-27T03:17:07.528772Z","level":"error","event":"Task failed with exception","map_index":-1,"task_id":"netflix_models.src_ratings_run","try_number":2,"run_id":"manual__2026-06-27T03:12:59.853585+00:00","ti_id":"019f0713-e7e2-7a6e-81cc-eafc40bb1446","dag_id":"netflix_dbt_pipeline","logger":"task","filename":"task_runner.py","lineno":1381,"error_detail":[{"exc_type":"CosmosDbtRunError","exc_value":"dbt invocation did not complete with unhandled error: Runtime Error\n  Database error while listing schemas in database \"PROJECT_DB\"\n  Database Error\n    250001 (08001): None: Failed to connect to DB: KSEVHVG-LZ08773.snowflakecomputing.com:443. Incorrect username or password was specified.","exc_notes":[],"syntax_error":null,"is_cause":false,"frames":[{"filename":"/home/airflow/.local/lib/python3.12/site-packages/airflow/sdk/execution_time/task_runner.py","lineno":1287,"name":"run"},{"filename":"/home/airflow/.local/lib/python3.12/site-packages/airflow/sdk/execution_time/task_runner.py","lineno":1745,"name":"_execute_task"},{"filename":"/home/airflow/.local/lib/python3.12/site-packages/cosmos/operators/base.py","lineno":346,"name":"execute"},{"filename":"/home/airflow/.local/lib/python3.12/site-packages/cosmos/operators/local.py","lineno":887,"name":"build_and_run_cmd"},{"filename":"/home/airflow/.local/lib/python3.12/site-packages/cosmos/operators/local.py","lineno":706,"name":"run_command"},{"filename":"/home/airflow/.local/lib/python3.12/site-packages/cosmos/operators/local.py","lineno":283,"name":"handle_exception_dbt_runner"},{"filename":"/home/airflow/.local/lib/python3.12/site-packages/cosmos/dbt/runner.py","lineno":155,"name":"handle_exception_if_needed"}],"is_group":false,"exceptions":[]}]}
{"timestamp":"2026-06-27T03:17:07.529262Z","level":"info","event":"::group::Post Execute","map_index":-1,"task_id":"netflix_models.src_ratings_run","try_number":2,"run_id":"manual__2026-06-27T03:12:59.853585+00:00","ti_id":"019f0713-e7e2-7a6e-81cc-eafc40bb1446","dag_id":"netflix_dbt_pipeline","logger":"task","filename":"task_runner.py","lineno":1382}
{"timestamp":"2026-06-27T03:17:08.685602Z","level":"info","event":"Task instance in failure state","logger":"task.stdout"}
{"timestamp":"2026-06-27T03:17:08.689890Z","level":"info","event":"Task start","logger":"task.stdout"}
{"timestamp":"2026-06-27T03:17:08.691216Z","level":"info","event":"Task:<Task(DbtRunLocalOperator): netflix_models.src_ratings_run>","logger":"task.stdout"}
{"timestamp":"2026-06-27T03:17:08.695951Z","level":"info","event":"Failure caused by dbt invocation did not complete with unhandled error: Runtime Error","logger":"task.stdout"}
{"timestamp":"2026-06-27T03:17:08.699675Z","level":"info","event":"  Database error while listing schemas in database \"PROJECT_DB\"","logger":"task.stdout"}
{"timestamp":"2026-06-27T03:17:08.700840Z","level":"info","event":"  Database Error","logger":"task.stdout"}
{"timestamp":"2026-06-27T03:17:08.701887Z","level":"info","event":"    250001 (08001): None: Failed to connect to DB: KSEVHVG-LZ08773.snowflakecomputing.com:443. Incorrect username or password was specified.","logger":"task.stdout"}
{"timestamp":"2026-06-27T03:17:08.691450Z","level":"info","event":"::endgroup::","map_index":-1,"task_id":"netflix_models.src_ratings_run","try_number":2,"run_id":"manual__2026-06-27T03:12:59.853585+00:00","ti_id":"019f0713-e7e2-7a6e-81cc-eafc40bb1446","dag_id":"netflix_dbt_pipeline","logger":"task","filename":"task_runner.py","lineno":1896}
{"timestamp":"2026-06-27T03:17:08.746091Z","level":"error","event":"/usr/python/lib/python3.12/multiprocessing/resource_tracker.py:279: UserWarning: resource_tracker: There appear to be 2 leaked semaphore objects to clean up at shutdown","logger":"task.stderr"}
{"timestamp":"2026-06-27T03:17:08.748244Z","level":"error","event":"  warnings.warn('resource_tracker: There appear to be %d '","logger":"task.stderr"}
